[0.021s] Invoking command in '/home/rahul/ros2_ws/build/joy_to_arm_interface': CMAKE_PREFIX_PATH=/home/rahul/ros2_ws/install/robotic_arm_interfaces:/home/rahul/ros2_ws/install/joy_to_arm_interface:/home/rahul/ros2_ws/src/install/robotic_arm_interfaces:/home/rahul/ros2_ws/install/motor_msgs:/home/rahul/ros2_ws/install/ps4_servo_control:/home/rahul/ros2_ws/install/robotic_control:/home/rahul/ros2_ws/install/robot_arm_control:/opt/ros/humble /usr/bin/cmake --build /home/rahul/ros2_ws/build/joy_to_arm_interface -- -j4 -l4
[0.064s] -- Found ament_cmake: 1.3.11 (/opt/ros/humble/share/ament_cmake/cmake)
[0.280s] -- Found rclcpp: 16.0.11 (/opt/ros/humble/share/rclcpp/cmake)
[0.326s] -- Found rosidl_generator_c: 3.1.6 (/opt/ros/humble/share/rosidl_generator_c/cmake)
[0.330s] -- Found rosidl_adapter: 3.1.6 (/opt/ros/humble/share/rosidl_adapter/cmake)
[0.339s] -- Found rosidl_generator_cpp: 3.1.6 (/opt/ros/humble/share/rosidl_generator_cpp/cmake)
[0.355s] -- Using all available rosidl_typesupport_c: rosidl_typesupport_fastrtps_c;rosidl_typesupport_introspection_c
[0.374s] -- Using all available rosidl_typesupport_cpp: rosidl_typesupport_fastrtps_cpp;rosidl_typesupport_introspection_cpp
[0.447s] -- Found rmw_implementation_cmake: 6.1.2 (/opt/ros/humble/share/rmw_implementation_cmake/cmake)
[0.450s] -- Found rmw_fastrtps_cpp: 6.2.7 (/opt/ros/humble/share/rmw_fastrtps_cpp/cmake)
[0.594s] -- Using RMW implementation 'rmw_fastrtps_cpp' as default
[0.673s] -- Found sensor_msgs: 4.2.4 (/opt/ros/humble/share/sensor_msgs/cmake)
[0.744s] -- Found robotic_arm_interfaces: 0.0.0 (/home/rahul/ros2_ws/install/robotic_arm_interfaces/share/robotic_arm_interfaces/cmake)
[0.877s] -- Configuring done
[0.900s] -- Generating done
[0.911s] -- Build files have been written to: /home/rahul/ros2_ws/build/joy_to_arm_interface
[0.969s] [ 50%] [32mBuilding CXX object CMakeFiles/ps4_control_node.dir/src/ps4_control_node.cpp.o[0m
[7.668s] [100%] [32m[1mLinking CXX executable ps4_control_node[0m
[7.999s] [100%] Built target ps4_control_node
[8.017s] Invoked command in '/home/rahul/ros2_ws/build/joy_to_arm_interface' returned '0': CMAKE_PREFIX_PATH=/home/rahul/ros2_ws/install/robotic_arm_interfaces:/home/rahul/ros2_ws/install/joy_to_arm_interface:/home/rahul/ros2_ws/src/install/robotic_arm_interfaces:/home/rahul/ros2_ws/install/motor_msgs:/home/rahul/ros2_ws/install/ps4_servo_control:/home/rahul/ros2_ws/install/robotic_control:/home/rahul/ros2_ws/install/robot_arm_control:/opt/ros/humble /usr/bin/cmake --build /home/rahul/ros2_ws/build/joy_to_arm_interface -- -j4 -l4
[8.020s] Invoking command in '/home/rahul/ros2_ws/build/joy_to_arm_interface': CMAKE_PREFIX_PATH=/home/rahul/ros2_ws/install/robotic_arm_interfaces:/home/rahul/ros2_ws/install/joy_to_arm_interface:/home/rahul/ros2_ws/src/install/robotic_arm_interfaces:/home/rahul/ros2_ws/install/motor_msgs:/home/rahul/ros2_ws/install/ps4_servo_control:/home/rahul/ros2_ws/install/robotic_control:/home/rahul/ros2_ws/install/robot_arm_control:/opt/ros/humble /usr/bin/cmake --install /home/rahul/ros2_ws/build/joy_to_arm_interface
[8.038s] -- Install configuration: ""
[8.039s] -- Installing: /home/rahul/ros2_ws/install/joy_to_arm_interface/lib/joy_to_arm_interface/ps4_control_node
[8.041s] -- Set runtime path of "/home/rahul/ros2_ws/install/joy_to_arm_interface/lib/joy_to_arm_interface/ps4_control_node" to ""
[8.042s] -- Up-to-date: /home/rahul/ros2_ws/install/joy_to_arm_interface/share/ament_index/resource_index/package_run_dependencies/joy_to_arm_interface
[8.042s] -- Installing: /home/rahul/ros2_ws/install/joy_to_arm_interface/share/ament_index/resource_index/parent_prefix_path/joy_to_arm_interface
[8.042s] -- Up-to-date: /home/rahul/ros2_ws/install/joy_to_arm_interface/share/joy_to_arm_interface/environment/ament_prefix_path.sh
[8.042s] -- Installing: /home/rahul/ros2_ws/install/joy_to_arm_interface/share/joy_to_arm_interface/environment/ament_prefix_path.dsv
[8.043s] -- Up-to-date: /home/rahul/ros2_ws/install/joy_to_arm_interface/share/joy_to_arm_interface/environment/path.sh
[8.043s] -- Installing: /home/rahul/ros2_ws/install/joy_to_arm_interface/share/joy_to_arm_interface/environment/path.dsv
[8.043s] -- Up-to-date: /home/rahul/ros2_ws/install/joy_to_arm_interface/share/joy_to_arm_interface/local_setup.bash
[8.043s] -- Up-to-date: /home/rahul/ros2_ws/install/joy_to_arm_interface/share/joy_to_arm_interface/local_setup.sh
[8.043s] -- Up-to-date: /home/rahul/ros2_ws/install/joy_to_arm_interface/share/joy_to_arm_interface/local_setup.zsh
[8.043s] -- Installing: /home/rahul/ros2_ws/install/joy_to_arm_interface/share/joy_to_arm_interface/local_setup.dsv
[8.044s] -- Installing: /home/rahul/ros2_ws/install/joy_to_arm_interface/share/joy_to_arm_interface/package.dsv
[8.044s] -- Up-to-date: /home/rahul/ros2_ws/install/joy_to_arm_interface/share/ament_index/resource_index/packages/joy_to_arm_interface
[8.044s] -- Up-to-date: /home/rahul/ros2_ws/install/joy_to_arm_interface/share/joy_to_arm_interface/cmake/joy_to_arm_interfaceConfig.cmake
[8.044s] -- Up-to-date: /home/rahul/ros2_ws/install/joy_to_arm_interface/share/joy_to_arm_interface/cmake/joy_to_arm_interfaceConfig-version.cmake
[8.044s] -- Up-to-date: /home/rahul/ros2_ws/install/joy_to_arm_interface/share/joy_to_arm_interface/package.xml
[8.047s] Invoked command in '/home/rahul/ros2_ws/build/joy_to_arm_interface' returned '0': CMAKE_PREFIX_PATH=/home/rahul/ros2_ws/install/robotic_arm_interfaces:/home/rahul/ros2_ws/install/joy_to_arm_interface:/home/rahul/ros2_ws/src/install/robotic_arm_interfaces:/home/rahul/ros2_ws/install/motor_msgs:/home/rahul/ros2_ws/install/ps4_servo_control:/home/rahul/ros2_ws/install/robotic_control:/home/rahul/ros2_ws/install/robot_arm_control:/opt/ros/humble /usr/bin/cmake --install /home/rahul/ros2_ws/build/joy_to_arm_interface
