[0.033s] Invoking command in '/home/rahul/robotic_arm/build/CMSISDSP': /usr/bin/cmake /home/rahul/robotic_arm/f401re_micro_ros/Drivers/CMSIS/DSP/Source -DCMAKE_INSTALL_PREFIX=/home/rahul/robotic_arm/install/CMSISDSP
[0.304s] -- The C compiler identification is GNU 11.4.0
[0.506s] -- The CXX compiler identification is GNU 11.4.0
[0.526s] -- Detecting C compiler ABI info
[0.688s] -- Detecting C compiler ABI info - done
[0.707s] -- Check for working C compiler: /usr/bin/cc - skipped
[0.708s] -- Detecting C compile features
[0.708s] -- Detecting C compile features - done
[0.717s] -- Detecting CXX compiler ABI info
[0.899s] -- Detecting CXX compiler ABI info - done
[0.924s] -- Check for working CXX compiler: /usr/bin/c++ - skipped
[0.924s] -- Detecting CXX compile features
[0.927s] -- Detecting CXX compile features - done
[0.929s] [31mCMake Error at CMakeLists.txt:12 (include):
[0.929s]   include could not find requested file:
[0.930s] 
[0.930s]     configLib
[0.930s] 
[0.934s] [0m
[0.935s] [31mCMake Error at BasicMathFunctions/CMakeLists.txt:5 (include):
[0.935s]   include could not find requested file:
[0.935s] 
[0.935s]     configLib
[0.935s] 
[0.936s] [0m
[0.936s] [31mCMake Error at BasicMathFunctions/CMakeLists.txt:6 (include):
[0.936s]   include could not find requested file:
[0.936s] 
[0.936s]     configDsp
[0.937s] 
[0.937s] [0m
[0.937s] [31mCMake Error at BasicMathFunctions/CMakeLists.txt:34 (configLib):
[0.937s]   Unknown CMake command "configLib".
[0.937s] 
[0.937s] [0m
[0.938s] -- Configuring incomplete, errors occurred!
[0.938s] See also "/home/rahul/robotic_arm/build/CMSISDSP/CMakeFiles/CMakeOutput.log".
