[0.030s] Invoking command in '/home/rahul/robotic_arm/f401re_micro_ros/build/arm_class_marks_example': /usr/bin/cmake /home/rahul/robotic_arm/f401re_micro_ros/Drivers/CMSIS/DSP/Examples/ARM/arm_class_marks_example -DCMAKE_INSTALL_PREFIX=/home/rahul/robotic_arm/f401re_micro_ros/install/arm_class_marks_example
[0.161s] -- The C compiler identification is GNU 11.4.0
[0.297s] -- The CXX compiler identification is GNU 11.4.0
[0.316s] -- Detecting C compiler ABI info
[0.468s] -- Detecting C compiler ABI info - done
[0.489s] -- Check for working C compiler: /usr/bin/cc - skipped
[0.489s] -- Detecting C compile features
[0.489s] -- Detecting C compile features - done
[0.497s] -- Detecting CXX compiler ABI info
[0.688s] -- Detecting CXX compiler ABI info - done
[0.717s] -- Check for working CXX compiler: /usr/bin/c++ - skipped
[0.717s] -- Detecting CXX compile features
[0.718s] -- Detecting CXX compile features - done
[0.719s] [31mCMake Error at /home/rahul/robotic_arm/f401re_micro_ros/Drivers/CMSIS/DSP/Source/CMakeLists.txt:12 (include):
[0.720s]   include could not find requested file:
[0.720s] 
[0.720s]     configLib
[0.720s] 
[0.720s] [0m
[0.720s] [31mCMake Error at /home/rahul/robotic_arm/f401re_micro_ros/Drivers/CMSIS/DSP/Source/BasicMathFunctions/CMakeLists.txt:5 (include):
[0.720s]   include could not find requested file:
[0.720s] 
[0.721s]     configLib
[0.721s] 
[0.721s] [0m
[0.721s] [31mCMake Error at /home/rahul/robotic_arm/f401re_micro_ros/Drivers/CMSIS/DSP/Source/BasicMathFunctions/CMakeLists.txt:6 (include):
[0.721s]   include could not find requested file:
[0.721s] 
[0.721s]     configDsp
[0.721s] 
[0.722s] [0m
[0.722s] [31mCMake Error at /home/rahul/robotic_arm/f401re_micro_ros/Drivers/CMSIS/DSP/Source/BasicMathFunctions/CMakeLists.txt:34 (configLib):
[0.722s]   Unknown CMake command "configLib".
[0.722s] 
[0.722s] [0m
[0.722s] -- Configuring incomplete, errors occurred!
[0.722s] See also "/home/rahul/robotic_arm/f401re_micro_ros/build/arm_class_marks_example/CMakeFiles/CMakeOutput.log".
