running egg_info
creating ../../build/ps4_servo_control/ps4_servo_control.egg-info
writing ../../build/ps4_servo_control/ps4_servo_control.egg-info/PKG-INFO
writing dependency_links to ../../build/ps4_servo_control/ps4_servo_control.egg-info/dependency_links.txt
writing entry points to ../../build/ps4_servo_control/ps4_servo_control.egg-info/entry_points.txt
writing requirements to ../../build/ps4_servo_control/ps4_servo_control.egg-info/requires.txt
writing top-level names to ../../build/ps4_servo_control/ps4_servo_control.egg-info/top_level.txt
writing manifest file '../../build/ps4_servo_control/ps4_servo_control.egg-info/SOURCES.txt'
reading manifest file '../../build/ps4_servo_control/ps4_servo_control.egg-info/SOURCES.txt'
writing manifest file '../../build/ps4_servo_control/ps4_servo_control.egg-info/SOURCES.txt'
running build
running build_py
creating /home/rahul/ros2_ws/build/ps4_servo_control/build
creating /home/rahul/ros2_ws/build/ps4_servo_control/build/lib
creating /home/rahul/ros2_ws/build/ps4_servo_control/build/lib/ps4_servo_control
copying ps4_servo_control/ps4_control_node.py -> /home/rahul/ros2_ws/build/ps4_servo_control/build/lib/ps4_servo_control
copying ps4_servo_control/__init__.py -> /home/rahul/ros2_ws/build/ps4_servo_control/build/lib/ps4_servo_control
running install
running install_lib
creating /home/rahul/ros2_ws/install/ps4_servo_control/lib/python3.10/site-packages/ps4_servo_control
copying /home/rahul/ros2_ws/build/ps4_servo_control/build/lib/ps4_servo_control/ps4_control_node.py -> /home/rahul/ros2_ws/install/ps4_servo_control/lib/python3.10/site-packages/ps4_servo_control
copying /home/rahul/ros2_ws/build/ps4_servo_control/build/lib/ps4_servo_control/__init__.py -> /home/rahul/ros2_ws/install/ps4_servo_control/lib/python3.10/site-packages/ps4_servo_control
byte-compiling /home/rahul/ros2_ws/install/ps4_servo_control/lib/python3.10/site-packages/ps4_servo_control/ps4_control_node.py to ps4_control_node.cpython-310.pyc
byte-compiling /home/rahul/ros2_ws/install/ps4_servo_control/lib/python3.10/site-packages/ps4_servo_control/__init__.py to __init__.cpython-310.pyc
running install_data
creating /home/rahul/ros2_ws/install/ps4_servo_control/share/ament_index
creating /home/rahul/ros2_ws/install/ps4_servo_control/share/ament_index/resource_index
creating /home/rahul/ros2_ws/install/ps4_servo_control/share/ament_index/resource_index/packages
copying resource/ps4_servo_control -> /home/rahul/ros2_ws/install/ps4_servo_control/share/ament_index/resource_index/packages
copying package.xml -> /home/rahul/ros2_ws/install/ps4_servo_control/share/ps4_servo_control
creating /home/rahul/ros2_ws/install/ps4_servo_control/share/ps4_servo_control/msg
copying msg/ServoStepperCommand.msg -> /home/rahul/ros2_ws/install/ps4_servo_control/share/ps4_servo_control/msg
running install_egg_info
Copying ../../build/ps4_servo_control/ps4_servo_control.egg-info to /home/rahul/ros2_ws/install/ps4_servo_control/lib/python3.10/site-packages/ps4_servo_control-0.0.0-py3.10.egg-info
running install_scripts
Installing ps4_control_node script to /home/rahul/ros2_ws/install/ps4_servo_control/lib/ps4_servo_control
writing list of installed files to '/home/rahul/ros2_ws/build/ps4_servo_control/install.log'
