[1.187s] Invoking command in '/home/rahul/ros2_ws/src/ps4_servo_control': PYTHONPATH=/home/rahul/ros2_ws/build/ps4_servo_control/prefix_override:/usr/lib/python3/dist-packages/colcon_core/task/python/colcon_distutils_commands:/home/rahul/ros2_ws/install/ps4_servo_control/lib/python3.10/site-packages:${PYTHONPATH} /usr/bin/python3 -W ignore:setup.py install is deprecated -W ignore:easy_install command is deprecated setup.py egg_info --egg-base ../../build/ps4_servo_control build --build-base /home/rahul/ros2_ws/build/ps4_servo_control/build install --record /home/rahul/ros2_ws/build/ps4_servo_control/install.log --single-version-externally-managed install_data
[1.724s] running egg_info
[1.726s] creating ../../build/ps4_servo_control/ps4_servo_control.egg-info
[1.726s] writing ../../build/ps4_servo_control/ps4_servo_control.egg-info/PKG-INFO
[1.726s] writing dependency_links to ../../build/ps4_servo_control/ps4_servo_control.egg-info/dependency_links.txt
[1.726s] writing entry points to ../../build/ps4_servo_control/ps4_servo_control.egg-info/entry_points.txt
[1.727s] writing requirements to ../../build/ps4_servo_control/ps4_servo_control.egg-info/requires.txt
[1.727s] writing top-level names to ../../build/ps4_servo_control/ps4_servo_control.egg-info/top_level.txt
[1.727s] writing manifest file '../../build/ps4_servo_control/ps4_servo_control.egg-info/SOURCES.txt'
[1.731s] reading manifest file '../../build/ps4_servo_control/ps4_servo_control.egg-info/SOURCES.txt'
[1.733s] writing manifest file '../../build/ps4_servo_control/ps4_servo_control.egg-info/SOURCES.txt'
[1.733s] running build
[1.733s] running build_py
[1.733s] creating /home/rahul/ros2_ws/build/ps4_servo_control/build
[1.733s] creating /home/rahul/ros2_ws/build/ps4_servo_control/build/lib
[1.733s] creating /home/rahul/ros2_ws/build/ps4_servo_control/build/lib/ps4_servo_control
[1.734s] copying ps4_servo_control/ps4_control_node.py -> /home/rahul/ros2_ws/build/ps4_servo_control/build/lib/ps4_servo_control
[1.734s] copying ps4_servo_control/__init__.py -> /home/rahul/ros2_ws/build/ps4_servo_control/build/lib/ps4_servo_control
[1.734s] running install
[1.735s] running install_lib
[1.736s] creating /home/rahul/ros2_ws/install/ps4_servo_control/lib/python3.10/site-packages/ps4_servo_control
[1.736s] copying /home/rahul/ros2_ws/build/ps4_servo_control/build/lib/ps4_servo_control/ps4_control_node.py -> /home/rahul/ros2_ws/install/ps4_servo_control/lib/python3.10/site-packages/ps4_servo_control
[1.737s] copying /home/rahul/ros2_ws/build/ps4_servo_control/build/lib/ps4_servo_control/__init__.py -> /home/rahul/ros2_ws/install/ps4_servo_control/lib/python3.10/site-packages/ps4_servo_control
[1.737s] byte-compiling /home/rahul/ros2_ws/install/ps4_servo_control/lib/python3.10/site-packages/ps4_servo_control/ps4_control_node.py to ps4_control_node.cpython-310.pyc
[1.738s] byte-compiling /home/rahul/ros2_ws/install/ps4_servo_control/lib/python3.10/site-packages/ps4_servo_control/__init__.py to __init__.cpython-310.pyc
[1.739s] running install_data
[1.739s] creating /home/rahul/ros2_ws/install/ps4_servo_control/share/ament_index
[1.739s] creating /home/rahul/ros2_ws/install/ps4_servo_control/share/ament_index/resource_index
[1.739s] creating /home/rahul/ros2_ws/install/ps4_servo_control/share/ament_index/resource_index/packages
[1.739s] copying resource/ps4_servo_control -> /home/rahul/ros2_ws/install/ps4_servo_control/share/ament_index/resource_index/packages
[1.740s] copying package.xml -> /home/rahul/ros2_ws/install/ps4_servo_control/share/ps4_servo_control
[1.740s] creating /home/rahul/ros2_ws/install/ps4_servo_control/share/ps4_servo_control/msg
[1.740s] copying msg/ServoStepperCommand.msg -> /home/rahul/ros2_ws/install/ps4_servo_control/share/ps4_servo_control/msg
[1.740s] running install_egg_info
[1.744s] Copying ../../build/ps4_servo_control/ps4_servo_control.egg-info to /home/rahul/ros2_ws/install/ps4_servo_control/lib/python3.10/site-packages/ps4_servo_control-0.0.0-py3.10.egg-info
[1.746s] running install_scripts
[1.789s] Installing ps4_control_node script to /home/rahul/ros2_ws/install/ps4_servo_control/lib/ps4_servo_control
[1.790s] writing list of installed files to '/home/rahul/ros2_ws/build/ps4_servo_control/install.log'
[1.844s] Invoked command in '/home/rahul/ros2_ws/src/ps4_servo_control' returned '0': PYTHONPATH=/home/rahul/ros2_ws/build/ps4_servo_control/prefix_override:/usr/lib/python3/dist-packages/colcon_core/task/python/colcon_distutils_commands:/home/rahul/ros2_ws/install/ps4_servo_control/lib/python3.10/site-packages:${PYTHONPATH} /usr/bin/python3 -W ignore:setup.py install is deprecated -W ignore:easy_install command is deprecated setup.py egg_info --egg-base ../../build/ps4_servo_control build --build-base /home/rahul/ros2_ws/build/ps4_servo_control/build install --record /home/rahul/ros2_ws/build/ps4_servo_control/install.log --single-version-externally-managed install_data
