-- The C compiler identification is GNU 11.4.0
-- The CXX compiler identification is GNU 11.4.0
-- Detecting C compiler ABI info
-- Detecting C compiler ABI info - done
-- Check for working C compiler: /usr/bin/cc - skipped
-- Detecting C compile features
-- Detecting C compile features - done
-- Detecting CXX compiler ABI info
-- Detecting CXX compiler ABI info - done
-- Check for working CXX compiler: /usr/bin/c++ - skipped
-- Detecting CXX compile features
-- Detecting CXX compile features - done
[31mCMake Error at /home/rahul/robotic_arm/f401re_micro_ros/Drivers/CMSIS/DSP/Source/CMakeLists.txt:12 (include):
  include could not find requested file:

    configLib

[0m
[31mCMake Error at /home/rahul/robotic_arm/f401re_micro_ros/Drivers/CMSIS/DSP/Source/BasicMathFunctions/CMakeLists.txt:5 (include):
  include could not find requested file:

    configLib

[0m
[31mCMake Error at /home/rahul/robotic_arm/f401re_micro_ros/Drivers/CMSIS/DSP/Source/BasicMathFunctions/CMakeLists.txt:6 (include):
  include could not find requested file:

    configDsp

[0m
[31mCMake Error at /home/rahul/robotic_arm/f401re_micro_ros/Drivers/CMSIS/DSP/Source/BasicMathFunctions/CMakeLists.txt:34 (configLib):
  Unknown CMake command "configLib".

[0m
-- Configuring incomplete, errors occurred!
See also "/home/rahul/robotic_arm/f401re_micro_ros/build/arm_bayes_example/CMakeFiles/CMakeOutput.log".
