[0.321s] DEBUG:colcon:Command line arguments: ['/usr/bin/colcon', 'build']
[0.321s] DEBUG:colcon:Parsed command line arguments: Namespace(log_base=None, log_level=None, verb_name='build', build_base='build', install_base='install', merge_install=False, symlink_install=False, test_result_base=None, continue_on_error=False, executor='parallel', parallel_workers=4, event_handlers=None, ignore_user_meta=False, metas=['./colcon.meta'], base_paths=['.'], packages_ignore=None, packages_ignore_regex=None, paths=None, packages_up_to=None, packages_up_to_regex=None, packages_above=None, packages_above_and_dependencies=None, packages_above_depth=None, packages_select_by_dep=None, packages_skip_by_dep=None, packages_skip_up_to=None, packages_select_build_failed=False, packages_skip_build_finished=False, packages_select_test_failures=False, packages_skip_test_passed=False, packages_select=None, packages_skip=None, packages_select_regex=None, packages_skip_regex=None, packages_start=None, packages_end=None, allow_overriding=[], cmake_args=None, cmake_target=None, cmake_target_skip_unavailable=False, cmake_clean_cache=False, cmake_clean_first=False, cmake_force_configure=False, ament_cmake_args=None, catkin_cmake_args=None, catkin_skip_building_tests=False, verb_parser=<colcon_defaults.argument_parser.defaults.DefaultArgumentsDecorator object at 0x71b1c8564c10>, verb_extension=<colcon_core.verb.build.BuildVerb object at 0x71b1c86d6170>, main=<bound method BuildVerb.main of <colcon_core.verb.build.BuildVerb object at 0x71b1c86d6170>>)
[0.784s] Level 1:colcon.colcon_core.package_discovery:discover_packages(colcon_meta) check parameters
[0.784s] Level 1:colcon.colcon_core.package_discovery:discover_packages(recursive) check parameters
[0.784s] Level 1:colcon.colcon_core.package_discovery:discover_packages(ignore) check parameters
[0.784s] Level 1:colcon.colcon_core.package_discovery:discover_packages(path) check parameters
[0.784s] Level 1:colcon.colcon_core.package_discovery:discover_packages(colcon_meta) discover
[0.784s] Level 1:colcon.colcon_core.package_discovery:discover_packages(recursive) discover
[0.785s] INFO:colcon.colcon_core.package_discovery:Crawling recursively for packages in '/home/rahul/ros2_ws'
[0.785s] Level 1:colcon.colcon_core.package_identification:_identify(.) by extensions ['ignore', 'ignore_ament_install']
[0.785s] Level 1:colcon.colcon_core.package_identification:_identify(.) by extension 'ignore'
[0.785s] Level 1:colcon.colcon_core.package_identification:_identify(.) by extension 'ignore_ament_install'
[0.785s] Level 1:colcon.colcon_core.package_identification:_identify(.) by extensions ['colcon_pkg']
[0.785s] Level 1:colcon.colcon_core.package_identification:_identify(.) by extension 'colcon_pkg'
[0.785s] Level 1:colcon.colcon_core.package_identification:_identify(.) by extensions ['colcon_meta']
[0.785s] Level 1:colcon.colcon_core.package_identification:_identify(.) by extension 'colcon_meta'
[0.785s] Level 1:colcon.colcon_core.package_identification:_identify(.) by extensions ['ros']
[0.785s] Level 1:colcon.colcon_core.package_identification:_identify(.) by extension 'ros'
[0.819s] Level 1:colcon.colcon_core.package_identification:_identify(.) by extensions ['cmake', 'python']
[0.819s] Level 1:colcon.colcon_core.package_identification:_identify(.) by extension 'cmake'
[0.819s] Level 1:colcon.colcon_core.package_identification:_identify(.) by extension 'python'
[0.819s] Level 1:colcon.colcon_core.package_identification:_identify(.) by extensions ['python_setup_py']
[0.819s] Level 1:colcon.colcon_core.package_identification:_identify(.) by extension 'python_setup_py'
[0.820s] Level 1:colcon.colcon_core.package_identification:_identify(build) by extensions ['ignore', 'ignore_ament_install']
[0.820s] Level 1:colcon.colcon_core.package_identification:_identify(build) by extension 'ignore'
[0.820s] Level 1:colcon.colcon_core.package_identification:_identify(build) ignored
[0.820s] Level 1:colcon.colcon_core.package_identification:_identify(install) by extensions ['ignore', 'ignore_ament_install']
[0.821s] Level 1:colcon.colcon_core.package_identification:_identify(install) by extension 'ignore'
[0.821s] Level 1:colcon.colcon_core.package_identification:_identify(install) ignored
[0.821s] Level 1:colcon.colcon_core.package_identification:_identify(log) by extensions ['ignore', 'ignore_ament_install']
[0.821s] Level 1:colcon.colcon_core.package_identification:_identify(log) by extension 'ignore'
[0.821s] Level 1:colcon.colcon_core.package_identification:_identify(log) ignored
[0.821s] Level 1:colcon.colcon_core.package_identification:_identify(src) by extensions ['ignore', 'ignore_ament_install']
[0.821s] Level 1:colcon.colcon_core.package_identification:_identify(src) by extension 'ignore'
[0.822s] Level 1:colcon.colcon_core.package_identification:_identify(src) by extension 'ignore_ament_install'
[0.822s] Level 1:colcon.colcon_core.package_identification:_identify(src) by extensions ['colcon_pkg']
[0.822s] Level 1:colcon.colcon_core.package_identification:_identify(src) by extension 'colcon_pkg'
[0.822s] Level 1:colcon.colcon_core.package_identification:_identify(src) by extensions ['colcon_meta']
[0.822s] Level 1:colcon.colcon_core.package_identification:_identify(src) by extension 'colcon_meta'
[0.822s] Level 1:colcon.colcon_core.package_identification:_identify(src) by extensions ['ros']
[0.822s] Level 1:colcon.colcon_core.package_identification:_identify(src) by extension 'ros'
[0.822s] Level 1:colcon.colcon_core.package_identification:_identify(src) by extensions ['cmake', 'python']
[0.822s] Level 1:colcon.colcon_core.package_identification:_identify(src) by extension 'cmake'
[0.822s] Level 1:colcon.colcon_core.package_identification:_identify(src) by extension 'python'
[0.822s] Level 1:colcon.colcon_core.package_identification:_identify(src) by extensions ['python_setup_py']
[0.822s] Level 1:colcon.colcon_core.package_identification:_identify(src) by extension 'python_setup_py'
[0.823s] Level 1:colcon.colcon_core.package_identification:_identify(src/build) by extensions ['ignore', 'ignore_ament_install']
[0.823s] Level 1:colcon.colcon_core.package_identification:_identify(src/build) by extension 'ignore'
[0.823s] Level 1:colcon.colcon_core.package_identification:_identify(src/build) ignored
[0.823s] Level 1:colcon.colcon_core.package_identification:_identify(src/install) by extensions ['ignore', 'ignore_ament_install']
[0.824s] Level 1:colcon.colcon_core.package_identification:_identify(src/install) by extension 'ignore'
[0.824s] Level 1:colcon.colcon_core.package_identification:_identify(src/install) ignored
[0.824s] Level 1:colcon.colcon_core.package_identification:_identify(src/joy_to_arm_interface) by extensions ['ignore', 'ignore_ament_install']
[0.824s] Level 1:colcon.colcon_core.package_identification:_identify(src/joy_to_arm_interface) by extension 'ignore'
[0.824s] Level 1:colcon.colcon_core.package_identification:_identify(src/joy_to_arm_interface) by extension 'ignore_ament_install'
[0.824s] Level 1:colcon.colcon_core.package_identification:_identify(src/joy_to_arm_interface) by extensions ['colcon_pkg']
[0.824s] Level 1:colcon.colcon_core.package_identification:_identify(src/joy_to_arm_interface) by extension 'colcon_pkg'
[0.825s] Level 1:colcon.colcon_core.package_identification:_identify(src/joy_to_arm_interface) by extensions ['colcon_meta']
[0.825s] Level 1:colcon.colcon_core.package_identification:_identify(src/joy_to_arm_interface) by extension 'colcon_meta'
[0.825s] Level 1:colcon.colcon_core.package_identification:_identify(src/joy_to_arm_interface) by extensions ['ros']
[0.825s] Level 1:colcon.colcon_core.package_identification:_identify(src/joy_to_arm_interface) by extension 'ros'
[0.831s] DEBUG:colcon.colcon_core.package_identification:Package 'src/joy_to_arm_interface' with type 'ros.ament_cmake' and name 'joy_to_arm_interface'
[0.831s] Level 1:colcon.colcon_core.package_identification:_identify(src/log) by extensions ['ignore', 'ignore_ament_install']
[0.831s] Level 1:colcon.colcon_core.package_identification:_identify(src/log) by extension 'ignore'
[0.831s] Level 1:colcon.colcon_core.package_identification:_identify(src/log) ignored
[0.832s] Level 1:colcon.colcon_core.package_identification:_identify(src/robotic_arm_interfaces) by extensions ['ignore', 'ignore_ament_install']
[0.832s] Level 1:colcon.colcon_core.package_identification:_identify(src/robotic_arm_interfaces) by extension 'ignore'
[0.832s] Level 1:colcon.colcon_core.package_identification:_identify(src/robotic_arm_interfaces) by extension 'ignore_ament_install'
[0.832s] Level 1:colcon.colcon_core.package_identification:_identify(src/robotic_arm_interfaces) by extensions ['colcon_pkg']
[0.832s] Level 1:colcon.colcon_core.package_identification:_identify(src/robotic_arm_interfaces) by extension 'colcon_pkg'
[0.832s] Level 1:colcon.colcon_core.package_identification:_identify(src/robotic_arm_interfaces) by extensions ['colcon_meta']
[0.832s] Level 1:colcon.colcon_core.package_identification:_identify(src/robotic_arm_interfaces) by extension 'colcon_meta'
[0.832s] Level 1:colcon.colcon_core.package_identification:_identify(src/robotic_arm_interfaces) by extensions ['ros']
[0.832s] Level 1:colcon.colcon_core.package_identification:_identify(src/robotic_arm_interfaces) by extension 'ros'
[0.833s] DEBUG:colcon.colcon_core.package_identification:Package 'src/robotic_arm_interfaces' with type 'ros.ament_cmake' and name 'robotic_arm_interfaces'
[0.833s] Level 1:colcon.colcon_core.package_discovery:discover_packages(recursive) using defaults
[0.834s] Level 1:colcon.colcon_core.package_discovery:discover_packages(ignore) discover
[0.834s] Level 1:colcon.colcon_core.package_discovery:discover_packages(ignore) using defaults
[0.834s] Level 1:colcon.colcon_core.package_discovery:discover_packages(path) discover
[0.834s] Level 1:colcon.colcon_core.package_discovery:discover_packages(path) using defaults
[0.879s] Level 1:colcon.colcon_core.package_discovery:discover_packages(prefix_path) check parameters
[0.879s] Level 1:colcon.colcon_core.package_discovery:discover_packages(prefix_path) discover
[0.884s] WARNING:colcon.colcon_ros.prefix_path.ament:The path '/home/rahul/ros2_ws/install/robotic_control' in the environment variable AMENT_PREFIX_PATH doesn't exist
[0.884s] WARNING:colcon.colcon_ros.prefix_path.ament:The path '/home/rahul/ros2_ws/install/robot_arm_control' in the environment variable AMENT_PREFIX_PATH doesn't exist
[0.885s] WARNING:colcon.colcon_ros.prefix_path.ament:The path '/home/rahul/ros2_ws/install/motor_msgs' in the environment variable AMENT_PREFIX_PATH doesn't exist
[0.885s] WARNING:colcon.colcon_ros.prefix_path.catkin:The path '/home/rahul/ros2_ws/install/motor_msgs' in the environment variable CMAKE_PREFIX_PATH doesn't exist
[0.887s] DEBUG:colcon.colcon_installed_package_information.package_discovery:Found 3 installed packages in /home/rahul/ros2_ws/install
[0.889s] DEBUG:colcon.colcon_installed_package_information.package_discovery:Found 1 installed packages in /home/rahul/ros2_ws/src/install
[0.892s] DEBUG:colcon.colcon_installed_package_information.package_discovery:Found 270 installed packages in /opt/ros/humble
[0.913s] Level 1:colcon.colcon_core.package_discovery:discover_packages(prefix_path) using defaults
[1.029s] Level 5:colcon.colcon_core.verb:set package 'robotic_arm_interfaces' build argument 'cmake_args' from command line to 'None'
[1.029s] Level 5:colcon.colcon_core.verb:set package 'robotic_arm_interfaces' build argument 'cmake_target' from command line to 'None'
[1.029s] Level 5:colcon.colcon_core.verb:set package 'robotic_arm_interfaces' build argument 'cmake_target_skip_unavailable' from command line to 'False'
[1.029s] Level 5:colcon.colcon_core.verb:set package 'robotic_arm_interfaces' build argument 'cmake_clean_cache' from command line to 'False'
[1.029s] Level 5:colcon.colcon_core.verb:set package 'robotic_arm_interfaces' build argument 'cmake_clean_first' from command line to 'False'
[1.029s] Level 5:colcon.colcon_core.verb:set package 'robotic_arm_interfaces' build argument 'cmake_force_configure' from command line to 'False'
[1.029s] Level 5:colcon.colcon_core.verb:set package 'robotic_arm_interfaces' build argument 'ament_cmake_args' from command line to 'None'
[1.029s] Level 5:colcon.colcon_core.verb:set package 'robotic_arm_interfaces' build argument 'catkin_cmake_args' from command line to 'None'
[1.029s] Level 5:colcon.colcon_core.verb:set package 'robotic_arm_interfaces' build argument 'catkin_skip_building_tests' from command line to 'False'
[1.029s] DEBUG:colcon.colcon_core.verb:Building package 'robotic_arm_interfaces' with the following arguments: {'ament_cmake_args': None, 'build_base': '/home/rahul/ros2_ws/build/robotic_arm_interfaces', 'catkin_cmake_args': None, 'catkin_skip_building_tests': False, 'cmake_args': None, 'cmake_clean_cache': False, 'cmake_clean_first': False, 'cmake_force_configure': False, 'cmake_target': None, 'cmake_target_skip_unavailable': False, 'install_base': '/home/rahul/ros2_ws/install/robotic_arm_interfaces', 'merge_install': False, 'path': '/home/rahul/ros2_ws/src/robotic_arm_interfaces', 'symlink_install': False, 'test_result_base': None}
[1.030s] Level 5:colcon.colcon_core.verb:set package 'joy_to_arm_interface' build argument 'cmake_args' from command line to 'None'
[1.030s] Level 5:colcon.colcon_core.verb:set package 'joy_to_arm_interface' build argument 'cmake_target' from command line to 'None'
[1.030s] Level 5:colcon.colcon_core.verb:set package 'joy_to_arm_interface' build argument 'cmake_target_skip_unavailable' from command line to 'False'
[1.030s] Level 5:colcon.colcon_core.verb:set package 'joy_to_arm_interface' build argument 'cmake_clean_cache' from command line to 'False'
[1.030s] Level 5:colcon.colcon_core.verb:set package 'joy_to_arm_interface' build argument 'cmake_clean_first' from command line to 'False'
[1.030s] Level 5:colcon.colcon_core.verb:set package 'joy_to_arm_interface' build argument 'cmake_force_configure' from command line to 'False'
[1.030s] Level 5:colcon.colcon_core.verb:set package 'joy_to_arm_interface' build argument 'ament_cmake_args' from command line to 'None'
[1.030s] Level 5:colcon.colcon_core.verb:set package 'joy_to_arm_interface' build argument 'catkin_cmake_args' from command line to 'None'
[1.030s] Level 5:colcon.colcon_core.verb:set package 'joy_to_arm_interface' build argument 'catkin_skip_building_tests' from command line to 'False'
[1.030s] DEBUG:colcon.colcon_core.verb:Building package 'joy_to_arm_interface' with the following arguments: {'ament_cmake_args': None, 'build_base': '/home/rahul/ros2_ws/build/joy_to_arm_interface', 'catkin_cmake_args': None, 'catkin_skip_building_tests': False, 'cmake_args': None, 'cmake_clean_cache': False, 'cmake_clean_first': False, 'cmake_force_configure': False, 'cmake_target': None, 'cmake_target_skip_unavailable': False, 'install_base': '/home/rahul/ros2_ws/install/joy_to_arm_interface', 'merge_install': False, 'path': '/home/rahul/ros2_ws/src/joy_to_arm_interface', 'symlink_install': False, 'test_result_base': None}
[1.031s] INFO:colcon.colcon_core.executor:Executing jobs using 'parallel' executor
[1.032s] DEBUG:colcon.colcon_parallel_executor.executor.parallel:run_until_complete
[1.032s] INFO:colcon.colcon_ros.task.ament_cmake.build:Building ROS package in '/home/rahul/ros2_ws/src/robotic_arm_interfaces' with build type 'ament_cmake'
[1.033s] INFO:colcon.colcon_cmake.task.cmake.build:Building CMake package in '/home/rahul/ros2_ws/src/robotic_arm_interfaces'
[1.043s] INFO:colcon.colcon_core.plugin_system:Skipping extension 'colcon_core.shell.bat': Not used on non-Windows systems
[1.045s] INFO:colcon.colcon_core.shell:Skip shell extension 'powershell' for command environment: Not usable outside of PowerShell
[1.045s] DEBUG:colcon.colcon_core.shell:Skip shell extension 'dsv' for command environment
[1.072s] DEBUG:colcon.colcon_core.event_handler.log_command:Invoking command in '/home/rahul/ros2_ws/build/robotic_arm_interfaces': CMAKE_PREFIX_PATH=${CMAKE_PREFIX_PATH}:/home/rahul/ros2_ws/install/ps4_servo_control:/home/rahul/ros2_ws/install/robotic_control:/home/rahul/ros2_ws/install/robot_arm_control:/opt/ros/humble /usr/bin/cmake --build /home/rahul/ros2_ws/build/robotic_arm_interfaces -- -j4 -l4
[2.157s] DEBUG:colcon.colcon_core.event_handler.log_command:Invoked command in '/home/rahul/ros2_ws/build/robotic_arm_interfaces' returned '0': CMAKE_PREFIX_PATH=${CMAKE_PREFIX_PATH}:/home/rahul/ros2_ws/install/ps4_servo_control:/home/rahul/ros2_ws/install/robotic_control:/home/rahul/ros2_ws/install/robot_arm_control:/opt/ros/humble /usr/bin/cmake --build /home/rahul/ros2_ws/build/robotic_arm_interfaces -- -j4 -l4
[2.177s] DEBUG:colcon.colcon_core.event_handler.log_command:Invoking command in '/home/rahul/ros2_ws/build/robotic_arm_interfaces': CMAKE_PREFIX_PATH=${CMAKE_PREFIX_PATH}:/home/rahul/ros2_ws/install/ps4_servo_control:/home/rahul/ros2_ws/install/robotic_control:/home/rahul/ros2_ws/install/robot_arm_control:/opt/ros/humble /usr/bin/cmake --install /home/rahul/ros2_ws/build/robotic_arm_interfaces
[2.345s] Level 1:colcon.colcon_core.environment:create_environment_scripts_only(robotic_arm_interfaces)
[2.347s] DEBUG:colcon.colcon_core.event_handler.log_command:Invoked command in '/home/rahul/ros2_ws/build/robotic_arm_interfaces' returned '0': CMAKE_PREFIX_PATH=${CMAKE_PREFIX_PATH}:/home/rahul/ros2_ws/install/ps4_servo_control:/home/rahul/ros2_ws/install/robotic_control:/home/rahul/ros2_ws/install/robot_arm_control:/opt/ros/humble /usr/bin/cmake --install /home/rahul/ros2_ws/build/robotic_arm_interfaces
[2.356s] Level 1:colcon.colcon_core.environment:checking '/home/rahul/ros2_ws/install/robotic_arm_interfaces' for CMake module files
[2.358s] Level 1:colcon.colcon_core.environment:checking '/home/rahul/ros2_ws/install/robotic_arm_interfaces' for CMake config files
[2.362s] Level 1:colcon.colcon_core.shell:create_environment_hook('robotic_arm_interfaces', 'cmake_prefix_path')
[2.362s] INFO:colcon.colcon_core.shell:Creating environment hook '/home/rahul/ros2_ws/install/robotic_arm_interfaces/share/robotic_arm_interfaces/hook/cmake_prefix_path.ps1'
[2.364s] INFO:colcon.colcon_core.shell:Creating environment descriptor '/home/rahul/ros2_ws/install/robotic_arm_interfaces/share/robotic_arm_interfaces/hook/cmake_prefix_path.dsv'
[2.365s] INFO:colcon.colcon_core.shell:Creating environment hook '/home/rahul/ros2_ws/install/robotic_arm_interfaces/share/robotic_arm_interfaces/hook/cmake_prefix_path.sh'
[2.367s] Level 1:colcon.colcon_core.environment:checking '/home/rahul/ros2_ws/install/robotic_arm_interfaces/lib'
[2.367s] Level 1:colcon.colcon_core.shell:create_environment_hook('robotic_arm_interfaces', 'ld_library_path_lib')
[2.368s] INFO:colcon.colcon_core.shell:Creating environment hook '/home/rahul/ros2_ws/install/robotic_arm_interfaces/share/robotic_arm_interfaces/hook/ld_library_path_lib.ps1'
[2.369s] INFO:colcon.colcon_core.shell:Creating environment descriptor '/home/rahul/ros2_ws/install/robotic_arm_interfaces/share/robotic_arm_interfaces/hook/ld_library_path_lib.dsv'
[2.370s] INFO:colcon.colcon_core.shell:Creating environment hook '/home/rahul/ros2_ws/install/robotic_arm_interfaces/share/robotic_arm_interfaces/hook/ld_library_path_lib.sh'
[2.371s] Level 1:colcon.colcon_core.environment:checking '/home/rahul/ros2_ws/install/robotic_arm_interfaces/bin'
[2.371s] Level 1:colcon.colcon_core.environment:checking '/home/rahul/ros2_ws/install/robotic_arm_interfaces/lib/pkgconfig/robotic_arm_interfaces.pc'
[2.371s] Level 1:colcon.colcon_core.environment:checking '/home/rahul/ros2_ws/install/robotic_arm_interfaces/lib/python3.10/site-packages'
[2.372s] Level 1:colcon.colcon_core.environment:checking '/home/rahul/ros2_ws/install/robotic_arm_interfaces/bin'
[2.373s] INFO:colcon.colcon_core.shell:Creating package script '/home/rahul/ros2_ws/install/robotic_arm_interfaces/share/robotic_arm_interfaces/package.ps1'
[2.375s] INFO:colcon.colcon_core.shell:Creating package descriptor '/home/rahul/ros2_ws/install/robotic_arm_interfaces/share/robotic_arm_interfaces/package.dsv'
[2.377s] INFO:colcon.colcon_core.shell:Creating package script '/home/rahul/ros2_ws/install/robotic_arm_interfaces/share/robotic_arm_interfaces/package.sh'
[2.379s] INFO:colcon.colcon_core.shell:Creating package script '/home/rahul/ros2_ws/install/robotic_arm_interfaces/share/robotic_arm_interfaces/package.bash'
[2.382s] INFO:colcon.colcon_core.shell:Creating package script '/home/rahul/ros2_ws/install/robotic_arm_interfaces/share/robotic_arm_interfaces/package.zsh'
[2.384s] Level 1:colcon.colcon_core.environment:create_file_with_runtime_dependencies(/home/rahul/ros2_ws/install/robotic_arm_interfaces/share/colcon-core/packages/robotic_arm_interfaces)
[2.385s] Level 1:colcon.colcon_core.environment:create_environment_scripts_only(robotic_arm_interfaces)
[2.386s] Level 1:colcon.colcon_core.environment:checking '/home/rahul/ros2_ws/install/robotic_arm_interfaces' for CMake module files
[2.388s] Level 1:colcon.colcon_core.environment:checking '/home/rahul/ros2_ws/install/robotic_arm_interfaces' for CMake config files
[2.388s] Level 1:colcon.colcon_core.shell:create_environment_hook('robotic_arm_interfaces', 'cmake_prefix_path')
[2.389s] INFO:colcon.colcon_core.shell:Creating environment hook '/home/rahul/ros2_ws/install/robotic_arm_interfaces/share/robotic_arm_interfaces/hook/cmake_prefix_path.ps1'
[2.390s] INFO:colcon.colcon_core.shell:Creating environment descriptor '/home/rahul/ros2_ws/install/robotic_arm_interfaces/share/robotic_arm_interfaces/hook/cmake_prefix_path.dsv'
[2.391s] INFO:colcon.colcon_core.shell:Creating environment hook '/home/rahul/ros2_ws/install/robotic_arm_interfaces/share/robotic_arm_interfaces/hook/cmake_prefix_path.sh'
[2.393s] Level 1:colcon.colcon_core.environment:checking '/home/rahul/ros2_ws/install/robotic_arm_interfaces/lib'
[2.393s] Level 1:colcon.colcon_core.shell:create_environment_hook('robotic_arm_interfaces', 'ld_library_path_lib')
[2.394s] INFO:colcon.colcon_core.shell:Creating environment hook '/home/rahul/ros2_ws/install/robotic_arm_interfaces/share/robotic_arm_interfaces/hook/ld_library_path_lib.ps1'
[2.395s] INFO:colcon.colcon_core.shell:Creating environment descriptor '/home/rahul/ros2_ws/install/robotic_arm_interfaces/share/robotic_arm_interfaces/hook/ld_library_path_lib.dsv'
[2.396s] INFO:colcon.colcon_core.shell:Creating environment hook '/home/rahul/ros2_ws/install/robotic_arm_interfaces/share/robotic_arm_interfaces/hook/ld_library_path_lib.sh'
[2.397s] Level 1:colcon.colcon_core.environment:checking '/home/rahul/ros2_ws/install/robotic_arm_interfaces/bin'
[2.397s] Level 1:colcon.colcon_core.environment:checking '/home/rahul/ros2_ws/install/robotic_arm_interfaces/lib/pkgconfig/robotic_arm_interfaces.pc'
[2.397s] Level 1:colcon.colcon_core.environment:checking '/home/rahul/ros2_ws/install/robotic_arm_interfaces/lib/python3.10/site-packages'
[2.398s] Level 1:colcon.colcon_core.environment:checking '/home/rahul/ros2_ws/install/robotic_arm_interfaces/bin'
[2.398s] INFO:colcon.colcon_core.shell:Creating package script '/home/rahul/ros2_ws/install/robotic_arm_interfaces/share/robotic_arm_interfaces/package.ps1'
[2.399s] INFO:colcon.colcon_core.shell:Creating package descriptor '/home/rahul/ros2_ws/install/robotic_arm_interfaces/share/robotic_arm_interfaces/package.dsv'
[2.400s] INFO:colcon.colcon_core.shell:Creating package script '/home/rahul/ros2_ws/install/robotic_arm_interfaces/share/robotic_arm_interfaces/package.sh'
[2.401s] INFO:colcon.colcon_core.shell:Creating package script '/home/rahul/ros2_ws/install/robotic_arm_interfaces/share/robotic_arm_interfaces/package.bash'
[2.402s] INFO:colcon.colcon_core.shell:Creating package script '/home/rahul/ros2_ws/install/robotic_arm_interfaces/share/robotic_arm_interfaces/package.zsh'
[2.403s] Level 1:colcon.colcon_core.environment:create_file_with_runtime_dependencies(/home/rahul/ros2_ws/install/robotic_arm_interfaces/share/colcon-core/packages/robotic_arm_interfaces)
[2.403s] INFO:colcon.colcon_ros.task.ament_cmake.build:Building ROS package in '/home/rahul/ros2_ws/src/joy_to_arm_interface' with build type 'ament_cmake'
[2.403s] INFO:colcon.colcon_cmake.task.cmake.build:Building CMake package in '/home/rahul/ros2_ws/src/joy_to_arm_interface'
[2.404s] INFO:colcon.colcon_core.shell:Skip shell extension 'powershell' for command environment: Not usable outside of PowerShell
[2.404s] DEBUG:colcon.colcon_core.shell:Skip shell extension 'dsv' for command environment
[2.429s] DEBUG:colcon.colcon_core.event_handler.log_command:Invoking command in '/home/rahul/ros2_ws/build/joy_to_arm_interface': CMAKE_PREFIX_PATH=/home/rahul/ros2_ws/install/robotic_arm_interfaces:/home/rahul/ros2_ws/install/joy_to_arm_interface:/home/rahul/ros2_ws/src/install/robotic_arm_interfaces:/home/rahul/ros2_ws/install/motor_msgs:/home/rahul/ros2_ws/install/ps4_servo_control:/home/rahul/ros2_ws/install/robotic_control:/home/rahul/ros2_ws/install/robot_arm_control:/opt/ros/humble /usr/bin/cmake --build /home/rahul/ros2_ws/build/joy_to_arm_interface -- -j4 -l4
[18.062s] DEBUG:colcon.colcon_core.event_handler.log_command:Invoked command in '/home/rahul/ros2_ws/build/joy_to_arm_interface' returned '0': CMAKE_PREFIX_PATH=/home/rahul/ros2_ws/install/robotic_arm_interfaces:/home/rahul/ros2_ws/install/joy_to_arm_interface:/home/rahul/ros2_ws/src/install/robotic_arm_interfaces:/home/rahul/ros2_ws/install/motor_msgs:/home/rahul/ros2_ws/install/ps4_servo_control:/home/rahul/ros2_ws/install/robotic_control:/home/rahul/ros2_ws/install/robot_arm_control:/opt/ros/humble /usr/bin/cmake --build /home/rahul/ros2_ws/build/joy_to_arm_interface -- -j4 -l4
[18.065s] DEBUG:colcon.colcon_core.event_handler.log_command:Invoking command in '/home/rahul/ros2_ws/build/joy_to_arm_interface': CMAKE_PREFIX_PATH=/home/rahul/ros2_ws/install/robotic_arm_interfaces:/home/rahul/ros2_ws/install/joy_to_arm_interface:/home/rahul/ros2_ws/src/install/robotic_arm_interfaces:/home/rahul/ros2_ws/install/motor_msgs:/home/rahul/ros2_ws/install/ps4_servo_control:/home/rahul/ros2_ws/install/robotic_control:/home/rahul/ros2_ws/install/robot_arm_control:/opt/ros/humble /usr/bin/cmake --install /home/rahul/ros2_ws/build/joy_to_arm_interface
[18.093s] Level 1:colcon.colcon_core.environment:create_environment_scripts_only(joy_to_arm_interface)
[18.093s] Level 1:colcon.colcon_core.environment:checking '/home/rahul/ros2_ws/install/joy_to_arm_interface' for CMake module files
[18.094s] DEBUG:colcon.colcon_core.event_handler.log_command:Invoked command in '/home/rahul/ros2_ws/build/joy_to_arm_interface' returned '0': CMAKE_PREFIX_PATH=/home/rahul/ros2_ws/install/robotic_arm_interfaces:/home/rahul/ros2_ws/install/joy_to_arm_interface:/home/rahul/ros2_ws/src/install/robotic_arm_interfaces:/home/rahul/ros2_ws/install/motor_msgs:/home/rahul/ros2_ws/install/ps4_servo_control:/home/rahul/ros2_ws/install/robotic_control:/home/rahul/ros2_ws/install/robot_arm_control:/opt/ros/humble /usr/bin/cmake --install /home/rahul/ros2_ws/build/joy_to_arm_interface
[18.096s] Level 1:colcon.colcon_core.environment:checking '/home/rahul/ros2_ws/install/joy_to_arm_interface' for CMake config files
[18.096s] Level 1:colcon.colcon_core.shell:create_environment_hook('joy_to_arm_interface', 'cmake_prefix_path')
[18.097s] INFO:colcon.colcon_core.shell:Creating environment hook '/home/rahul/ros2_ws/install/joy_to_arm_interface/share/joy_to_arm_interface/hook/cmake_prefix_path.ps1'
[18.098s] INFO:colcon.colcon_core.shell:Creating environment descriptor '/home/rahul/ros2_ws/install/joy_to_arm_interface/share/joy_to_arm_interface/hook/cmake_prefix_path.dsv'
[18.099s] INFO:colcon.colcon_core.shell:Creating environment hook '/home/rahul/ros2_ws/install/joy_to_arm_interface/share/joy_to_arm_interface/hook/cmake_prefix_path.sh'
[18.100s] Level 1:colcon.colcon_core.environment:checking '/home/rahul/ros2_ws/install/joy_to_arm_interface/lib'
[18.100s] Level 1:colcon.colcon_core.environment:checking '/home/rahul/ros2_ws/install/joy_to_arm_interface/bin'
[18.100s] Level 1:colcon.colcon_core.environment:checking '/home/rahul/ros2_ws/install/joy_to_arm_interface/lib/pkgconfig/joy_to_arm_interface.pc'
[18.101s] Level 1:colcon.colcon_core.environment:checking '/home/rahul/ros2_ws/install/joy_to_arm_interface/lib/python3.10/site-packages'
[18.101s] Level 1:colcon.colcon_core.environment:checking '/home/rahul/ros2_ws/install/joy_to_arm_interface/bin'
[18.102s] INFO:colcon.colcon_core.shell:Creating package script '/home/rahul/ros2_ws/install/joy_to_arm_interface/share/joy_to_arm_interface/package.ps1'
[18.103s] INFO:colcon.colcon_core.shell:Creating package descriptor '/home/rahul/ros2_ws/install/joy_to_arm_interface/share/joy_to_arm_interface/package.dsv'
[18.104s] INFO:colcon.colcon_core.shell:Creating package script '/home/rahul/ros2_ws/install/joy_to_arm_interface/share/joy_to_arm_interface/package.sh'
[18.105s] INFO:colcon.colcon_core.shell:Creating package script '/home/rahul/ros2_ws/install/joy_to_arm_interface/share/joy_to_arm_interface/package.bash'
[18.106s] INFO:colcon.colcon_core.shell:Creating package script '/home/rahul/ros2_ws/install/joy_to_arm_interface/share/joy_to_arm_interface/package.zsh'
[18.106s] Level 1:colcon.colcon_core.environment:create_file_with_runtime_dependencies(/home/rahul/ros2_ws/install/joy_to_arm_interface/share/colcon-core/packages/joy_to_arm_interface)
[18.108s] Level 1:colcon.colcon_core.environment:create_environment_scripts_only(joy_to_arm_interface)
[18.108s] Level 1:colcon.colcon_core.environment:checking '/home/rahul/ros2_ws/install/joy_to_arm_interface' for CMake module files
[18.109s] Level 1:colcon.colcon_core.environment:checking '/home/rahul/ros2_ws/install/joy_to_arm_interface' for CMake config files
[18.109s] Level 1:colcon.colcon_core.shell:create_environment_hook('joy_to_arm_interface', 'cmake_prefix_path')
[18.110s] INFO:colcon.colcon_core.shell:Creating environment hook '/home/rahul/ros2_ws/install/joy_to_arm_interface/share/joy_to_arm_interface/hook/cmake_prefix_path.ps1'
[18.111s] INFO:colcon.colcon_core.shell:Creating environment descriptor '/home/rahul/ros2_ws/install/joy_to_arm_interface/share/joy_to_arm_interface/hook/cmake_prefix_path.dsv'
[18.111s] INFO:colcon.colcon_core.shell:Creating environment hook '/home/rahul/ros2_ws/install/joy_to_arm_interface/share/joy_to_arm_interface/hook/cmake_prefix_path.sh'
[18.112s] Level 1:colcon.colcon_core.environment:checking '/home/rahul/ros2_ws/install/joy_to_arm_interface/lib'
[18.112s] Level 1:colcon.colcon_core.environment:checking '/home/rahul/ros2_ws/install/joy_to_arm_interface/bin'
[18.113s] Level 1:colcon.colcon_core.environment:checking '/home/rahul/ros2_ws/install/joy_to_arm_interface/lib/pkgconfig/joy_to_arm_interface.pc'
[18.113s] Level 1:colcon.colcon_core.environment:checking '/home/rahul/ros2_ws/install/joy_to_arm_interface/lib/python3.10/site-packages'
[18.113s] Level 1:colcon.colcon_core.environment:checking '/home/rahul/ros2_ws/install/joy_to_arm_interface/bin'
[18.114s] INFO:colcon.colcon_core.shell:Creating package script '/home/rahul/ros2_ws/install/joy_to_arm_interface/share/joy_to_arm_interface/package.ps1'
[18.115s] INFO:colcon.colcon_core.shell:Creating package descriptor '/home/rahul/ros2_ws/install/joy_to_arm_interface/share/joy_to_arm_interface/package.dsv'
[18.116s] INFO:colcon.colcon_core.shell:Creating package script '/home/rahul/ros2_ws/install/joy_to_arm_interface/share/joy_to_arm_interface/package.sh'
[18.117s] INFO:colcon.colcon_core.shell:Creating package script '/home/rahul/ros2_ws/install/joy_to_arm_interface/share/joy_to_arm_interface/package.bash'
[18.118s] INFO:colcon.colcon_core.shell:Creating package script '/home/rahul/ros2_ws/install/joy_to_arm_interface/share/joy_to_arm_interface/package.zsh'
[18.119s] Level 1:colcon.colcon_core.environment:create_file_with_runtime_dependencies(/home/rahul/ros2_ws/install/joy_to_arm_interface/share/colcon-core/packages/joy_to_arm_interface)
[18.119s] DEBUG:colcon.colcon_parallel_executor.executor.parallel:closing loop
[18.121s] DEBUG:colcon.colcon_parallel_executor.executor.parallel:loop closed
[18.121s] DEBUG:colcon.colcon_parallel_executor.executor.parallel:run_until_complete finished with '0'
[18.121s] DEBUG:colcon.colcon_core.event_reactor:joining thread
[18.140s] INFO:colcon.colcon_core.plugin_system:Skipping extension 'colcon_notification.desktop_notification.terminal_notifier': Not used on non-Darwin systems
[18.140s] INFO:colcon.colcon_core.plugin_system:Skipping extension 'colcon_notification.desktop_notification.win32': Not used on non-Windows systems
[18.140s] INFO:colcon.colcon_notification.desktop_notification:Sending desktop notification using 'notify2'
[18.162s] DEBUG:colcon.colcon_core.event_reactor:joined thread
[18.162s] INFO:colcon.colcon_core.shell:Creating prefix script '/home/rahul/ros2_ws/install/local_setup.ps1'
[18.165s] INFO:colcon.colcon_core.shell:Creating prefix util module '/home/rahul/ros2_ws/install/_local_setup_util_ps1.py'
[18.168s] INFO:colcon.colcon_core.shell:Creating prefix chain script '/home/rahul/ros2_ws/install/setup.ps1'
[18.173s] INFO:colcon.colcon_core.shell:Creating prefix script '/home/rahul/ros2_ws/install/local_setup.sh'
[18.174s] INFO:colcon.colcon_core.shell:Creating prefix util module '/home/rahul/ros2_ws/install/_local_setup_util_sh.py'
[18.175s] INFO:colcon.colcon_core.shell:Creating prefix chain script '/home/rahul/ros2_ws/install/setup.sh'
[18.178s] INFO:colcon.colcon_core.shell:Creating prefix script '/home/rahul/ros2_ws/install/local_setup.bash'
[18.179s] INFO:colcon.colcon_core.shell:Creating prefix chain script '/home/rahul/ros2_ws/install/setup.bash'
[18.182s] INFO:colcon.colcon_core.shell:Creating prefix script '/home/rahul/ros2_ws/install/local_setup.zsh'
[18.183s] INFO:colcon.colcon_core.shell:Creating prefix chain script '/home/rahul/ros2_ws/install/setup.zsh'
