[0.496s] DEBUG:colcon:Command line arguments: ['/usr/bin/colcon', 'list', '-p', '--base-paths', '/home/rahul/ros2_ws']
[0.496s] DEBUG:colcon:Parsed command line arguments: Namespace(log_base=None, log_level=None, verb_name='list', build_base='build', ignore_user_meta=False, metas=['./colcon.meta'], base_paths=['/home/rahul/ros2_ws'], packages_ignore=None, packages_ignore_regex=None, paths=None, packages_up_to=None, packages_up_to_regex=None, packages_above=None, packages_above_and_dependencies=None, packages_above_depth=None, packages_select_by_dep=None, packages_skip_by_dep=None, packages_skip_up_to=None, packages_select_build_failed=False, packages_skip_build_finished=False, packages_select_test_failures=False, packages_skip_test_passed=False, packages_select=None, packages_skip=None, packages_select_regex=None, packages_skip_regex=None, packages_start=None, packages_end=None, allow_overriding=[], topological_order=False, names_only=False, paths_only=True, topological_graph=False, topological_graph_dot=False, topological_graph_density=False, topological_graph_legend=False, topological_graph_dot_cluster=False, topological_graph_dot_include_skipped=False, verb_parser=<colcon_defaults.argument_parser.defaults.DefaultArgumentsDecorator object at 0x7ad60c2f8d30>, verb_extension=<colcon_package_information.verb.list.ListVerb object at 0x7ad60c469b10>, main=<bound method ListVerb.main of <colcon_package_information.verb.list.ListVerb object at 0x7ad60c469b10>>)
[1.141s] Level 1:colcon.colcon_core.package_discovery:discover_packages(colcon_meta) check parameters
[1.141s] Level 1:colcon.colcon_core.package_discovery:discover_packages(recursive) check parameters
[1.142s] Level 1:colcon.colcon_core.package_discovery:discover_packages(ignore) check parameters
[1.142s] Level 1:colcon.colcon_core.package_discovery:discover_packages(path) check parameters
[1.142s] Level 1:colcon.colcon_core.package_discovery:discover_packages(recursive) discover
[1.142s] INFO:colcon.colcon_core.package_discovery:Crawling recursively for packages in '/home/rahul/ros2_ws'
[1.144s] Level 1:colcon.colcon_core.package_identification:_identify(/home/rahul/ros2_ws) by extensions ['ignore', 'ignore_ament_install']
[1.145s] Level 1:colcon.colcon_core.package_identification:_identify(/home/rahul/ros2_ws) by extension 'ignore'
[1.145s] Level 1:colcon.colcon_core.package_identification:_identify(/home/rahul/ros2_ws) by extension 'ignore_ament_install'
[1.153s] Level 1:colcon.colcon_core.package_identification:_identify(/home/rahul/ros2_ws) by extensions ['colcon_pkg']
[1.153s] Level 1:colcon.colcon_core.package_identification:_identify(/home/rahul/ros2_ws) by extension 'colcon_pkg'
[1.158s] Level 1:colcon.colcon_core.package_identification:_identify(/home/rahul/ros2_ws) by extensions ['colcon_meta']
[1.158s] Level 1:colcon.colcon_core.package_identification:_identify(/home/rahul/ros2_ws) by extension 'colcon_meta'
[1.158s] Level 1:colcon.colcon_core.package_identification:_identify(/home/rahul/ros2_ws) by extensions ['ros']
[1.158s] Level 1:colcon.colcon_core.package_identification:_identify(/home/rahul/ros2_ws) by extension 'ros'
[1.220s] Level 1:colcon.colcon_core.package_identification:_identify(/home/rahul/ros2_ws) by extensions ['cmake', 'python']
[1.220s] Level 1:colcon.colcon_core.package_identification:_identify(/home/rahul/ros2_ws) by extension 'cmake'
[1.220s] Level 1:colcon.colcon_core.package_identification:_identify(/home/rahul/ros2_ws) by extension 'python'
[1.220s] Level 1:colcon.colcon_core.package_identification:_identify(/home/rahul/ros2_ws) by extensions ['python_setup_py']
[1.220s] Level 1:colcon.colcon_core.package_identification:_identify(/home/rahul/ros2_ws) by extension 'python_setup_py'
[1.221s] Level 1:colcon.colcon_core.package_identification:_identify(/home/rahul/ros2_ws/build) by extensions ['ignore', 'ignore_ament_install']
[1.221s] Level 1:colcon.colcon_core.package_identification:_identify(/home/rahul/ros2_ws/build) by extension 'ignore'
[1.221s] Level 1:colcon.colcon_core.package_identification:_identify(/home/rahul/ros2_ws/build) ignored
[1.222s] Level 1:colcon.colcon_core.package_identification:_identify(/home/rahul/ros2_ws/install) by extensions ['ignore', 'ignore_ament_install']
[1.222s] Level 1:colcon.colcon_core.package_identification:_identify(/home/rahul/ros2_ws/install) by extension 'ignore'
[1.222s] Level 1:colcon.colcon_core.package_identification:_identify(/home/rahul/ros2_ws/install) ignored
[1.222s] Level 1:colcon.colcon_core.package_identification:_identify(/home/rahul/ros2_ws/log) by extensions ['ignore', 'ignore_ament_install']
[1.222s] Level 1:colcon.colcon_core.package_identification:_identify(/home/rahul/ros2_ws/log) by extension 'ignore'
[1.223s] Level 1:colcon.colcon_core.package_identification:_identify(/home/rahul/ros2_ws/log) ignored
[1.223s] Level 1:colcon.colcon_core.package_identification:_identify(/home/rahul/ros2_ws/src) by extensions ['ignore', 'ignore_ament_install']
[1.223s] Level 1:colcon.colcon_core.package_identification:_identify(/home/rahul/ros2_ws/src) by extension 'ignore'
[1.223s] Level 1:colcon.colcon_core.package_identification:_identify(/home/rahul/ros2_ws/src) by extension 'ignore_ament_install'
[1.223s] Level 1:colcon.colcon_core.package_identification:_identify(/home/rahul/ros2_ws/src) by extensions ['colcon_pkg']
[1.223s] Level 1:colcon.colcon_core.package_identification:_identify(/home/rahul/ros2_ws/src) by extension 'colcon_pkg'
[1.223s] Level 1:colcon.colcon_core.package_identification:_identify(/home/rahul/ros2_ws/src) by extensions ['colcon_meta']
[1.223s] Level 1:colcon.colcon_core.package_identification:_identify(/home/rahul/ros2_ws/src) by extension 'colcon_meta'
[1.224s] Level 1:colcon.colcon_core.package_identification:_identify(/home/rahul/ros2_ws/src) by extensions ['ros']
[1.224s] Level 1:colcon.colcon_core.package_identification:_identify(/home/rahul/ros2_ws/src) by extension 'ros'
[1.230s] Level 1:colcon.colcon_core.package_identification:_identify(/home/rahul/ros2_ws/src) by extensions ['cmake', 'python']
[1.230s] Level 1:colcon.colcon_core.package_identification:_identify(/home/rahul/ros2_ws/src) by extension 'cmake'
[1.230s] Level 1:colcon.colcon_core.package_identification:_identify(/home/rahul/ros2_ws/src) by extension 'python'
[1.231s] Level 1:colcon.colcon_core.package_identification:_identify(/home/rahul/ros2_ws/src) by extensions ['python_setup_py']
[1.231s] Level 1:colcon.colcon_core.package_identification:_identify(/home/rahul/ros2_ws/src) by extension 'python_setup_py'
[1.231s] Level 1:colcon.colcon_core.package_identification:_identify(/home/rahul/ros2_ws/src/build) by extensions ['ignore', 'ignore_ament_install']
[1.231s] Level 1:colcon.colcon_core.package_identification:_identify(/home/rahul/ros2_ws/src/build) by extension 'ignore'
[1.232s] Level 1:colcon.colcon_core.package_identification:_identify(/home/rahul/ros2_ws/src/build) ignored
[1.236s] Level 1:colcon.colcon_core.package_identification:_identify(/home/rahul/ros2_ws/src/install) by extensions ['ignore', 'ignore_ament_install']
[1.236s] Level 1:colcon.colcon_core.package_identification:_identify(/home/rahul/ros2_ws/src/install) by extension 'ignore'
[1.237s] Level 1:colcon.colcon_core.package_identification:_identify(/home/rahul/ros2_ws/src/install) ignored
[1.237s] Level 1:colcon.colcon_core.package_identification:_identify(/home/rahul/ros2_ws/src/log) by extensions ['ignore', 'ignore_ament_install']
[1.237s] Level 1:colcon.colcon_core.package_identification:_identify(/home/rahul/ros2_ws/src/log) by extension 'ignore'
[1.237s] Level 1:colcon.colcon_core.package_identification:_identify(/home/rahul/ros2_ws/src/log) ignored
[1.238s] Level 1:colcon.colcon_core.package_identification:_identify(/home/rahul/ros2_ws/src/robotic_arm_interfaces) by extensions ['ignore', 'ignore_ament_install']
[1.238s] Level 1:colcon.colcon_core.package_identification:_identify(/home/rahul/ros2_ws/src/robotic_arm_interfaces) by extension 'ignore'
[1.238s] Level 1:colcon.colcon_core.package_identification:_identify(/home/rahul/ros2_ws/src/robotic_arm_interfaces) by extension 'ignore_ament_install'
[1.238s] Level 1:colcon.colcon_core.package_identification:_identify(/home/rahul/ros2_ws/src/robotic_arm_interfaces) by extensions ['colcon_pkg']
[1.238s] Level 1:colcon.colcon_core.package_identification:_identify(/home/rahul/ros2_ws/src/robotic_arm_interfaces) by extension 'colcon_pkg'
[1.238s] Level 1:colcon.colcon_core.package_identification:_identify(/home/rahul/ros2_ws/src/robotic_arm_interfaces) by extensions ['colcon_meta']
[1.238s] Level 1:colcon.colcon_core.package_identification:_identify(/home/rahul/ros2_ws/src/robotic_arm_interfaces) by extension 'colcon_meta'
[1.239s] Level 1:colcon.colcon_core.package_identification:_identify(/home/rahul/ros2_ws/src/robotic_arm_interfaces) by extensions ['ros']
[1.239s] Level 1:colcon.colcon_core.package_identification:_identify(/home/rahul/ros2_ws/src/robotic_arm_interfaces) by extension 'ros'
[1.250s] DEBUG:colcon.colcon_core.package_identification:Package '/home/rahul/ros2_ws/src/robotic_arm_interfaces' with type 'ros.ament_cmake' and name 'robotic_arm_interfaces'
[1.250s] Level 1:colcon.colcon_core.package_discovery:discover_packages(recursive) using defaults
