[0.024s] Invoking command in '/home/rahul/ros2_ws/build/robotic_arm_interfaces': CMAKE_PREFIX_PATH=/opt/ros/humble /usr/bin/cmake --build /home/rahul/ros2_ws/build/robotic_arm_interfaces -- -j4 -l4
[0.181s] -- Found ament_cmake: 1.3.11 (/opt/ros/humble/share/ament_cmake/cmake)
[0.412s] -- Found rosidl_default_generators: 1.2.0 (/opt/ros/humble/share/rosidl_default_generators/cmake)
[0.416s] -- Using all available rosidl_typesupport_c: rosidl_typesupport_fastrtps_c;rosidl_typesupport_introspection_c
[0.423s] -- Found rosidl_adapter: 3.1.6 (/opt/ros/humble/share/rosidl_adapter/cmake)
[0.487s] -- Using all available rosidl_typesupport_cpp: rosidl_typesupport_fastrtps_cpp;rosidl_typesupport_introspection_cpp
[0.900s] -- Found ament_cmake_ros: 0.10.0 (/opt/ros/humble/share/ament_cmake_ros/cmake)
[1.181s] -- Using all available rosidl_typesupport_c: rosidl_typesupport_fastrtps_c;rosidl_typesupport_introspection_c
[1.548s] -- Using all available rosidl_typesupport_cpp: rosidl_typesupport_fastrtps_cpp;rosidl_typesupport_introspection_cpp
[1.583s] -- Found python_cmake_module: 0.10.0 (/opt/ros/humble/share/python_cmake_module/cmake)
[1.618s] -- Using PYTHON_EXECUTABLE: /usr/bin/python3
[1.618s] -- Using PYTHON_INCLUDE_DIRS: /usr/include/python3.10
[1.618s] -- Using PYTHON_LIBRARIES: /usr/lib/x86_64-linux-gnu/libpython3.10.so
[1.635s] [31mCMake Error at CMakeLists.txt:16 (rosidl_get_typesupport_target):
[1.635s]   rosidl_get_typesupport_target Function invoked with incorrect arguments for
[1.635s]   function named: rosidl_get_typesupport_target
[1.635s] 
[1.635s] [0m
[1.654s] -- Configuring incomplete, errors occurred!
[1.654s] See also "/home/rahul/ros2_ws/build/robotic_arm_interfaces/CMakeFiles/CMakeOutput.log".
[1.669s] gmake: *** [Makefile:747: cmake_check_build_system] Error 1
[1.672s] Invoked command in '/home/rahul/ros2_ws/build/robotic_arm_interfaces' returned '2': CMAKE_PREFIX_PATH=/opt/ros/humble /usr/bin/cmake --build /home/rahul/ros2_ws/build/robotic_arm_interfaces -- -j4 -l4
