[0.021s] Invoking command in '/home/rahul/ros2_ws/src/build/robotic_arm_interfaces': CMAKE_PREFIX_PATH=${CMAKE_PREFIX_PATH}:/home/rahul/ros2_ws/install/ps4_servo_control:/home/rahul/ros2_ws/install/robotic_control:/home/rahul/ros2_ws/install/robot_arm_control:/opt/ros/humble /usr/bin/cmake /home/rahul/ros2_ws/src/robotic_arm_interfaces -DCMAKE_INSTALL_PREFIX=/home/rahul/ros2_ws/src/install/robotic_arm_interfaces
[0.047s] -- Found ament_cmake: 1.3.11 (/opt/ros/humble/share/ament_cmake/cmake)
[0.328s] -- Found rosidl_default_generators: 1.2.0 (/opt/ros/humble/share/rosidl_default_generators/cmake)
[0.331s] -- Using all available rosidl_typesupport_c: rosidl_typesupport_fastrtps_c;rosidl_typesupport_introspection_c
[0.336s] -- Found rosidl_adapter: 3.1.6 (/opt/ros/humble/share/rosidl_adapter/cmake)
[0.388s] -- Using all available rosidl_typesupport_cpp: rosidl_typesupport_fastrtps_cpp;rosidl_typesupport_introspection_cpp
[0.982s] -- Found ament_cmake_ros: 0.10.0 (/opt/ros/humble/share/ament_cmake_ros/cmake)
[1.379s] -- Using all available rosidl_typesupport_c: rosidl_typesupport_fastrtps_c;rosidl_typesupport_introspection_c
[1.875s] -- Using all available rosidl_typesupport_cpp: rosidl_typesupport_fastrtps_cpp;rosidl_typesupport_introspection_cpp
[1.916s] -- Found PythonInterp: /usr/bin/python3 (found suitable version "3.10.12", minimum required is "3.6") 
[1.920s] -- Found python_cmake_module: 0.10.0 (/opt/ros/humble/share/python_cmake_module/cmake)
[1.968s] -- Found PythonLibs: /usr/lib/x86_64-linux-gnu/libpython3.10.so (found suitable version "3.10.12", minimum required is "3.5") 
[1.968s] -- Using PYTHON_EXECUTABLE: /usr/bin/python3
[1.968s] -- Using PYTHON_INCLUDE_DIRS: /usr/include/python3.10
[1.968s] -- Using PYTHON_LIBRARIES: /usr/lib/x86_64-linux-gnu/libpython3.10.so
[2.017s] -- Found PythonExtra: .so  
[2.088s] -- Configuring done
[2.142s] -- Generating done
[2.158s] -- Build files have been written to: /home/rahul/ros2_ws/src/build/robotic_arm_interfaces
[2.165s] Invoked command in '/home/rahul/ros2_ws/src/build/robotic_arm_interfaces' returned '0': CMAKE_PREFIX_PATH=${CMAKE_PREFIX_PATH}:/home/rahul/ros2_ws/install/ps4_servo_control:/home/rahul/ros2_ws/install/robotic_control:/home/rahul/ros2_ws/install/robot_arm_control:/opt/ros/humble /usr/bin/cmake /home/rahul/ros2_ws/src/robotic_arm_interfaces -DCMAKE_INSTALL_PREFIX=/home/rahul/ros2_ws/src/install/robotic_arm_interfaces
[2.168s] Invoking command in '/home/rahul/ros2_ws/src/build/robotic_arm_interfaces': CMAKE_PREFIX_PATH=${CMAKE_PREFIX_PATH}:/home/rahul/ros2_ws/install/ps4_servo_control:/home/rahul/ros2_ws/install/robotic_control:/home/rahul/ros2_ws/install/robot_arm_control:/opt/ros/humble /usr/bin/cmake --build /home/rahul/ros2_ws/src/build/robotic_arm_interfaces -- -j4 -l4
[2.240s] [  3%] [34m[1mGenerating C code for ROS interfaces[0m
[2.257s] [  6%] [34m[1mGenerating C++ code for ROS interfaces[0m
[2.287s] [  6%] Built target ament_cmake_python_copy_robotic_arm_interfaces
[2.822s] running egg_info
[2.825s] creating robotic_arm_interfaces.egg-info
[2.826s] writing robotic_arm_interfaces.egg-info/PKG-INFO
[2.827s] writing dependency_links to robotic_arm_interfaces.egg-info/dependency_links.txt
[2.827s] writing top-level names to robotic_arm_interfaces.egg-info/top_level.txt
[2.827s] writing manifest file 'robotic_arm_interfaces.egg-info/SOURCES.txt'
[2.834s] reading manifest file 'robotic_arm_interfaces.egg-info/SOURCES.txt'
[2.839s] writing manifest file 'robotic_arm_interfaces.egg-info/SOURCES.txt'
[2.902s] [  6%] Built target ament_cmake_python_build_robotic_arm_interfaces_egg
[2.919s] [  6%] Built target robotic_arm_interfaces__cpp
[2.941s] [  9%] [34m[1mGenerating C++ type support for eProsima Fast-RTPS[0m
[2.945s] [ 12%] [34m[1mGenerating C++ type support dispatch for ROS interfaces[0m
[2.953s] [ 16%] [34m[1mGenerating C++ introspection for ROS interfaces[0m
[2.968s] [ 19%] [32mBuilding C object CMakeFiles/robotic_arm_interfaces__rosidl_generator_c.dir/rosidl_generator_c/robotic_arm_interfaces/msg/detail/position_robotic_arm__functions.c.o[0m
[3.109s] [ 22%] [32m[1mLinking C shared library librobotic_arm_interfaces__rosidl_generator_c.so[0m
[3.217s] [ 22%] Built target robotic_arm_interfaces__rosidl_generator_c
[3.252s] [ 25%] [34m[1mGenerating C type support for eProsima Fast-RTPS[0m
[3.589s] [ 29%] [32mBuilding CXX object CMakeFiles/robotic_arm_interfaces__rosidl_typesupport_introspection_cpp.dir/rosidl_typesupport_introspection_cpp/robotic_arm_interfaces/msg/detail/position_robotic_arm__type_support.cpp.o[0m
[3.609s] [ 32%] [32mBuilding CXX object CMakeFiles/robotic_arm_interfaces__rosidl_typesupport_fastrtps_cpp.dir/rosidl_typesupport_fastrtps_cpp/robotic_arm_interfaces/msg/detail/dds_fastrtps/position_robotic_arm__type_support.cpp.o[0m
[3.621s] [ 35%] [32mBuilding CXX object CMakeFiles/robotic_arm_interfaces__rosidl_typesupport_cpp.dir/rosidl_typesupport_cpp/robotic_arm_interfaces/msg/position_robotic_arm__type_support.cpp.o[0m
[4.236s] [ 38%] [32mBuilding CXX object CMakeFiles/robotic_arm_interfaces__rosidl_typesupport_fastrtps_c.dir/rosidl_typesupport_fastrtps_c/robotic_arm_interfaces/msg/detail/position_robotic_arm__type_support_c.cpp.o[0m
[4.355s] [ 41%] [32m[1mLinking CXX shared library librobotic_arm_interfaces__rosidl_typesupport_cpp.so[0m
[4.497s] [ 41%] Built target robotic_arm_interfaces__rosidl_typesupport_cpp
[4.533s] [ 45%] [34m[1mGenerating C introspection for ROS interfaces[0m
[4.609s] [ 48%] [32m[1mLinking CXX shared library librobotic_arm_interfaces__rosidl_typesupport_fastrtps_cpp.so[0m
[4.639s] [ 51%] [32m[1mLinking CXX shared library librobotic_arm_interfaces__rosidl_typesupport_introspection_cpp.so[0m
[4.742s] [ 51%] Built target robotic_arm_interfaces__rosidl_typesupport_introspection_cpp
[4.763s] [ 54%] [34m[1mGenerating C type support dispatch for ROS interfaces[0m
[4.809s] [ 54%] Built target robotic_arm_interfaces__rosidl_typesupport_fastrtps_cpp
[5.229s] [ 58%] [32m[1mLinking CXX shared library librobotic_arm_interfaces__rosidl_typesupport_fastrtps_c.so[0m
[5.235s] [ 61%] [32mBuilding CXX object CMakeFiles/robotic_arm_interfaces__rosidl_typesupport_c.dir/rosidl_typesupport_c/robotic_arm_interfaces/msg/position_robotic_arm__type_support.cpp.o[0m
[5.307s] [ 64%] [32m[1mLinking CXX shared library librobotic_arm_interfaces__rosidl_typesupport_c.so[0m
[5.373s] [ 67%] [32mBuilding C object CMakeFiles/robotic_arm_interfaces__rosidl_typesupport_introspection_c.dir/rosidl_typesupport_introspection_c/robotic_arm_interfaces/msg/detail/position_robotic_arm__type_support.c.o[0m
[5.405s] [ 67%] Built target robotic_arm_interfaces__rosidl_typesupport_c
[5.411s] [ 67%] Built target robotic_arm_interfaces__rosidl_typesupport_fastrtps_c
[5.438s] [ 70%] [32m[1mLinking C shared library librobotic_arm_interfaces__rosidl_typesupport_introspection_c.so[0m
[5.491s] [ 70%] Built target robotic_arm_interfaces__rosidl_typesupport_introspection_c
[5.525s] [ 70%] Built target robotic_arm_interfaces
[5.557s] [ 74%] [34m[1mGenerating Python code for ROS interfaces[0m
[6.416s] [ 74%] Built target robotic_arm_interfaces__py
[6.454s] [ 77%] [32mBuilding C object CMakeFiles/robotic_arm_interfaces__rosidl_generator_py.dir/rosidl_generator_py/robotic_arm_interfaces/msg/_position_robotic_arm_s.c.o[0m
[6.683s] [ 80%] [32m[1mLinking C shared library rosidl_generator_py/robotic_arm_interfaces/librobotic_arm_interfaces__rosidl_generator_py.so[0m
[6.752s] [ 80%] Built target robotic_arm_interfaces__rosidl_generator_py
[6.784s] [ 83%] [32mBuilding C object CMakeFiles/robotic_arm_interfaces__rosidl_typesupport_introspection_c__pyext.dir/rosidl_generator_py/robotic_arm_interfaces/_robotic_arm_interfaces_s.ep.rosidl_typesupport_introspection_c.c.o[0m
[6.793s] [ 87%] [32mBuilding C object CMakeFiles/robotic_arm_interfaces__rosidl_typesupport_fastrtps_c__pyext.dir/rosidl_generator_py/robotic_arm_interfaces/_robotic_arm_interfaces_s.ep.rosidl_typesupport_fastrtps_c.c.o[0m
[6.923s] [ 90%] [32m[1mLinking C shared library rosidl_generator_py/robotic_arm_interfaces/robotic_arm_interfaces_s__rosidl_typesupport_introspection_c.cpython-310-x86_64-linux-gnu.so[0m
[6.983s] [ 90%] Built target robotic_arm_interfaces__rosidl_typesupport_introspection_c__pyext
[7.010s] [ 93%] [32m[1mLinking C shared library rosidl_generator_py/robotic_arm_interfaces/robotic_arm_interfaces_s__rosidl_typesupport_fastrtps_c.cpython-310-x86_64-linux-gnu.so[0m
[7.017s] [ 96%] [32mBuilding C object CMakeFiles/robotic_arm_interfaces__rosidl_typesupport_c__pyext.dir/rosidl_generator_py/robotic_arm_interfaces/_robotic_arm_interfaces_s.ep.rosidl_typesupport_c.c.o[0m
[7.068s] [ 96%] Built target robotic_arm_interfaces__rosidl_typesupport_fastrtps_c__pyext
[7.214s] [100%] [32m[1mLinking C shared library rosidl_generator_py/robotic_arm_interfaces/robotic_arm_interfaces_s__rosidl_typesupport_c.cpython-310-x86_64-linux-gnu.so[0m
[7.271s] [100%] Built target robotic_arm_interfaces__rosidl_typesupport_c__pyext
[7.294s] Invoked command in '/home/rahul/ros2_ws/src/build/robotic_arm_interfaces' returned '0': CMAKE_PREFIX_PATH=${CMAKE_PREFIX_PATH}:/home/rahul/ros2_ws/install/ps4_servo_control:/home/rahul/ros2_ws/install/robotic_control:/home/rahul/ros2_ws/install/robot_arm_control:/opt/ros/humble /usr/bin/cmake --build /home/rahul/ros2_ws/src/build/robotic_arm_interfaces -- -j4 -l4
[7.315s] Invoking command in '/home/rahul/ros2_ws/src/build/robotic_arm_interfaces': CMAKE_PREFIX_PATH=${CMAKE_PREFIX_PATH}:/home/rahul/ros2_ws/install/ps4_servo_control:/home/rahul/ros2_ws/install/robotic_control:/home/rahul/ros2_ws/install/robot_arm_control:/opt/ros/humble /usr/bin/cmake --install /home/rahul/ros2_ws/src/build/robotic_arm_interfaces
[7.328s] -- Install configuration: ""
[7.329s] -- Installing: /home/rahul/ros2_ws/src/install/robotic_arm_interfaces/share/ament_index/resource_index/rosidl_interfaces/robotic_arm_interfaces
[7.329s] -- Installing: /home/rahul/ros2_ws/src/install/robotic_arm_interfaces/include/robotic_arm_interfaces/robotic_arm_interfaces
[7.329s] -- Installing: /home/rahul/ros2_ws/src/install/robotic_arm_interfaces/include/robotic_arm_interfaces/robotic_arm_interfaces/msg
[7.330s] -- Installing: /home/rahul/ros2_ws/src/install/robotic_arm_interfaces/include/robotic_arm_interfaces/robotic_arm_interfaces/msg/position_robotic_arm.h
[7.330s] -- Installing: /home/rahul/ros2_ws/src/install/robotic_arm_interfaces/include/robotic_arm_interfaces/robotic_arm_interfaces/msg/rosidl_generator_c__visibility_control.h
[7.330s] -- Installing: /home/rahul/ros2_ws/src/install/robotic_arm_interfaces/include/robotic_arm_interfaces/robotic_arm_interfaces/msg/detail
[7.330s] -- Installing: /home/rahul/ros2_ws/src/install/robotic_arm_interfaces/include/robotic_arm_interfaces/robotic_arm_interfaces/msg/detail/position_robotic_arm__functions.h
[7.331s] -- Installing: /home/rahul/ros2_ws/src/install/robotic_arm_interfaces/include/robotic_arm_interfaces/robotic_arm_interfaces/msg/detail/position_robotic_arm__type_support.h
[7.331s] -- Installing: /home/rahul/ros2_ws/src/install/robotic_arm_interfaces/include/robotic_arm_interfaces/robotic_arm_interfaces/msg/detail/position_robotic_arm__functions.c
[7.331s] -- Installing: /home/rahul/ros2_ws/src/install/robotic_arm_interfaces/include/robotic_arm_interfaces/robotic_arm_interfaces/msg/detail/position_robotic_arm__struct.h
[7.331s] -- Installing: /home/rahul/ros2_ws/src/install/robotic_arm_interfaces/share/robotic_arm_interfaces/environment/library_path.sh
[7.331s] -- Installing: /home/rahul/ros2_ws/src/install/robotic_arm_interfaces/share/robotic_arm_interfaces/environment/library_path.dsv
[7.332s] -- Installing: /home/rahul/ros2_ws/src/install/robotic_arm_interfaces/lib/librobotic_arm_interfaces__rosidl_generator_c.so
[7.333s] -- Set runtime path of "/home/rahul/ros2_ws/src/install/robotic_arm_interfaces/lib/librobotic_arm_interfaces__rosidl_generator_c.so" to ""
[7.333s] -- Up-to-date: /home/rahul/ros2_ws/src/install/robotic_arm_interfaces/include/robotic_arm_interfaces/robotic_arm_interfaces
[7.333s] -- Up-to-date: /home/rahul/ros2_ws/src/install/robotic_arm_interfaces/include/robotic_arm_interfaces/robotic_arm_interfaces/msg
[7.333s] -- Up-to-date: /home/rahul/ros2_ws/src/install/robotic_arm_interfaces/include/robotic_arm_interfaces/robotic_arm_interfaces/msg/detail
[7.334s] -- Installing: /home/rahul/ros2_ws/src/install/robotic_arm_interfaces/include/robotic_arm_interfaces/robotic_arm_interfaces/msg/detail/position_robotic_arm__rosidl_typesupport_fastrtps_c.h
[7.334s] -- Installing: /home/rahul/ros2_ws/src/install/robotic_arm_interfaces/include/robotic_arm_interfaces/robotic_arm_interfaces/msg/rosidl_typesupport_fastrtps_c__visibility_control.h
[7.334s] -- Installing: /home/rahul/ros2_ws/src/install/robotic_arm_interfaces/lib/librobotic_arm_interfaces__rosidl_typesupport_fastrtps_c.so
[7.335s] -- Set runtime path of "/home/rahul/ros2_ws/src/install/robotic_arm_interfaces/lib/librobotic_arm_interfaces__rosidl_typesupport_fastrtps_c.so" to ""
[7.335s] -- Up-to-date: /home/rahul/ros2_ws/src/install/robotic_arm_interfaces/include/robotic_arm_interfaces/robotic_arm_interfaces
[7.335s] -- Up-to-date: /home/rahul/ros2_ws/src/install/robotic_arm_interfaces/include/robotic_arm_interfaces/robotic_arm_interfaces/msg
[7.335s] -- Up-to-date: /home/rahul/ros2_ws/src/install/robotic_arm_interfaces/include/robotic_arm_interfaces/robotic_arm_interfaces/msg/detail
[7.336s] -- Installing: /home/rahul/ros2_ws/src/install/robotic_arm_interfaces/include/robotic_arm_interfaces/robotic_arm_interfaces/msg/detail/position_robotic_arm__type_support.c
[7.336s] -- Installing: /home/rahul/ros2_ws/src/install/robotic_arm_interfaces/include/robotic_arm_interfaces/robotic_arm_interfaces/msg/detail/position_robotic_arm__rosidl_typesupport_introspection_c.h
[7.336s] -- Installing: /home/rahul/ros2_ws/src/install/robotic_arm_interfaces/include/robotic_arm_interfaces/robotic_arm_interfaces/msg/rosidl_typesupport_introspection_c__visibility_control.h
[7.336s] -- Installing: /home/rahul/ros2_ws/src/install/robotic_arm_interfaces/lib/librobotic_arm_interfaces__rosidl_typesupport_introspection_c.so
[7.337s] -- Set runtime path of "/home/rahul/ros2_ws/src/install/robotic_arm_interfaces/lib/librobotic_arm_interfaces__rosidl_typesupport_introspection_c.so" to ""
[7.337s] -- Installing: /home/rahul/ros2_ws/src/install/robotic_arm_interfaces/lib/librobotic_arm_interfaces__rosidl_typesupport_c.so
[7.338s] -- Set runtime path of "/home/rahul/ros2_ws/src/install/robotic_arm_interfaces/lib/librobotic_arm_interfaces__rosidl_typesupport_c.so" to ""
[7.338s] -- Up-to-date: /home/rahul/ros2_ws/src/install/robotic_arm_interfaces/include/robotic_arm_interfaces/robotic_arm_interfaces
[7.338s] -- Up-to-date: /home/rahul/ros2_ws/src/install/robotic_arm_interfaces/include/robotic_arm_interfaces/robotic_arm_interfaces/msg
[7.338s] -- Installing: /home/rahul/ros2_ws/src/install/robotic_arm_interfaces/include/robotic_arm_interfaces/robotic_arm_interfaces/msg/rosidl_generator_cpp__visibility_control.hpp
[7.339s] -- Up-to-date: /home/rahul/ros2_ws/src/install/robotic_arm_interfaces/include/robotic_arm_interfaces/robotic_arm_interfaces/msg/detail
[7.339s] -- Installing: /home/rahul/ros2_ws/src/install/robotic_arm_interfaces/include/robotic_arm_interfaces/robotic_arm_interfaces/msg/detail/position_robotic_arm__builder.hpp
[7.339s] -- Installing: /home/rahul/ros2_ws/src/install/robotic_arm_interfaces/include/robotic_arm_interfaces/robotic_arm_interfaces/msg/detail/position_robotic_arm__type_support.hpp
[7.339s] -- Installing: /home/rahul/ros2_ws/src/install/robotic_arm_interfaces/include/robotic_arm_interfaces/robotic_arm_interfaces/msg/detail/position_robotic_arm__struct.hpp
[7.339s] -- Installing: /home/rahul/ros2_ws/src/install/robotic_arm_interfaces/include/robotic_arm_interfaces/robotic_arm_interfaces/msg/detail/position_robotic_arm__traits.hpp
[7.340s] -- Installing: /home/rahul/ros2_ws/src/install/robotic_arm_interfaces/include/robotic_arm_interfaces/robotic_arm_interfaces/msg/position_robotic_arm.hpp
[7.340s] -- Up-to-date: /home/rahul/ros2_ws/src/install/robotic_arm_interfaces/include/robotic_arm_interfaces/robotic_arm_interfaces
[7.340s] -- Up-to-date: /home/rahul/ros2_ws/src/install/robotic_arm_interfaces/include/robotic_arm_interfaces/robotic_arm_interfaces/msg
[7.340s] -- Up-to-date: /home/rahul/ros2_ws/src/install/robotic_arm_interfaces/include/robotic_arm_interfaces/robotic_arm_interfaces/msg/detail
[7.340s] -- Installing: /home/rahul/ros2_ws/src/install/robotic_arm_interfaces/include/robotic_arm_interfaces/robotic_arm_interfaces/msg/detail/position_robotic_arm__rosidl_typesupport_fastrtps_cpp.hpp
[7.341s] -- Installing: /home/rahul/ros2_ws/src/install/robotic_arm_interfaces/include/robotic_arm_interfaces/robotic_arm_interfaces/msg/detail/dds_fastrtps
[7.341s] -- Installing: /home/rahul/ros2_ws/src/install/robotic_arm_interfaces/include/robotic_arm_interfaces/robotic_arm_interfaces/msg/rosidl_typesupport_fastrtps_cpp__visibility_control.h
[7.341s] -- Installing: /home/rahul/ros2_ws/src/install/robotic_arm_interfaces/lib/librobotic_arm_interfaces__rosidl_typesupport_fastrtps_cpp.so
[7.342s] -- Set runtime path of "/home/rahul/ros2_ws/src/install/robotic_arm_interfaces/lib/librobotic_arm_interfaces__rosidl_typesupport_fastrtps_cpp.so" to ""
[7.342s] -- Up-to-date: /home/rahul/ros2_ws/src/install/robotic_arm_interfaces/include/robotic_arm_interfaces/robotic_arm_interfaces
[7.342s] -- Up-to-date: /home/rahul/ros2_ws/src/install/robotic_arm_interfaces/include/robotic_arm_interfaces/robotic_arm_interfaces/msg
[7.342s] -- Up-to-date: /home/rahul/ros2_ws/src/install/robotic_arm_interfaces/include/robotic_arm_interfaces/robotic_arm_interfaces/msg/detail
[7.342s] -- Installing: /home/rahul/ros2_ws/src/install/robotic_arm_interfaces/include/robotic_arm_interfaces/robotic_arm_interfaces/msg/detail/position_robotic_arm__type_support.cpp
[7.343s] -- Installing: /home/rahul/ros2_ws/src/install/robotic_arm_interfaces/include/robotic_arm_interfaces/robotic_arm_interfaces/msg/detail/position_robotic_arm__rosidl_typesupport_introspection_cpp.hpp
[7.343s] -- Installing: /home/rahul/ros2_ws/src/install/robotic_arm_interfaces/lib/librobotic_arm_interfaces__rosidl_typesupport_introspection_cpp.so
[7.343s] -- Set runtime path of "/home/rahul/ros2_ws/src/install/robotic_arm_interfaces/lib/librobotic_arm_interfaces__rosidl_typesupport_introspection_cpp.so" to ""
[7.343s] -- Installing: /home/rahul/ros2_ws/src/install/robotic_arm_interfaces/lib/librobotic_arm_interfaces__rosidl_typesupport_cpp.so
[7.344s] -- Set runtime path of "/home/rahul/ros2_ws/src/install/robotic_arm_interfaces/lib/librobotic_arm_interfaces__rosidl_typesupport_cpp.so" to ""
[7.344s] -- Installing: /home/rahul/ros2_ws/src/install/robotic_arm_interfaces/share/robotic_arm_interfaces/environment/pythonpath.sh
[7.345s] -- Installing: /home/rahul/ros2_ws/src/install/robotic_arm_interfaces/share/robotic_arm_interfaces/environment/pythonpath.dsv
[7.345s] -- Installing: /home/rahul/ros2_ws/src/install/robotic_arm_interfaces/local/lib/python3.10/dist-packages/robotic_arm_interfaces-0.0.0-py3.10.egg-info
[7.345s] -- Installing: /home/rahul/ros2_ws/src/install/robotic_arm_interfaces/local/lib/python3.10/dist-packages/robotic_arm_interfaces-0.0.0-py3.10.egg-info/dependency_links.txt
[7.345s] -- Installing: /home/rahul/ros2_ws/src/install/robotic_arm_interfaces/local/lib/python3.10/dist-packages/robotic_arm_interfaces-0.0.0-py3.10.egg-info/SOURCES.txt
[7.346s] -- Installing: /home/rahul/ros2_ws/src/install/robotic_arm_interfaces/local/lib/python3.10/dist-packages/robotic_arm_interfaces-0.0.0-py3.10.egg-info/top_level.txt
[7.346s] -- Installing: /home/rahul/ros2_ws/src/install/robotic_arm_interfaces/local/lib/python3.10/dist-packages/robotic_arm_interfaces-0.0.0-py3.10.egg-info/PKG-INFO
[7.346s] -- Installing: /home/rahul/ros2_ws/src/install/robotic_arm_interfaces/local/lib/python3.10/dist-packages/robotic_arm_interfaces
[7.346s] -- Installing: /home/rahul/ros2_ws/src/install/robotic_arm_interfaces/local/lib/python3.10/dist-packages/robotic_arm_interfaces/_robotic_arm_interfaces_s.ep.rosidl_typesupport_c.c
[7.347s] -- Installing: /home/rahul/ros2_ws/src/install/robotic_arm_interfaces/local/lib/python3.10/dist-packages/robotic_arm_interfaces/msg
[7.347s] -- Installing: /home/rahul/ros2_ws/src/install/robotic_arm_interfaces/local/lib/python3.10/dist-packages/robotic_arm_interfaces/msg/_position_robotic_arm_s.c
[7.347s] -- Installing: /home/rahul/ros2_ws/src/install/robotic_arm_interfaces/local/lib/python3.10/dist-packages/robotic_arm_interfaces/msg/_position_robotic_arm.py
[7.347s] -- Installing: /home/rahul/ros2_ws/src/install/robotic_arm_interfaces/local/lib/python3.10/dist-packages/robotic_arm_interfaces/msg/__init__.py
[7.348s] -- Installing: /home/rahul/ros2_ws/src/install/robotic_arm_interfaces/local/lib/python3.10/dist-packages/robotic_arm_interfaces/librobotic_arm_interfaces__rosidl_generator_py.so
[7.348s] -- Installing: /home/rahul/ros2_ws/src/install/robotic_arm_interfaces/local/lib/python3.10/dist-packages/robotic_arm_interfaces/_robotic_arm_interfaces_s.ep.rosidl_typesupport_fastrtps_c.c
[7.348s] -- Installing: /home/rahul/ros2_ws/src/install/robotic_arm_interfaces/local/lib/python3.10/dist-packages/robotic_arm_interfaces/robotic_arm_interfaces_s__rosidl_typesupport_fastrtps_c.cpython-310-x86_64-linux-gnu.so
[7.348s] -- Installing: /home/rahul/ros2_ws/src/install/robotic_arm_interfaces/local/lib/python3.10/dist-packages/robotic_arm_interfaces/_robotic_arm_interfaces_s.ep.rosidl_typesupport_introspection_c.c
[7.349s] -- Installing: /home/rahul/ros2_ws/src/install/robotic_arm_interfaces/local/lib/python3.10/dist-packages/robotic_arm_interfaces/robotic_arm_interfaces_s__rosidl_typesupport_c.cpython-310-x86_64-linux-gnu.so
[7.349s] -- Installing: /home/rahul/ros2_ws/src/install/robotic_arm_interfaces/local/lib/python3.10/dist-packages/robotic_arm_interfaces/__init__.py
[7.349s] -- Installing: /home/rahul/ros2_ws/src/install/robotic_arm_interfaces/local/lib/python3.10/dist-packages/robotic_arm_interfaces/robotic_arm_interfaces_s__rosidl_typesupport_introspection_c.cpython-310-x86_64-linux-gnu.so
[7.404s] Listing '/home/rahul/ros2_ws/src/install/robotic_arm_interfaces/local/lib/python3.10/dist-packages/robotic_arm_interfaces'...
[7.405s] Compiling '/home/rahul/ros2_ws/src/install/robotic_arm_interfaces/local/lib/python3.10/dist-packages/robotic_arm_interfaces/__init__.py'...
[7.405s] Listing '/home/rahul/ros2_ws/src/install/robotic_arm_interfaces/local/lib/python3.10/dist-packages/robotic_arm_interfaces/msg'...
[7.405s] Compiling '/home/rahul/ros2_ws/src/install/robotic_arm_interfaces/local/lib/python3.10/dist-packages/robotic_arm_interfaces/msg/__init__.py'...
[7.405s] Compiling '/home/rahul/ros2_ws/src/install/robotic_arm_interfaces/local/lib/python3.10/dist-packages/robotic_arm_interfaces/msg/_position_robotic_arm.py'...
[7.412s] -- Installing: /home/rahul/ros2_ws/src/install/robotic_arm_interfaces/local/lib/python3.10/dist-packages/robotic_arm_interfaces/robotic_arm_interfaces_s__rosidl_typesupport_fastrtps_c.cpython-310-x86_64-linux-gnu.so
[7.413s] -- Set runtime path of "/home/rahul/ros2_ws/src/install/robotic_arm_interfaces/local/lib/python3.10/dist-packages/robotic_arm_interfaces/robotic_arm_interfaces_s__rosidl_typesupport_fastrtps_c.cpython-310-x86_64-linux-gnu.so" to ""
[7.413s] -- Installing: /home/rahul/ros2_ws/src/install/robotic_arm_interfaces/local/lib/python3.10/dist-packages/robotic_arm_interfaces/robotic_arm_interfaces_s__rosidl_typesupport_introspection_c.cpython-310-x86_64-linux-gnu.so
[7.414s] -- Set runtime path of "/home/rahul/ros2_ws/src/install/robotic_arm_interfaces/local/lib/python3.10/dist-packages/robotic_arm_interfaces/robotic_arm_interfaces_s__rosidl_typesupport_introspection_c.cpython-310-x86_64-linux-gnu.so" to ""
[7.415s] -- Installing: /home/rahul/ros2_ws/src/install/robotic_arm_interfaces/local/lib/python3.10/dist-packages/robotic_arm_interfaces/robotic_arm_interfaces_s__rosidl_typesupport_c.cpython-310-x86_64-linux-gnu.so
[7.415s] -- Set runtime path of "/home/rahul/ros2_ws/src/install/robotic_arm_interfaces/local/lib/python3.10/dist-packages/robotic_arm_interfaces/robotic_arm_interfaces_s__rosidl_typesupport_c.cpython-310-x86_64-linux-gnu.so" to ""
[7.415s] -- Installing: /home/rahul/ros2_ws/src/install/robotic_arm_interfaces/lib/librobotic_arm_interfaces__rosidl_generator_py.so
[7.416s] -- Set runtime path of "/home/rahul/ros2_ws/src/install/robotic_arm_interfaces/lib/librobotic_arm_interfaces__rosidl_generator_py.so" to ""
[7.416s] -- Installing: /home/rahul/ros2_ws/src/install/robotic_arm_interfaces/share/robotic_arm_interfaces/msg/PositionRoboticArm.idl
[7.417s] -- Installing: /home/rahul/ros2_ws/src/install/robotic_arm_interfaces/share/robotic_arm_interfaces/msg/PositionRoboticArm.msg
[7.417s] -- Installing: /home/rahul/ros2_ws/src/install/robotic_arm_interfaces/share/ament_index/resource_index/package_run_dependencies/robotic_arm_interfaces
[7.418s] -- Installing: /home/rahul/ros2_ws/src/install/robotic_arm_interfaces/share/ament_index/resource_index/parent_prefix_path/robotic_arm_interfaces
[7.418s] -- Installing: /home/rahul/ros2_ws/src/install/robotic_arm_interfaces/share/robotic_arm_interfaces/environment/ament_prefix_path.sh
[7.418s] -- Installing: /home/rahul/ros2_ws/src/install/robotic_arm_interfaces/share/robotic_arm_interfaces/environment/ament_prefix_path.dsv
[7.418s] -- Installing: /home/rahul/ros2_ws/src/install/robotic_arm_interfaces/share/robotic_arm_interfaces/environment/path.sh
[7.419s] -- Installing: /home/rahul/ros2_ws/src/install/robotic_arm_interfaces/share/robotic_arm_interfaces/environment/path.dsv
[7.419s] -- Installing: /home/rahul/ros2_ws/src/install/robotic_arm_interfaces/share/robotic_arm_interfaces/local_setup.bash
[7.419s] -- Installing: /home/rahul/ros2_ws/src/install/robotic_arm_interfaces/share/robotic_arm_interfaces/local_setup.sh
[7.419s] -- Installing: /home/rahul/ros2_ws/src/install/robotic_arm_interfaces/share/robotic_arm_interfaces/local_setup.zsh
[7.420s] -- Installing: /home/rahul/ros2_ws/src/install/robotic_arm_interfaces/share/robotic_arm_interfaces/local_setup.dsv
[7.420s] -- Installing: /home/rahul/ros2_ws/src/install/robotic_arm_interfaces/share/robotic_arm_interfaces/package.dsv
[7.420s] -- Installing: /home/rahul/ros2_ws/src/install/robotic_arm_interfaces/share/ament_index/resource_index/packages/robotic_arm_interfaces
[7.420s] -- Installing: /home/rahul/ros2_ws/src/install/robotic_arm_interfaces/share/robotic_arm_interfaces/cmake/export_robotic_arm_interfaces__rosidl_generator_cExport.cmake
[7.421s] -- Installing: /home/rahul/ros2_ws/src/install/robotic_arm_interfaces/share/robotic_arm_interfaces/cmake/export_robotic_arm_interfaces__rosidl_generator_cExport-noconfig.cmake
[7.421s] -- Installing: /home/rahul/ros2_ws/src/install/robotic_arm_interfaces/share/robotic_arm_interfaces/cmake/export_robotic_arm_interfaces__rosidl_typesupport_fastrtps_cExport.cmake
[7.421s] -- Installing: /home/rahul/ros2_ws/src/install/robotic_arm_interfaces/share/robotic_arm_interfaces/cmake/export_robotic_arm_interfaces__rosidl_typesupport_fastrtps_cExport-noconfig.cmake
[7.422s] -- Installing: /home/rahul/ros2_ws/src/install/robotic_arm_interfaces/share/robotic_arm_interfaces/cmake/robotic_arm_interfaces__rosidl_typesupport_introspection_cExport.cmake
[7.422s] -- Installing: /home/rahul/ros2_ws/src/install/robotic_arm_interfaces/share/robotic_arm_interfaces/cmake/robotic_arm_interfaces__rosidl_typesupport_introspection_cExport-noconfig.cmake
[7.422s] -- Installing: /home/rahul/ros2_ws/src/install/robotic_arm_interfaces/share/robotic_arm_interfaces/cmake/robotic_arm_interfaces__rosidl_typesupport_cExport.cmake
[7.423s] -- Installing: /home/rahul/ros2_ws/src/install/robotic_arm_interfaces/share/robotic_arm_interfaces/cmake/robotic_arm_interfaces__rosidl_typesupport_cExport-noconfig.cmake
[7.423s] -- Installing: /home/rahul/ros2_ws/src/install/robotic_arm_interfaces/share/robotic_arm_interfaces/cmake/export_robotic_arm_interfaces__rosidl_generator_cppExport.cmake
[7.423s] -- Installing: /home/rahul/ros2_ws/src/install/robotic_arm_interfaces/share/robotic_arm_interfaces/cmake/export_robotic_arm_interfaces__rosidl_typesupport_fastrtps_cppExport.cmake
[7.423s] -- Installing: /home/rahul/ros2_ws/src/install/robotic_arm_interfaces/share/robotic_arm_interfaces/cmake/export_robotic_arm_interfaces__rosidl_typesupport_fastrtps_cppExport-noconfig.cmake
[7.424s] -- Installing: /home/rahul/ros2_ws/src/install/robotic_arm_interfaces/share/robotic_arm_interfaces/cmake/robotic_arm_interfaces__rosidl_typesupport_introspection_cppExport.cmake
[7.424s] -- Installing: /home/rahul/ros2_ws/src/install/robotic_arm_interfaces/share/robotic_arm_interfaces/cmake/robotic_arm_interfaces__rosidl_typesupport_introspection_cppExport-noconfig.cmake
[7.424s] -- Installing: /home/rahul/ros2_ws/src/install/robotic_arm_interfaces/share/robotic_arm_interfaces/cmake/robotic_arm_interfaces__rosidl_typesupport_cppExport.cmake
[7.425s] -- Installing: /home/rahul/ros2_ws/src/install/robotic_arm_interfaces/share/robotic_arm_interfaces/cmake/robotic_arm_interfaces__rosidl_typesupport_cppExport-noconfig.cmake
[7.425s] -- Installing: /home/rahul/ros2_ws/src/install/robotic_arm_interfaces/share/robotic_arm_interfaces/cmake/export_robotic_arm_interfaces__rosidl_generator_pyExport.cmake
[7.425s] -- Installing: /home/rahul/ros2_ws/src/install/robotic_arm_interfaces/share/robotic_arm_interfaces/cmake/export_robotic_arm_interfaces__rosidl_generator_pyExport-noconfig.cmake
[7.425s] -- Installing: /home/rahul/ros2_ws/src/install/robotic_arm_interfaces/share/robotic_arm_interfaces/cmake/rosidl_cmake-extras.cmake
[7.426s] -- Installing: /home/rahul/ros2_ws/src/install/robotic_arm_interfaces/share/robotic_arm_interfaces/cmake/ament_cmake_export_include_directories-extras.cmake
[7.426s] -- Installing: /home/rahul/ros2_ws/src/install/robotic_arm_interfaces/share/robotic_arm_interfaces/cmake/ament_cmake_export_libraries-extras.cmake
[7.426s] -- Installing: /home/rahul/ros2_ws/src/install/robotic_arm_interfaces/share/robotic_arm_interfaces/cmake/ament_cmake_export_targets-extras.cmake
[7.427s] -- Installing: /home/rahul/ros2_ws/src/install/robotic_arm_interfaces/share/robotic_arm_interfaces/cmake/rosidl_cmake_export_typesupport_targets-extras.cmake
[7.427s] -- Installing: /home/rahul/ros2_ws/src/install/robotic_arm_interfaces/share/robotic_arm_interfaces/cmake/ament_cmake_export_dependencies-extras.cmake
[7.428s] -- Installing: /home/rahul/ros2_ws/src/install/robotic_arm_interfaces/share/robotic_arm_interfaces/cmake/rosidl_cmake_export_typesupport_libraries-extras.cmake
[7.428s] -- Installing: /home/rahul/ros2_ws/src/install/robotic_arm_interfaces/share/robotic_arm_interfaces/cmake/robotic_arm_interfacesConfig.cmake
[7.428s] -- Installing: /home/rahul/ros2_ws/src/install/robotic_arm_interfaces/share/robotic_arm_interfaces/cmake/robotic_arm_interfacesConfig-version.cmake
[7.429s] -- Installing: /home/rahul/ros2_ws/src/install/robotic_arm_interfaces/share/robotic_arm_interfaces/package.xml
[7.433s] Invoked command in '/home/rahul/ros2_ws/src/build/robotic_arm_interfaces' returned '0': CMAKE_PREFIX_PATH=${CMAKE_PREFIX_PATH}:/home/rahul/ros2_ws/install/ps4_servo_control:/home/rahul/ros2_ws/install/robotic_control:/home/rahul/ros2_ws/install/robot_arm_control:/opt/ros/humble /usr/bin/cmake --install /home/rahul/ros2_ws/src/build/robotic_arm_interfaces
