[0.034s] Invoking command in '/home/rahul/robotic_arm/f401re_micro_ros/build/CMSISDSP': /usr/bin/cmake /home/rahul/robotic_arm/f401re_micro_ros/Drivers/CMSIS/DSP/Source -DCMAKE_INSTALL_PREFIX=/home/rahul/robotic_arm/f401re_micro_ros/install/CMSISDSP
[0.171s] -- The C compiler identification is GNU 11.4.0
[0.311s] -- The CXX compiler identification is GNU 11.4.0
[0.324s] -- Detecting C compiler ABI info
[0.504s] -- Detecting C compiler ABI info - done
[0.529s] -- Check for working C compiler: /usr/bin/cc - skipped
[0.532s] -- Detecting C compile features
[0.532s] -- Detecting C compile features - done
[0.544s] -- Detecting CXX compiler ABI info
[0.738s] -- Detecting CXX compiler ABI info - done
[0.752s] -- Check for working CXX compiler: /usr/bin/c++ - skipped
[0.753s] -- Detecting CXX compile features
[0.754s] -- Detecting CXX compile features - done
[0.755s] [31mCMake Error at CMakeLists.txt:12 (include):
[0.755s]   include could not find requested file:
[0.755s] 
[0.755s]     configLib
[0.755s] 
[0.755s] [0m
[0.756s] [31mCMake Error at BasicMathFunctions/CMakeLists.txt:5 (include):
[0.756s]   include could not find requested file:
[0.756s] 
[0.756s]     configLib
[0.756s] 
[0.757s] [0m
[0.757s] [31mCMake Error at BasicMathFunctions/CMakeLists.txt:6 (include):
[0.757s]   include could not find requested file:
[0.757s] 
[0.757s]     configDsp
[0.757s] 
[0.758s] [0m
[0.758s] [31mCMake Error at BasicMathFunctions/CMakeLists.txt:34 (configLib):
[0.758s]   Unknown CMake command "configLib".
[0.758s] 
[0.758s] [0m
[0.758s] -- Configuring incomplete, errors occurred!
[0.758s] See also "/home/rahul/robotic_arm/f401re_micro_ros/build/CMSISDSP/CMakeFiles/CMakeOutput.log".
