-- Found ament_cmake: 1.3.11 (/opt/ros/humble/share/ament_cmake/cmake)
-- Found rclcpp: 16.0.11 (/opt/ros/humble/share/rclcpp/cmake)
-- Found rosidl_generator_c: 3.1.6 (/opt/ros/humble/share/rosidl_generator_c/cmake)
-- Found rosidl_adapter: 3.1.6 (/opt/ros/humble/share/rosidl_adapter/cmake)
-- Found rosidl_generator_cpp: 3.1.6 (/opt/ros/humble/share/rosidl_generator_cpp/cmake)
-- Using all available rosidl_typesupport_c: rosidl_typesupport_fastrtps_c;rosidl_typesupport_introspection_c
-- Using all available rosidl_typesupport_cpp: rosidl_typesupport_fastrtps_cpp;rosidl_typesupport_introspection_cpp
-- Found rmw_implementation_cmake: 6.1.2 (/opt/ros/humble/share/rmw_implementation_cmake/cmake)
-- Found rmw_fastrtps_cpp: 6.2.7 (/opt/ros/humble/share/rmw_fastrtps_cpp/cmake)
-- Using RMW implementation 'rmw_fastrtps_cpp' as default
-- Found sensor_msgs: 4.2.4 (/opt/ros/humble/share/sensor_msgs/cmake)
-- Found robotic_arm_interfaces: 0.0.0 (/home/rahul/ros2_ws/install/robotic_arm_interfaces/share/robotic_arm_interfaces/cmake)
-- Configuring done
-- Generating done
-- Build files have been written to: /home/rahul/ros2_ws/build/joy_to_arm_interface
-- Install configuration: ""
-- Installing: /home/rahul/ros2_ws/install/joy_to_arm_interface/share/ament_index/resource_index/package_run_dependencies/joy_to_arm_interface
-- Installing: /home/rahul/ros2_ws/install/joy_to_arm_interface/share/ament_index/resource_index/parent_prefix_path/joy_to_arm_interface
-- Installing: /home/rahul/ros2_ws/install/joy_to_arm_interface/share/joy_to_arm_interface/environment/ament_prefix_path.sh
-- Installing: /home/rahul/ros2_ws/install/joy_to_arm_interface/share/joy_to_arm_interface/environment/ament_prefix_path.dsv
-- Installing: /home/rahul/ros2_ws/install/joy_to_arm_interface/share/joy_to_arm_interface/environment/path.sh
-- Installing: /home/rahul/ros2_ws/install/joy_to_arm_interface/share/joy_to_arm_interface/environment/path.dsv
-- Installing: /home/rahul/ros2_ws/install/joy_to_arm_interface/share/joy_to_arm_interface/local_setup.bash
-- Installing: /home/rahul/ros2_ws/install/joy_to_arm_interface/share/joy_to_arm_interface/local_setup.sh
-- Installing: /home/rahul/ros2_ws/install/joy_to_arm_interface/share/joy_to_arm_interface/local_setup.zsh
-- Installing: /home/rahul/ros2_ws/install/joy_to_arm_interface/share/joy_to_arm_interface/local_setup.dsv
-- Installing: /home/rahul/ros2_ws/install/joy_to_arm_interface/share/joy_to_arm_interface/package.dsv
-- Installing: /home/rahul/ros2_ws/install/joy_to_arm_interface/share/ament_index/resource_index/packages/joy_to_arm_interface
-- Installing: /home/rahul/ros2_ws/install/joy_to_arm_interface/share/joy_to_arm_interface/cmake/joy_to_arm_interfaceConfig.cmake
-- Installing: /home/rahul/ros2_ws/install/joy_to_arm_interface/share/joy_to_arm_interface/cmake/joy_to_arm_interfaceConfig-version.cmake
-- Installing: /home/rahul/ros2_ws/install/joy_to_arm_interface/share/joy_to_arm_interface/package.xml
