[0.015s] Invoking command in '/home/rahul/ros2_ws/build/joy_to_arm_interface': CMAKE_PREFIX_PATH=${CMAKE_PREFIX_PATH}:/home/rahul/ros2_ws/install/ps4_servo_control:/home/rahul/ros2_ws/install/robotic_control:/home/rahul/ros2_ws/install/robot_arm_control:/opt/ros/humble /usr/bin/cmake /home/rahul/ros2_ws/src/joy_to_arm_interface -DCMAKE_INSTALL_PREFIX=/home/rahul/ros2_ws/install/joy_to_arm_interface
[0.034s] -- Found ament_cmake: 1.3.11 (/opt/ros/humble/share/ament_cmake/cmake)
[0.229s] -- Found rclcpp: 16.0.11 (/opt/ros/humble/share/rclcpp/cmake)
[0.278s] -- Found rosidl_generator_c: 3.1.6 (/opt/ros/humble/share/rosidl_generator_c/cmake)
[0.282s] -- Found rosidl_adapter: 3.1.6 (/opt/ros/humble/share/rosidl_adapter/cmake)
[0.291s] -- Found rosidl_generator_cpp: 3.1.6 (/opt/ros/humble/share/rosidl_generator_cpp/cmake)
[0.306s] -- Using all available rosidl_typesupport_c: rosidl_typesupport_fastrtps_c;rosidl_typesupport_introspection_c
[0.328s] -- Using all available rosidl_typesupport_cpp: rosidl_typesupport_fastrtps_cpp;rosidl_typesupport_introspection_cpp
[0.394s] -- Found rmw_implementation_cmake: 6.1.2 (/opt/ros/humble/share/rmw_implementation_cmake/cmake)
[0.396s] -- Found rmw_fastrtps_cpp: 6.2.7 (/opt/ros/humble/share/rmw_fastrtps_cpp/cmake)
[0.543s] -- Using RMW implementation 'rmw_fastrtps_cpp' as default
[0.619s] -- Found sensor_msgs: 4.2.4 (/opt/ros/humble/share/sensor_msgs/cmake)
[0.663s] -- Found robotic_arm_interfaces: 0.0.0 (/home/rahul/ros2_ws/install/robotic_arm_interfaces/share/robotic_arm_interfaces/cmake)
[0.777s] -- Configuring done
[0.784s] -- Generating done
[0.788s] -- Build files have been written to: /home/rahul/ros2_ws/build/joy_to_arm_interface
[0.799s] Invoked command in '/home/rahul/ros2_ws/build/joy_to_arm_interface' returned '0': CMAKE_PREFIX_PATH=${CMAKE_PREFIX_PATH}:/home/rahul/ros2_ws/install/ps4_servo_control:/home/rahul/ros2_ws/install/robotic_control:/home/rahul/ros2_ws/install/robot_arm_control:/opt/ros/humble /usr/bin/cmake /home/rahul/ros2_ws/src/joy_to_arm_interface -DCMAKE_INSTALL_PREFIX=/home/rahul/ros2_ws/install/joy_to_arm_interface
[0.801s] Invoking command in '/home/rahul/ros2_ws/build/joy_to_arm_interface': CMAKE_PREFIX_PATH=${CMAKE_PREFIX_PATH}:/home/rahul/ros2_ws/install/ps4_servo_control:/home/rahul/ros2_ws/install/robotic_control:/home/rahul/ros2_ws/install/robot_arm_control:/opt/ros/humble /usr/bin/cmake --build /home/rahul/ros2_ws/build/joy_to_arm_interface -- -j4 -l4
[0.864s] Invoked command in '/home/rahul/ros2_ws/build/joy_to_arm_interface' returned '0': CMAKE_PREFIX_PATH=${CMAKE_PREFIX_PATH}:/home/rahul/ros2_ws/install/ps4_servo_control:/home/rahul/ros2_ws/install/robotic_control:/home/rahul/ros2_ws/install/robot_arm_control:/opt/ros/humble /usr/bin/cmake --build /home/rahul/ros2_ws/build/joy_to_arm_interface -- -j4 -l4
[0.867s] Invoking command in '/home/rahul/ros2_ws/build/joy_to_arm_interface': CMAKE_PREFIX_PATH=${CMAKE_PREFIX_PATH}:/home/rahul/ros2_ws/install/ps4_servo_control:/home/rahul/ros2_ws/install/robotic_control:/home/rahul/ros2_ws/install/robot_arm_control:/opt/ros/humble /usr/bin/cmake --install /home/rahul/ros2_ws/build/joy_to_arm_interface
[0.878s] -- Install configuration: ""
[0.879s] -- Installing: /home/rahul/ros2_ws/install/joy_to_arm_interface/share/ament_index/resource_index/package_run_dependencies/joy_to_arm_interface
[0.879s] -- Installing: /home/rahul/ros2_ws/install/joy_to_arm_interface/share/ament_index/resource_index/parent_prefix_path/joy_to_arm_interface
[0.879s] -- Installing: /home/rahul/ros2_ws/install/joy_to_arm_interface/share/joy_to_arm_interface/environment/ament_prefix_path.sh
[0.880s] -- Installing: /home/rahul/ros2_ws/install/joy_to_arm_interface/share/joy_to_arm_interface/environment/ament_prefix_path.dsv
[0.880s] -- Installing: /home/rahul/ros2_ws/install/joy_to_arm_interface/share/joy_to_arm_interface/environment/path.sh
[0.880s] -- Installing: /home/rahul/ros2_ws/install/joy_to_arm_interface/share/joy_to_arm_interface/environment/path.dsv
[0.880s] -- Installing: /home/rahul/ros2_ws/install/joy_to_arm_interface/share/joy_to_arm_interface/local_setup.bash
[0.880s] -- Installing: /home/rahul/ros2_ws/install/joy_to_arm_interface/share/joy_to_arm_interface/local_setup.sh
[0.881s] -- Installing: /home/rahul/ros2_ws/install/joy_to_arm_interface/share/joy_to_arm_interface/local_setup.zsh
[0.881s] -- Installing: /home/rahul/ros2_ws/install/joy_to_arm_interface/share/joy_to_arm_interface/local_setup.dsv
[0.881s] -- Installing: /home/rahul/ros2_ws/install/joy_to_arm_interface/share/joy_to_arm_interface/package.dsv
[0.881s] -- Installing: /home/rahul/ros2_ws/install/joy_to_arm_interface/share/ament_index/resource_index/packages/joy_to_arm_interface
[0.882s] -- Installing: /home/rahul/ros2_ws/install/joy_to_arm_interface/share/joy_to_arm_interface/cmake/joy_to_arm_interfaceConfig.cmake
[0.882s] -- Installing: /home/rahul/ros2_ws/install/joy_to_arm_interface/share/joy_to_arm_interface/cmake/joy_to_arm_interfaceConfig-version.cmake
[0.882s] -- Installing: /home/rahul/ros2_ws/install/joy_to_arm_interface/share/joy_to_arm_interface/package.xml
[0.886s] Invoked command in '/home/rahul/ros2_ws/build/joy_to_arm_interface' returned '0': CMAKE_PREFIX_PATH=${CMAKE_PREFIX_PATH}:/home/rahul/ros2_ws/install/ps4_servo_control:/home/rahul/ros2_ws/install/robotic_control:/home/rahul/ros2_ws/install/robot_arm_control:/opt/ros/humble /usr/bin/cmake --install /home/rahul/ros2_ws/build/joy_to_arm_interface
