[0.247s] DEBUG:colcon:Command line arguments: ['/usr/bin/colcon', 'build']
[0.247s] DEBUG:colcon:Parsed command line arguments: Namespace(log_base=None, log_level=None, verb_name='build', build_base='build', install_base='install', merge_install=False, symlink_install=False, test_result_base=None, continue_on_error=False, executor='parallel', parallel_workers=4, event_handlers=None, ignore_user_meta=False, metas=['./colcon.meta'], base_paths=['.'], packages_ignore=None, packages_ignore_regex=None, paths=None, packages_up_to=None, packages_up_to_regex=None, packages_above=None, packages_above_and_dependencies=None, packages_above_depth=None, packages_select_by_dep=None, packages_skip_by_dep=None, packages_skip_up_to=None, packages_select_build_failed=False, packages_skip_build_finished=False, packages_select_test_failures=False, packages_skip_test_passed=False, packages_select=None, packages_skip=None, packages_select_regex=None, packages_skip_regex=None, packages_start=None, packages_end=None, allow_overriding=[], cmake_args=None, cmake_target=None, cmake_target_skip_unavailable=False, cmake_clean_cache=False, cmake_clean_first=False, cmake_force_configure=False, ament_cmake_args=None, catkin_cmake_args=None, catkin_skip_building_tests=False, verb_parser=<colcon_defaults.argument_parser.defaults.DefaultArgumentsDecorator object at 0x789062e2bf10>, verb_extension=<colcon_core.verb.build.BuildVerb object at 0x789062fd5480>, main=<bound method BuildVerb.main of <colcon_core.verb.build.BuildVerb object at 0x789062fd5480>>)
[0.626s] Level 1:colcon.colcon_core.package_discovery:discover_packages(colcon_meta) check parameters
[0.626s] Level 1:colcon.colcon_core.package_discovery:discover_packages(recursive) check parameters
[0.626s] Level 1:colcon.colcon_core.package_discovery:discover_packages(ignore) check parameters
[0.626s] Level 1:colcon.colcon_core.package_discovery:discover_packages(path) check parameters
[0.626s] Level 1:colcon.colcon_core.package_discovery:discover_packages(colcon_meta) discover
[0.627s] Level 1:colcon.colcon_core.package_discovery:discover_packages(recursive) discover
[0.627s] INFO:colcon.colcon_core.package_discovery:Crawling recursively for packages in '/home/rahul/ros2_ws'
[0.627s] Level 1:colcon.colcon_core.package_identification:_identify(.) by extensions ['ignore', 'ignore_ament_install']
[0.627s] Level 1:colcon.colcon_core.package_identification:_identify(.) by extension 'ignore'
[0.627s] Level 1:colcon.colcon_core.package_identification:_identify(.) by extension 'ignore_ament_install'
[0.627s] Level 1:colcon.colcon_core.package_identification:_identify(.) by extensions ['colcon_pkg']
[0.627s] Level 1:colcon.colcon_core.package_identification:_identify(.) by extension 'colcon_pkg'
[0.627s] Level 1:colcon.colcon_core.package_identification:_identify(.) by extensions ['colcon_meta']
[0.627s] Level 1:colcon.colcon_core.package_identification:_identify(.) by extension 'colcon_meta'
[0.628s] Level 1:colcon.colcon_core.package_identification:_identify(.) by extensions ['ros']
[0.628s] Level 1:colcon.colcon_core.package_identification:_identify(.) by extension 'ros'
[0.653s] Level 1:colcon.colcon_core.package_identification:_identify(.) by extensions ['cmake', 'python']
[0.653s] Level 1:colcon.colcon_core.package_identification:_identify(.) by extension 'cmake'
[0.653s] Level 1:colcon.colcon_core.package_identification:_identify(.) by extension 'python'
[0.653s] Level 1:colcon.colcon_core.package_identification:_identify(.) by extensions ['python_setup_py']
[0.653s] Level 1:colcon.colcon_core.package_identification:_identify(.) by extension 'python_setup_py'
[0.653s] Level 1:colcon.colcon_core.package_identification:_identify(build) by extensions ['ignore', 'ignore_ament_install']
[0.654s] Level 1:colcon.colcon_core.package_identification:_identify(build) by extension 'ignore'
[0.654s] Level 1:colcon.colcon_core.package_identification:_identify(build) ignored
[0.654s] Level 1:colcon.colcon_core.package_identification:_identify(install) by extensions ['ignore', 'ignore_ament_install']
[0.654s] Level 1:colcon.colcon_core.package_identification:_identify(install) by extension 'ignore'
[0.654s] Level 1:colcon.colcon_core.package_identification:_identify(install) ignored
[0.654s] Level 1:colcon.colcon_core.package_identification:_identify(log) by extensions ['ignore', 'ignore_ament_install']
[0.655s] Level 1:colcon.colcon_core.package_identification:_identify(log) by extension 'ignore'
[0.655s] Level 1:colcon.colcon_core.package_identification:_identify(log) ignored
[0.655s] Level 1:colcon.colcon_core.package_identification:_identify(src) by extensions ['ignore', 'ignore_ament_install']
[0.655s] Level 1:colcon.colcon_core.package_identification:_identify(src) by extension 'ignore'
[0.655s] Level 1:colcon.colcon_core.package_identification:_identify(src) by extension 'ignore_ament_install'
[0.655s] Level 1:colcon.colcon_core.package_identification:_identify(src) by extensions ['colcon_pkg']
[0.655s] Level 1:colcon.colcon_core.package_identification:_identify(src) by extension 'colcon_pkg'
[0.655s] Level 1:colcon.colcon_core.package_identification:_identify(src) by extensions ['colcon_meta']
[0.655s] Level 1:colcon.colcon_core.package_identification:_identify(src) by extension 'colcon_meta'
[0.656s] Level 1:colcon.colcon_core.package_identification:_identify(src) by extensions ['ros']
[0.656s] Level 1:colcon.colcon_core.package_identification:_identify(src) by extension 'ros'
[0.656s] Level 1:colcon.colcon_core.package_identification:_identify(src) by extensions ['cmake', 'python']
[0.656s] Level 1:colcon.colcon_core.package_identification:_identify(src) by extension 'cmake'
[0.656s] Level 1:colcon.colcon_core.package_identification:_identify(src) by extension 'python'
[0.656s] Level 1:colcon.colcon_core.package_identification:_identify(src) by extensions ['python_setup_py']
[0.656s] Level 1:colcon.colcon_core.package_identification:_identify(src) by extension 'python_setup_py'
[0.656s] Level 1:colcon.colcon_core.package_identification:_identify(src/build) by extensions ['ignore', 'ignore_ament_install']
[0.656s] Level 1:colcon.colcon_core.package_identification:_identify(src/build) by extension 'ignore'
[0.657s] Level 1:colcon.colcon_core.package_identification:_identify(src/build) ignored
[0.657s] Level 1:colcon.colcon_core.package_identification:_identify(src/install) by extensions ['ignore', 'ignore_ament_install']
[0.657s] Level 1:colcon.colcon_core.package_identification:_identify(src/install) by extension 'ignore'
[0.657s] Level 1:colcon.colcon_core.package_identification:_identify(src/install) ignored
[0.657s] Level 1:colcon.colcon_core.package_identification:_identify(src/log) by extensions ['ignore', 'ignore_ament_install']
[0.657s] Level 1:colcon.colcon_core.package_identification:_identify(src/log) by extension 'ignore'
[0.657s] Level 1:colcon.colcon_core.package_identification:_identify(src/log) ignored
[0.658s] Level 1:colcon.colcon_core.package_identification:_identify(src/ps4_servo_control) by extensions ['ignore', 'ignore_ament_install']
[0.658s] Level 1:colcon.colcon_core.package_identification:_identify(src/ps4_servo_control) by extension 'ignore'
[0.658s] Level 1:colcon.colcon_core.package_identification:_identify(src/ps4_servo_control) by extension 'ignore_ament_install'
[0.658s] Level 1:colcon.colcon_core.package_identification:_identify(src/ps4_servo_control) by extensions ['colcon_pkg']
[0.658s] Level 1:colcon.colcon_core.package_identification:_identify(src/ps4_servo_control) by extension 'colcon_pkg'
[0.658s] Level 1:colcon.colcon_core.package_identification:_identify(src/ps4_servo_control) by extensions ['colcon_meta']
[0.658s] Level 1:colcon.colcon_core.package_identification:_identify(src/ps4_servo_control) by extension 'colcon_meta'
[0.658s] Level 1:colcon.colcon_core.package_identification:_identify(src/ps4_servo_control) by extensions ['ros']
[0.658s] Level 1:colcon.colcon_core.package_identification:_identify(src/ps4_servo_control) by extension 'ros'
[0.664s] DEBUG:colcon.colcon_core.package_identification:Package 'src/ps4_servo_control' with type 'ros.ament_python' and name 'ps4_servo_control'
[0.664s] Level 1:colcon.colcon_core.package_discovery:discover_packages(recursive) using defaults
[0.665s] Level 1:colcon.colcon_core.package_discovery:discover_packages(ignore) discover
[0.665s] Level 1:colcon.colcon_core.package_discovery:discover_packages(ignore) using defaults
[0.665s] Level 1:colcon.colcon_core.package_discovery:discover_packages(path) discover
[0.665s] Level 1:colcon.colcon_core.package_discovery:discover_packages(path) using defaults
[0.709s] Level 1:colcon.colcon_core.package_discovery:discover_packages(prefix_path) check parameters
[0.710s] Level 1:colcon.colcon_core.package_discovery:discover_packages(prefix_path) discover
[0.712s] WARNING:colcon.colcon_ros.prefix_path.ament:The path '/home/rahul/ros2_ws/install/ps4_servo_control' in the environment variable AMENT_PREFIX_PATH doesn't exist
[0.712s] WARNING:colcon.colcon_ros.prefix_path.ament:The path '/home/rahul/ros2_ws/install/robotic_control' in the environment variable AMENT_PREFIX_PATH doesn't exist
[0.712s] WARNING:colcon.colcon_ros.prefix_path.ament:The path '/home/rahul/ros2_ws/install/robot_arm_control' in the environment variable AMENT_PREFIX_PATH doesn't exist
[0.712s] WARNING:colcon.colcon_ros.prefix_path.ament:The path '/home/rahul/ros2_ws/install/motor_msgs' in the environment variable AMENT_PREFIX_PATH doesn't exist
[0.712s] WARNING:colcon.colcon_ros.prefix_path.catkin:The path '/home/rahul/ros2_ws/install/motor_msgs' in the environment variable CMAKE_PREFIX_PATH doesn't exist
[0.713s] DEBUG:colcon.colcon_installed_package_information.package_discovery:Found 0 installed packages in /home/rahul/ros2_ws/install
[0.717s] DEBUG:colcon.colcon_installed_package_information.package_discovery:Found 270 installed packages in /opt/ros/humble
[0.741s] Level 1:colcon.colcon_core.package_discovery:discover_packages(prefix_path) using defaults
[0.841s] Level 5:colcon.colcon_core.verb:set package 'ps4_servo_control' build argument 'cmake_args' from command line to 'None'
[0.841s] Level 5:colcon.colcon_core.verb:set package 'ps4_servo_control' build argument 'cmake_target' from command line to 'None'
[0.841s] Level 5:colcon.colcon_core.verb:set package 'ps4_servo_control' build argument 'cmake_target_skip_unavailable' from command line to 'False'
[0.841s] Level 5:colcon.colcon_core.verb:set package 'ps4_servo_control' build argument 'cmake_clean_cache' from command line to 'False'
[0.841s] Level 5:colcon.colcon_core.verb:set package 'ps4_servo_control' build argument 'cmake_clean_first' from command line to 'False'
[0.841s] Level 5:colcon.colcon_core.verb:set package 'ps4_servo_control' build argument 'cmake_force_configure' from command line to 'False'
[0.841s] Level 5:colcon.colcon_core.verb:set package 'ps4_servo_control' build argument 'ament_cmake_args' from command line to 'None'
[0.841s] Level 5:colcon.colcon_core.verb:set package 'ps4_servo_control' build argument 'catkin_cmake_args' from command line to 'None'
[0.841s] Level 5:colcon.colcon_core.verb:set package 'ps4_servo_control' build argument 'catkin_skip_building_tests' from command line to 'False'
[0.842s] DEBUG:colcon.colcon_core.verb:Building package 'ps4_servo_control' with the following arguments: {'ament_cmake_args': None, 'build_base': '/home/rahul/ros2_ws/build/ps4_servo_control', 'catkin_cmake_args': None, 'catkin_skip_building_tests': False, 'cmake_args': None, 'cmake_clean_cache': False, 'cmake_clean_first': False, 'cmake_force_configure': False, 'cmake_target': None, 'cmake_target_skip_unavailable': False, 'install_base': '/home/rahul/ros2_ws/install/ps4_servo_control', 'merge_install': False, 'path': '/home/rahul/ros2_ws/src/ps4_servo_control', 'symlink_install': False, 'test_result_base': None}
[0.842s] INFO:colcon.colcon_core.executor:Executing jobs using 'parallel' executor
[0.844s] DEBUG:colcon.colcon_parallel_executor.executor.parallel:run_until_complete
[0.844s] INFO:colcon.colcon_ros.task.ament_python.build:Building ROS package in '/home/rahul/ros2_ws/src/ps4_servo_control' with build type 'ament_python'
[0.844s] Level 1:colcon.colcon_core.shell:create_environment_hook('ps4_servo_control', 'ament_prefix_path')
[0.849s] INFO:colcon.colcon_core.plugin_system:Skipping extension 'colcon_core.shell.bat': Not used on non-Windows systems
[0.849s] INFO:colcon.colcon_core.shell:Creating environment hook '/home/rahul/ros2_ws/install/ps4_servo_control/share/ps4_servo_control/hook/ament_prefix_path.ps1'
[0.851s] INFO:colcon.colcon_core.shell:Creating environment descriptor '/home/rahul/ros2_ws/install/ps4_servo_control/share/ps4_servo_control/hook/ament_prefix_path.dsv'
[0.852s] INFO:colcon.colcon_core.shell:Creating environment hook '/home/rahul/ros2_ws/install/ps4_servo_control/share/ps4_servo_control/hook/ament_prefix_path.sh'
[0.853s] INFO:colcon.colcon_core.shell:Skip shell extension 'powershell' for command environment: Not usable outside of PowerShell
[0.853s] DEBUG:colcon.colcon_core.shell:Skip shell extension 'dsv' for command environment
[1.292s] INFO:colcon.colcon_core.task.python.build:Building Python package in '/home/rahul/ros2_ws/src/ps4_servo_control'
[1.293s] INFO:colcon.colcon_core.shell:Skip shell extension 'powershell' for command environment: Not usable outside of PowerShell
[1.293s] DEBUG:colcon.colcon_core.shell:Skip shell extension 'dsv' for command environment
[2.032s] DEBUG:colcon.colcon_core.event_handler.log_command:Invoking command in '/home/rahul/ros2_ws/src/ps4_servo_control': PYTHONPATH=/home/rahul/ros2_ws/build/ps4_servo_control/prefix_override:/usr/lib/python3/dist-packages/colcon_core/task/python/colcon_distutils_commands:/home/rahul/ros2_ws/install/ps4_servo_control/lib/python3.10/site-packages:${PYTHONPATH} /usr/bin/python3 -W ignore:setup.py install is deprecated -W ignore:easy_install command is deprecated setup.py egg_info --egg-base ../../build/ps4_servo_control build --build-base /home/rahul/ros2_ws/build/ps4_servo_control/build install --record /home/rahul/ros2_ws/build/ps4_servo_control/install.log --single-version-externally-managed install_data
[2.689s] DEBUG:colcon.colcon_core.event_handler.log_command:Invoked command in '/home/rahul/ros2_ws/src/ps4_servo_control' returned '0': PYTHONPATH=/home/rahul/ros2_ws/build/ps4_servo_control/prefix_override:/usr/lib/python3/dist-packages/colcon_core/task/python/colcon_distutils_commands:/home/rahul/ros2_ws/install/ps4_servo_control/lib/python3.10/site-packages:${PYTHONPATH} /usr/bin/python3 -W ignore:setup.py install is deprecated -W ignore:easy_install command is deprecated setup.py egg_info --egg-base ../../build/ps4_servo_control build --build-base /home/rahul/ros2_ws/build/ps4_servo_control/build install --record /home/rahul/ros2_ws/build/ps4_servo_control/install.log --single-version-externally-managed install_data
[2.694s] Level 1:colcon.colcon_core.environment:checking '/home/rahul/ros2_ws/install/ps4_servo_control' for CMake module files
[2.695s] Level 1:colcon.colcon_core.environment:checking '/home/rahul/ros2_ws/install/ps4_servo_control' for CMake config files
[2.696s] Level 1:colcon.colcon_core.environment:checking '/home/rahul/ros2_ws/install/ps4_servo_control/lib'
[2.696s] Level 1:colcon.colcon_core.environment:checking '/home/rahul/ros2_ws/install/ps4_servo_control/bin'
[2.697s] Level 1:colcon.colcon_core.environment:checking '/home/rahul/ros2_ws/install/ps4_servo_control/lib/pkgconfig/ps4_servo_control.pc'
[2.697s] Level 1:colcon.colcon_core.environment:checking '/home/rahul/ros2_ws/install/ps4_servo_control/lib/python3.10/site-packages'
[2.697s] Level 1:colcon.colcon_core.shell:create_environment_hook('ps4_servo_control', 'pythonpath')
[2.698s] INFO:colcon.colcon_core.shell:Creating environment hook '/home/rahul/ros2_ws/install/ps4_servo_control/share/ps4_servo_control/hook/pythonpath.ps1'
[2.698s] INFO:colcon.colcon_core.shell:Creating environment descriptor '/home/rahul/ros2_ws/install/ps4_servo_control/share/ps4_servo_control/hook/pythonpath.dsv'
[2.699s] INFO:colcon.colcon_core.shell:Creating environment hook '/home/rahul/ros2_ws/install/ps4_servo_control/share/ps4_servo_control/hook/pythonpath.sh'
[2.700s] Level 1:colcon.colcon_core.environment:checking '/home/rahul/ros2_ws/install/ps4_servo_control/bin'
[2.700s] Level 1:colcon.colcon_core.environment:create_environment_scripts_only(ps4_servo_control)
[2.701s] INFO:colcon.colcon_core.shell:Creating package script '/home/rahul/ros2_ws/install/ps4_servo_control/share/ps4_servo_control/package.ps1'
[2.703s] INFO:colcon.colcon_core.shell:Creating package descriptor '/home/rahul/ros2_ws/install/ps4_servo_control/share/ps4_servo_control/package.dsv'
[2.704s] INFO:colcon.colcon_core.shell:Creating package script '/home/rahul/ros2_ws/install/ps4_servo_control/share/ps4_servo_control/package.sh'
[2.705s] INFO:colcon.colcon_core.shell:Creating package script '/home/rahul/ros2_ws/install/ps4_servo_control/share/ps4_servo_control/package.bash'
[2.707s] INFO:colcon.colcon_core.shell:Creating package script '/home/rahul/ros2_ws/install/ps4_servo_control/share/ps4_servo_control/package.zsh'
[2.708s] Level 1:colcon.colcon_core.environment:create_file_with_runtime_dependencies(/home/rahul/ros2_ws/install/ps4_servo_control/share/colcon-core/packages/ps4_servo_control)
[2.709s] DEBUG:colcon.colcon_parallel_executor.executor.parallel:closing loop
[2.709s] DEBUG:colcon.colcon_parallel_executor.executor.parallel:loop closed
[2.710s] DEBUG:colcon.colcon_parallel_executor.executor.parallel:run_until_complete finished with '0'
[2.710s] DEBUG:colcon.colcon_core.event_reactor:joining thread
[2.717s] INFO:colcon.colcon_core.plugin_system:Skipping extension 'colcon_notification.desktop_notification.terminal_notifier': Not used on non-Darwin systems
[2.718s] INFO:colcon.colcon_core.plugin_system:Skipping extension 'colcon_notification.desktop_notification.win32': Not used on non-Windows systems
[2.718s] INFO:colcon.colcon_notification.desktop_notification:Sending desktop notification using 'notify2'
[2.742s] DEBUG:colcon.colcon_core.event_reactor:joined thread
[2.743s] INFO:colcon.colcon_core.shell:Creating prefix script '/home/rahul/ros2_ws/install/local_setup.ps1'
[2.745s] INFO:colcon.colcon_core.shell:Creating prefix util module '/home/rahul/ros2_ws/install/_local_setup_util_ps1.py'
[2.748s] INFO:colcon.colcon_core.shell:Creating prefix chain script '/home/rahul/ros2_ws/install/setup.ps1'
[2.751s] INFO:colcon.colcon_core.shell:Creating prefix script '/home/rahul/ros2_ws/install/local_setup.sh'
[2.753s] INFO:colcon.colcon_core.shell:Creating prefix util module '/home/rahul/ros2_ws/install/_local_setup_util_sh.py'
[2.755s] INFO:colcon.colcon_core.shell:Creating prefix chain script '/home/rahul/ros2_ws/install/setup.sh'
[2.757s] INFO:colcon.colcon_core.shell:Creating prefix script '/home/rahul/ros2_ws/install/local_setup.bash'
[2.758s] INFO:colcon.colcon_core.shell:Creating prefix chain script '/home/rahul/ros2_ws/install/setup.bash'
[2.761s] INFO:colcon.colcon_core.shell:Creating prefix script '/home/rahul/ros2_ws/install/local_setup.zsh'
[2.763s] INFO:colcon.colcon_core.shell:Creating prefix chain script '/home/rahul/ros2_ws/install/setup.zsh'
