[0.015s] Invoking command in '/home/rahul/ros2_ws/build/joy_to_arm_interface': /usr/bin/cmake /home/rahul/ros2_ws/src/joy_to_arm_interface -DCMAKE_INSTALL_PREFIX=/home/rahul/ros2_ws/install/joy_to_arm_interface
[0.096s] -- The C compiler identification is GNU 11.4.0
[0.186s] -- The CXX compiler identification is GNU 11.4.0
[0.197s] -- Detecting C compiler ABI info
[0.303s] -- Detecting C compiler ABI info - done
[0.316s] -- Check for working C compiler: /usr/bin/cc - skipped
[0.316s] -- Detecting C compile features
[0.317s] -- Detecting C compile features - done
[0.321s] -- Detecting CXX compiler ABI info
[0.450s] -- Detecting CXX compiler ABI info - done
[0.461s] -- Check for working CXX compiler: /usr/bin/c++ - skipped
[0.462s] -- Detecting CXX compile features
[0.463s] -- Detecting CXX compile features - done
[0.466s] -- Found ament_cmake: 1.3.11 (/opt/ros/humble/share/ament_cmake/cmake)
[0.701s] -- Found Python3: /usr/bin/python3 (found version "3.10.12") found components: Interpreter 
[0.840s] -- Found rclcpp: 16.0.11 (/opt/ros/humble/share/rclcpp/cmake)
[0.913s] -- Found rosidl_generator_c: 3.1.6 (/opt/ros/humble/share/rosidl_generator_c/cmake)
[0.921s] -- Found rosidl_adapter: 3.1.6 (/opt/ros/humble/share/rosidl_adapter/cmake)
[0.934s] -- Found rosidl_generator_cpp: 3.1.6 (/opt/ros/humble/share/rosidl_generator_cpp/cmake)
[0.952s] -- Using all available rosidl_typesupport_c: rosidl_typesupport_fastrtps_c;rosidl_typesupport_introspection_c
[0.977s] -- Using all available rosidl_typesupport_cpp: rosidl_typesupport_fastrtps_cpp;rosidl_typesupport_introspection_cpp
[1.077s] -- Found rmw_implementation_cmake: 6.1.2 (/opt/ros/humble/share/rmw_implementation_cmake/cmake)
[1.083s] -- Found rmw_fastrtps_cpp: 6.2.7 (/opt/ros/humble/share/rmw_fastrtps_cpp/cmake)
[1.240s] -- Found OpenSSL: /usr/lib/x86_64-linux-gnu/libcrypto.so (found version "3.0.2")  
[1.279s] -- Found FastRTPS: /opt/ros/humble/include  
[1.337s] -- Using RMW implementation 'rmw_fastrtps_cpp' as default
[1.355s] -- Looking for pthread.h
[1.467s] -- Looking for pthread.h - found
[1.468s] -- Performing Test CMAKE_HAVE_LIBC_PTHREAD
[1.583s] -- Performing Test CMAKE_HAVE_LIBC_PTHREAD - Success
[1.586s] -- Found Threads: TRUE  
[1.691s] -- Found sensor_msgs: 4.2.4 (/opt/ros/humble/share/sensor_msgs/cmake)
[1.753s] -- Found robotic_arm_interfaces: 0.0.0 (/home/rahul/ros2_ws/install/robotic_arm_interfaces/share/robotic_arm_interfaces/cmake)
[1.849s] Error parsing '/home/rahul/ros2_ws/src/joy_to_arm_interface/package.xml':
[1.939s] Traceback (most recent call last):
[1.939s]   File "/opt/ros/humble/share/ament_cmake_core/cmake/core/package_xml_2_cmake.py", line 150, in <module>
[1.939s]     main()
[1.939s]   File "/opt/ros/humble/share/ament_cmake_core/cmake/core/package_xml_2_cmake.py", line 53, in main
[1.939s]     raise e
[1.939s]   File "/opt/ros/humble/share/ament_cmake_core/cmake/core/package_xml_2_cmake.py", line 49, in main
[1.939s]     package = parse_package_string(
[1.940s]   File "/usr/lib/python3/dist-packages/catkin_pkg/package.py", line 786, in parse_package_string
[1.940s]     raise InvalidPackage('Error(s):%s' % (''.join(['\n- %s' % e for e in errors])), filename)
[1.940s] catkin_pkg.package.InvalidPackage: Error(s) in package '/home/rahul/ros2_ws/src/joy_to_arm_interface/package.xml':
[1.940s] Error(s):
[1.940s] - The generic dependency on 'rclcpp' is redundant with: exec_depend
[1.940s] - The generic dependency on 'sensor_msgs' is redundant with: exec_depend
[1.940s] - The generic dependency on 'robotic_arm_interfaces' is redundant with: exec_depend
[1.963s] [31mCMake Error at /opt/ros/humble/share/ament_cmake_core/cmake/core/ament_package_xml.cmake:95 (message):
[1.963s]   execute_process(/usr/bin/python3
[1.963s]   /opt/ros/humble/share/ament_cmake_core/cmake/core/package_xml_2_cmake.py
[1.963s]   /home/rahul/ros2_ws/src/joy_to_arm_interface/package.xml
[1.964s]   /home/rahul/ros2_ws/build/joy_to_arm_interface/ament_cmake_core/package.cmake)
[1.964s]   returned error code 1
[1.964s] Call Stack (most recent call first):
[1.964s]   /opt/ros/humble/share/ament_cmake_core/cmake/core/ament_package_xml.cmake:49 (_ament_package_xml)
[1.964s]   /opt/ros/humble/share/ament_cmake_core/cmake/core/ament_package.cmake:63 (ament_package_xml)
[1.964s]   CMakeLists.txt:15 (ament_package)
[1.964s] 
[1.964s] [0m
[1.965s] -- Configuring incomplete, errors occurred!
[1.965s] See also "/home/rahul/ros2_ws/build/joy_to_arm_interface/CMakeFiles/CMakeOutput.log".
[1.978s] Invoked command in '/home/rahul/ros2_ws/build/joy_to_arm_interface' returned '1': /usr/bin/cmake /home/rahul/ros2_ws/src/joy_to_arm_interface -DCMAKE_INSTALL_PREFIX=/home/rahul/ros2_ws/install/joy_to_arm_interface
