[0.023s] Invoking command in '/home/rahul/ros2_ws/build/robotic_arm_interfaces': CMAKE_PREFIX_PATH=${CMAKE_PREFIX_PATH}:/home/rahul/ros2_ws/install/ps4_servo_control:/home/rahul/ros2_ws/install/robotic_control:/home/rahul/ros2_ws/install/robot_arm_control:/opt/ros/humble /usr/bin/cmake --build /home/rahul/ros2_ws/build/robotic_arm_interfaces -- -j4 -l4
[0.147s] [  3%] Built target robotic_arm_interfaces__cpp
[0.149s] [ 12%] Built target robotic_arm_interfaces__rosidl_generator_c
[0.198s] [ 12%] Built target ament_cmake_python_copy_robotic_arm_interfaces
[0.223s] [ 22%] Built target robotic_arm_interfaces__rosidl_typesupport_introspection_cpp
[0.229s] [ 32%] Built target robotic_arm_interfaces__rosidl_typesupport_cpp
[0.240s] [ 41%] Built target robotic_arm_interfaces__rosidl_typesupport_fastrtps_cpp
[0.281s] [ 51%] Built target robotic_arm_interfaces__rosidl_typesupport_fastrtps_c
[0.288s] [ 61%] Built target robotic_arm_interfaces__rosidl_typesupport_c
[0.292s] [ 70%] Built target robotic_arm_interfaces__rosidl_typesupport_introspection_c
[0.333s] [ 70%] Built target robotic_arm_interfaces
[0.365s] [ 74%] Built target robotic_arm_interfaces__py
[0.400s] [ 80%] Built target robotic_arm_interfaces__rosidl_generator_py
[0.451s] [ 87%] Built target robotic_arm_interfaces__rosidl_typesupport_introspection_c__pyext
[0.453s] [ 93%] Built target robotic_arm_interfaces__rosidl_typesupport_c__pyext
[0.458s] [100%] Built target robotic_arm_interfaces__rosidl_typesupport_fastrtps_c__pyext
[0.677s] running egg_info
[0.678s] writing robotic_arm_interfaces.egg-info/PKG-INFO
[0.679s] writing dependency_links to robotic_arm_interfaces.egg-info/dependency_links.txt
[0.679s] writing top-level names to robotic_arm_interfaces.egg-info/top_level.txt
[0.684s] reading manifest file 'robotic_arm_interfaces.egg-info/SOURCES.txt'
[0.685s] writing manifest file 'robotic_arm_interfaces.egg-info/SOURCES.txt'
[0.732s] [100%] Built target ament_cmake_python_build_robotic_arm_interfaces_egg
[0.752s] Invoked command in '/home/rahul/ros2_ws/build/robotic_arm_interfaces' returned '0': CMAKE_PREFIX_PATH=${CMAKE_PREFIX_PATH}:/home/rahul/ros2_ws/install/ps4_servo_control:/home/rahul/ros2_ws/install/robotic_control:/home/rahul/ros2_ws/install/robot_arm_control:/opt/ros/humble /usr/bin/cmake --build /home/rahul/ros2_ws/build/robotic_arm_interfaces -- -j4 -l4
[0.769s] Invoking command in '/home/rahul/ros2_ws/build/robotic_arm_interfaces': CMAKE_PREFIX_PATH=${CMAKE_PREFIX_PATH}:/home/rahul/ros2_ws/install/ps4_servo_control:/home/rahul/ros2_ws/install/robotic_control:/home/rahul/ros2_ws/install/robot_arm_control:/opt/ros/humble /usr/bin/cmake --install /home/rahul/ros2_ws/build/robotic_arm_interfaces
[0.783s] -- Install configuration: ""
[0.784s] -- Up-to-date: /home/rahul/ros2_ws/install/robotic_arm_interfaces/share/ament_index/resource_index/rosidl_interfaces/robotic_arm_interfaces
[0.784s] -- Up-to-date: /home/rahul/ros2_ws/install/robotic_arm_interfaces/include/robotic_arm_interfaces/robotic_arm_interfaces
[0.784s] -- Up-to-date: /home/rahul/ros2_ws/install/robotic_arm_interfaces/include/robotic_arm_interfaces/robotic_arm_interfaces/msg
[0.785s] -- Up-to-date: /home/rahul/ros2_ws/install/robotic_arm_interfaces/include/robotic_arm_interfaces/robotic_arm_interfaces/msg/position_robotic_arm.h
[0.785s] -- Up-to-date: /home/rahul/ros2_ws/install/robotic_arm_interfaces/include/robotic_arm_interfaces/robotic_arm_interfaces/msg/rosidl_generator_c__visibility_control.h
[0.785s] -- Up-to-date: /home/rahul/ros2_ws/install/robotic_arm_interfaces/include/robotic_arm_interfaces/robotic_arm_interfaces/msg/detail
[0.785s] -- Up-to-date: /home/rahul/ros2_ws/install/robotic_arm_interfaces/include/robotic_arm_interfaces/robotic_arm_interfaces/msg/detail/position_robotic_arm__functions.h
[0.785s] -- Up-to-date: /home/rahul/ros2_ws/install/robotic_arm_interfaces/include/robotic_arm_interfaces/robotic_arm_interfaces/msg/detail/position_robotic_arm__type_support.h
[0.786s] -- Up-to-date: /home/rahul/ros2_ws/install/robotic_arm_interfaces/include/robotic_arm_interfaces/robotic_arm_interfaces/msg/detail/position_robotic_arm__functions.c
[0.786s] -- Up-to-date: /home/rahul/ros2_ws/install/robotic_arm_interfaces/include/robotic_arm_interfaces/robotic_arm_interfaces/msg/detail/position_robotic_arm__struct.h
[0.787s] -- Up-to-date: /home/rahul/ros2_ws/install/robotic_arm_interfaces/share/robotic_arm_interfaces/environment/library_path.sh
[0.788s] -- Up-to-date: /home/rahul/ros2_ws/install/robotic_arm_interfaces/share/robotic_arm_interfaces/environment/library_path.dsv
[0.788s] -- Up-to-date: /home/rahul/ros2_ws/install/robotic_arm_interfaces/lib/librobotic_arm_interfaces__rosidl_generator_c.so
[0.788s] -- Up-to-date: /home/rahul/ros2_ws/install/robotic_arm_interfaces/include/robotic_arm_interfaces/robotic_arm_interfaces
[0.789s] -- Up-to-date: /home/rahul/ros2_ws/install/robotic_arm_interfaces/include/robotic_arm_interfaces/robotic_arm_interfaces/msg
[0.789s] -- Up-to-date: /home/rahul/ros2_ws/install/robotic_arm_interfaces/include/robotic_arm_interfaces/robotic_arm_interfaces/msg/detail
[0.789s] -- Up-to-date: /home/rahul/ros2_ws/install/robotic_arm_interfaces/include/robotic_arm_interfaces/robotic_arm_interfaces/msg/detail/position_robotic_arm__rosidl_typesupport_fastrtps_c.h
[0.790s] -- Up-to-date: /home/rahul/ros2_ws/install/robotic_arm_interfaces/include/robotic_arm_interfaces/robotic_arm_interfaces/msg/rosidl_typesupport_fastrtps_c__visibility_control.h
[0.791s] -- Up-to-date: /home/rahul/ros2_ws/install/robotic_arm_interfaces/lib/librobotic_arm_interfaces__rosidl_typesupport_fastrtps_c.so
[0.792s] -- Up-to-date: /home/rahul/ros2_ws/install/robotic_arm_interfaces/include/robotic_arm_interfaces/robotic_arm_interfaces
[0.792s] -- Up-to-date: /home/rahul/ros2_ws/install/robotic_arm_interfaces/include/robotic_arm_interfaces/robotic_arm_interfaces/msg
[0.792s] -- Up-to-date: /home/rahul/ros2_ws/install/robotic_arm_interfaces/include/robotic_arm_interfaces/robotic_arm_interfaces/msg/detail
[0.792s] -- Up-to-date: /home/rahul/ros2_ws/install/robotic_arm_interfaces/include/robotic_arm_interfaces/robotic_arm_interfaces/msg/detail/position_robotic_arm__type_support.c
[0.792s] -- Up-to-date: /home/rahul/ros2_ws/install/robotic_arm_interfaces/include/robotic_arm_interfaces/robotic_arm_interfaces/msg/detail/position_robotic_arm__rosidl_typesupport_introspection_c.h
[0.793s] -- Up-to-date: /home/rahul/ros2_ws/install/robotic_arm_interfaces/include/robotic_arm_interfaces/robotic_arm_interfaces/msg/rosidl_typesupport_introspection_c__visibility_control.h
[0.793s] -- Up-to-date: /home/rahul/ros2_ws/install/robotic_arm_interfaces/lib/librobotic_arm_interfaces__rosidl_typesupport_introspection_c.so
[0.793s] -- Up-to-date: /home/rahul/ros2_ws/install/robotic_arm_interfaces/lib/librobotic_arm_interfaces__rosidl_typesupport_c.so
[0.794s] -- Up-to-date: /home/rahul/ros2_ws/install/robotic_arm_interfaces/include/robotic_arm_interfaces/robotic_arm_interfaces
[0.794s] -- Up-to-date: /home/rahul/ros2_ws/install/robotic_arm_interfaces/include/robotic_arm_interfaces/robotic_arm_interfaces/msg
[0.794s] -- Up-to-date: /home/rahul/ros2_ws/install/robotic_arm_interfaces/include/robotic_arm_interfaces/robotic_arm_interfaces/msg/rosidl_generator_cpp__visibility_control.hpp
[0.795s] -- Up-to-date: /home/rahul/ros2_ws/install/robotic_arm_interfaces/include/robotic_arm_interfaces/robotic_arm_interfaces/msg/detail
[0.795s] -- Up-to-date: /home/rahul/ros2_ws/install/robotic_arm_interfaces/include/robotic_arm_interfaces/robotic_arm_interfaces/msg/detail/position_robotic_arm__builder.hpp
[0.795s] -- Up-to-date: /home/rahul/ros2_ws/install/robotic_arm_interfaces/include/robotic_arm_interfaces/robotic_arm_interfaces/msg/detail/position_robotic_arm__type_support.hpp
[0.796s] -- Up-to-date: /home/rahul/ros2_ws/install/robotic_arm_interfaces/include/robotic_arm_interfaces/robotic_arm_interfaces/msg/detail/position_robotic_arm__struct.hpp
[0.796s] -- Up-to-date: /home/rahul/ros2_ws/install/robotic_arm_interfaces/include/robotic_arm_interfaces/robotic_arm_interfaces/msg/detail/position_robotic_arm__traits.hpp
[0.796s] -- Up-to-date: /home/rahul/ros2_ws/install/robotic_arm_interfaces/include/robotic_arm_interfaces/robotic_arm_interfaces/msg/position_robotic_arm.hpp
[0.796s] -- Up-to-date: /home/rahul/ros2_ws/install/robotic_arm_interfaces/include/robotic_arm_interfaces/robotic_arm_interfaces
[0.796s] -- Up-to-date: /home/rahul/ros2_ws/install/robotic_arm_interfaces/include/robotic_arm_interfaces/robotic_arm_interfaces/msg
[0.797s] -- Up-to-date: /home/rahul/ros2_ws/install/robotic_arm_interfaces/include/robotic_arm_interfaces/robotic_arm_interfaces/msg/detail
[0.797s] -- Up-to-date: /home/rahul/ros2_ws/install/robotic_arm_interfaces/include/robotic_arm_interfaces/robotic_arm_interfaces/msg/detail/position_robotic_arm__rosidl_typesupport_fastrtps_cpp.hpp
[0.797s] -- Up-to-date: /home/rahul/ros2_ws/install/robotic_arm_interfaces/include/robotic_arm_interfaces/robotic_arm_interfaces/msg/detail/dds_fastrtps
[0.797s] -- Up-to-date: /home/rahul/ros2_ws/install/robotic_arm_interfaces/include/robotic_arm_interfaces/robotic_arm_interfaces/msg/rosidl_typesupport_fastrtps_cpp__visibility_control.h
[0.797s] -- Up-to-date: /home/rahul/ros2_ws/install/robotic_arm_interfaces/lib/librobotic_arm_interfaces__rosidl_typesupport_fastrtps_cpp.so
[0.797s] -- Up-to-date: /home/rahul/ros2_ws/install/robotic_arm_interfaces/include/robotic_arm_interfaces/robotic_arm_interfaces
[0.798s] -- Up-to-date: /home/rahul/ros2_ws/install/robotic_arm_interfaces/include/robotic_arm_interfaces/robotic_arm_interfaces/msg
[0.798s] -- Up-to-date: /home/rahul/ros2_ws/install/robotic_arm_interfaces/include/robotic_arm_interfaces/robotic_arm_interfaces/msg/detail
[0.798s] -- Up-to-date: /home/rahul/ros2_ws/install/robotic_arm_interfaces/include/robotic_arm_interfaces/robotic_arm_interfaces/msg/detail/position_robotic_arm__type_support.cpp
[0.799s] -- Up-to-date: /home/rahul/ros2_ws/install/robotic_arm_interfaces/include/robotic_arm_interfaces/robotic_arm_interfaces/msg/detail/position_robotic_arm__rosidl_typesupport_introspection_cpp.hpp
[0.799s] -- Up-to-date: /home/rahul/ros2_ws/install/robotic_arm_interfaces/lib/librobotic_arm_interfaces__rosidl_typesupport_introspection_cpp.so
[0.799s] -- Up-to-date: /home/rahul/ros2_ws/install/robotic_arm_interfaces/lib/librobotic_arm_interfaces__rosidl_typesupport_cpp.so
[0.799s] -- Up-to-date: /home/rahul/ros2_ws/install/robotic_arm_interfaces/share/robotic_arm_interfaces/environment/pythonpath.sh
[0.799s] -- Up-to-date: /home/rahul/ros2_ws/install/robotic_arm_interfaces/share/robotic_arm_interfaces/environment/pythonpath.dsv
[0.800s] -- Up-to-date: /home/rahul/ros2_ws/install/robotic_arm_interfaces/local/lib/python3.10/dist-packages/robotic_arm_interfaces-0.0.0-py3.10.egg-info
[0.800s] -- Installing: /home/rahul/ros2_ws/install/robotic_arm_interfaces/local/lib/python3.10/dist-packages/robotic_arm_interfaces-0.0.0-py3.10.egg-info/dependency_links.txt
[0.800s] -- Installing: /home/rahul/ros2_ws/install/robotic_arm_interfaces/local/lib/python3.10/dist-packages/robotic_arm_interfaces-0.0.0-py3.10.egg-info/SOURCES.txt
[0.800s] -- Installing: /home/rahul/ros2_ws/install/robotic_arm_interfaces/local/lib/python3.10/dist-packages/robotic_arm_interfaces-0.0.0-py3.10.egg-info/top_level.txt
[0.801s] -- Installing: /home/rahul/ros2_ws/install/robotic_arm_interfaces/local/lib/python3.10/dist-packages/robotic_arm_interfaces-0.0.0-py3.10.egg-info/PKG-INFO
[0.801s] -- Up-to-date: /home/rahul/ros2_ws/install/robotic_arm_interfaces/local/lib/python3.10/dist-packages/robotic_arm_interfaces
[0.801s] -- Up-to-date: /home/rahul/ros2_ws/install/robotic_arm_interfaces/local/lib/python3.10/dist-packages/robotic_arm_interfaces/_robotic_arm_interfaces_s.ep.rosidl_typesupport_c.c
[0.801s] -- Up-to-date: /home/rahul/ros2_ws/install/robotic_arm_interfaces/local/lib/python3.10/dist-packages/robotic_arm_interfaces/msg
[0.801s] -- Up-to-date: /home/rahul/ros2_ws/install/robotic_arm_interfaces/local/lib/python3.10/dist-packages/robotic_arm_interfaces/msg/_position_robotic_arm_s.c
[0.801s] -- Up-to-date: /home/rahul/ros2_ws/install/robotic_arm_interfaces/local/lib/python3.10/dist-packages/robotic_arm_interfaces/msg/_position_robotic_arm.py
[0.802s] -- Up-to-date: /home/rahul/ros2_ws/install/robotic_arm_interfaces/local/lib/python3.10/dist-packages/robotic_arm_interfaces/msg/__init__.py
[0.802s] -- Up-to-date: /home/rahul/ros2_ws/install/robotic_arm_interfaces/local/lib/python3.10/dist-packages/robotic_arm_interfaces/librobotic_arm_interfaces__rosidl_generator_py.so
[0.802s] -- Up-to-date: /home/rahul/ros2_ws/install/robotic_arm_interfaces/local/lib/python3.10/dist-packages/robotic_arm_interfaces/_robotic_arm_interfaces_s.ep.rosidl_typesupport_fastrtps_c.c
[0.803s] -- Up-to-date: /home/rahul/ros2_ws/install/robotic_arm_interfaces/local/lib/python3.10/dist-packages/robotic_arm_interfaces/robotic_arm_interfaces_s__rosidl_typesupport_fastrtps_c.cpython-310-x86_64-linux-gnu.so
[0.803s] -- Up-to-date: /home/rahul/ros2_ws/install/robotic_arm_interfaces/local/lib/python3.10/dist-packages/robotic_arm_interfaces/_robotic_arm_interfaces_s.ep.rosidl_typesupport_introspection_c.c
[0.803s] -- Up-to-date: /home/rahul/ros2_ws/install/robotic_arm_interfaces/local/lib/python3.10/dist-packages/robotic_arm_interfaces/robotic_arm_interfaces_s__rosidl_typesupport_c.cpython-310-x86_64-linux-gnu.so
[0.803s] -- Up-to-date: /home/rahul/ros2_ws/install/robotic_arm_interfaces/local/lib/python3.10/dist-packages/robotic_arm_interfaces/__init__.py
[0.803s] -- Up-to-date: /home/rahul/ros2_ws/install/robotic_arm_interfaces/local/lib/python3.10/dist-packages/robotic_arm_interfaces/robotic_arm_interfaces_s__rosidl_typesupport_introspection_c.cpython-310-x86_64-linux-gnu.so
[0.857s] Listing '/home/rahul/ros2_ws/install/robotic_arm_interfaces/local/lib/python3.10/dist-packages/robotic_arm_interfaces'...
[0.858s] Listing '/home/rahul/ros2_ws/install/robotic_arm_interfaces/local/lib/python3.10/dist-packages/robotic_arm_interfaces/msg'...
[0.866s] -- Up-to-date: /home/rahul/ros2_ws/install/robotic_arm_interfaces/local/lib/python3.10/dist-packages/robotic_arm_interfaces/robotic_arm_interfaces_s__rosidl_typesupport_fastrtps_c.cpython-310-x86_64-linux-gnu.so
[0.867s] -- Up-to-date: /home/rahul/ros2_ws/install/robotic_arm_interfaces/local/lib/python3.10/dist-packages/robotic_arm_interfaces/robotic_arm_interfaces_s__rosidl_typesupport_introspection_c.cpython-310-x86_64-linux-gnu.so
[0.867s] -- Up-to-date: /home/rahul/ros2_ws/install/robotic_arm_interfaces/local/lib/python3.10/dist-packages/robotic_arm_interfaces/robotic_arm_interfaces_s__rosidl_typesupport_c.cpython-310-x86_64-linux-gnu.so
[0.868s] -- Up-to-date: /home/rahul/ros2_ws/install/robotic_arm_interfaces/lib/librobotic_arm_interfaces__rosidl_generator_py.so
[0.869s] -- Up-to-date: /home/rahul/ros2_ws/install/robotic_arm_interfaces/share/robotic_arm_interfaces/msg/PositionRoboticArm.idl
[0.869s] -- Up-to-date: /home/rahul/ros2_ws/install/robotic_arm_interfaces/share/robotic_arm_interfaces/msg/PositionRoboticArm.msg
[0.870s] -- Up-to-date: /home/rahul/ros2_ws/install/robotic_arm_interfaces/share/ament_index/resource_index/package_run_dependencies/robotic_arm_interfaces
[0.870s] -- Up-to-date: /home/rahul/ros2_ws/install/robotic_arm_interfaces/share/ament_index/resource_index/parent_prefix_path/robotic_arm_interfaces
[0.870s] -- Up-to-date: /home/rahul/ros2_ws/install/robotic_arm_interfaces/share/robotic_arm_interfaces/environment/ament_prefix_path.sh
[0.870s] -- Up-to-date: /home/rahul/ros2_ws/install/robotic_arm_interfaces/share/robotic_arm_interfaces/environment/ament_prefix_path.dsv
[0.870s] -- Up-to-date: /home/rahul/ros2_ws/install/robotic_arm_interfaces/share/robotic_arm_interfaces/environment/path.sh
[0.871s] -- Up-to-date: /home/rahul/ros2_ws/install/robotic_arm_interfaces/share/robotic_arm_interfaces/environment/path.dsv
[0.871s] -- Up-to-date: /home/rahul/ros2_ws/install/robotic_arm_interfaces/share/robotic_arm_interfaces/local_setup.bash
[0.871s] -- Up-to-date: /home/rahul/ros2_ws/install/robotic_arm_interfaces/share/robotic_arm_interfaces/local_setup.sh
[0.871s] -- Up-to-date: /home/rahul/ros2_ws/install/robotic_arm_interfaces/share/robotic_arm_interfaces/local_setup.zsh
[0.872s] -- Up-to-date: /home/rahul/ros2_ws/install/robotic_arm_interfaces/share/robotic_arm_interfaces/local_setup.dsv
[0.872s] -- Installing: /home/rahul/ros2_ws/install/robotic_arm_interfaces/share/robotic_arm_interfaces/package.dsv
[0.872s] -- Up-to-date: /home/rahul/ros2_ws/install/robotic_arm_interfaces/share/ament_index/resource_index/packages/robotic_arm_interfaces
[0.872s] -- Up-to-date: /home/rahul/ros2_ws/install/robotic_arm_interfaces/share/robotic_arm_interfaces/cmake/export_robotic_arm_interfaces__rosidl_generator_cExport.cmake
[0.872s] -- Up-to-date: /home/rahul/ros2_ws/install/robotic_arm_interfaces/share/robotic_arm_interfaces/cmake/export_robotic_arm_interfaces__rosidl_generator_cExport-noconfig.cmake
[0.872s] -- Up-to-date: /home/rahul/ros2_ws/install/robotic_arm_interfaces/share/robotic_arm_interfaces/cmake/export_robotic_arm_interfaces__rosidl_typesupport_fastrtps_cExport.cmake
[0.873s] -- Up-to-date: /home/rahul/ros2_ws/install/robotic_arm_interfaces/share/robotic_arm_interfaces/cmake/export_robotic_arm_interfaces__rosidl_typesupport_fastrtps_cExport-noconfig.cmake
[0.873s] -- Up-to-date: /home/rahul/ros2_ws/install/robotic_arm_interfaces/share/robotic_arm_interfaces/cmake/robotic_arm_interfaces__rosidl_typesupport_introspection_cExport.cmake
[0.873s] -- Up-to-date: /home/rahul/ros2_ws/install/robotic_arm_interfaces/share/robotic_arm_interfaces/cmake/robotic_arm_interfaces__rosidl_typesupport_introspection_cExport-noconfig.cmake
[0.874s] -- Up-to-date: /home/rahul/ros2_ws/install/robotic_arm_interfaces/share/robotic_arm_interfaces/cmake/robotic_arm_interfaces__rosidl_typesupport_cExport.cmake
[0.874s] -- Up-to-date: /home/rahul/ros2_ws/install/robotic_arm_interfaces/share/robotic_arm_interfaces/cmake/robotic_arm_interfaces__rosidl_typesupport_cExport-noconfig.cmake
[0.874s] -- Up-to-date: /home/rahul/ros2_ws/install/robotic_arm_interfaces/share/robotic_arm_interfaces/cmake/export_robotic_arm_interfaces__rosidl_generator_cppExport.cmake
[0.875s] -- Up-to-date: /home/rahul/ros2_ws/install/robotic_arm_interfaces/share/robotic_arm_interfaces/cmake/export_robotic_arm_interfaces__rosidl_typesupport_fastrtps_cppExport.cmake
[0.875s] -- Up-to-date: /home/rahul/ros2_ws/install/robotic_arm_interfaces/share/robotic_arm_interfaces/cmake/export_robotic_arm_interfaces__rosidl_typesupport_fastrtps_cppExport-noconfig.cmake
[0.876s] -- Up-to-date: /home/rahul/ros2_ws/install/robotic_arm_interfaces/share/robotic_arm_interfaces/cmake/robotic_arm_interfaces__rosidl_typesupport_introspection_cppExport.cmake
[0.877s] -- Up-to-date: /home/rahul/ros2_ws/install/robotic_arm_interfaces/share/robotic_arm_interfaces/cmake/robotic_arm_interfaces__rosidl_typesupport_introspection_cppExport-noconfig.cmake
[0.877s] -- Up-to-date: /home/rahul/ros2_ws/install/robotic_arm_interfaces/share/robotic_arm_interfaces/cmake/robotic_arm_interfaces__rosidl_typesupport_cppExport.cmake
[0.877s] -- Up-to-date: /home/rahul/ros2_ws/install/robotic_arm_interfaces/share/robotic_arm_interfaces/cmake/robotic_arm_interfaces__rosidl_typesupport_cppExport-noconfig.cmake
[0.879s] -- Up-to-date: /home/rahul/ros2_ws/install/robotic_arm_interfaces/share/robotic_arm_interfaces/cmake/export_robotic_arm_interfaces__rosidl_generator_pyExport.cmake
[0.879s] -- Up-to-date: /home/rahul/ros2_ws/install/robotic_arm_interfaces/share/robotic_arm_interfaces/cmake/export_robotic_arm_interfaces__rosidl_generator_pyExport-noconfig.cmake
[0.879s] -- Up-to-date: /home/rahul/ros2_ws/install/robotic_arm_interfaces/share/robotic_arm_interfaces/cmake/rosidl_cmake-extras.cmake
[0.879s] -- Up-to-date: /home/rahul/ros2_ws/install/robotic_arm_interfaces/share/robotic_arm_interfaces/cmake/ament_cmake_export_include_directories-extras.cmake
[0.879s] -- Up-to-date: /home/rahul/ros2_ws/install/robotic_arm_interfaces/share/robotic_arm_interfaces/cmake/ament_cmake_export_libraries-extras.cmake
[0.880s] -- Up-to-date: /home/rahul/ros2_ws/install/robotic_arm_interfaces/share/robotic_arm_interfaces/cmake/ament_cmake_export_targets-extras.cmake
[0.880s] -- Up-to-date: /home/rahul/ros2_ws/install/robotic_arm_interfaces/share/robotic_arm_interfaces/cmake/rosidl_cmake_export_typesupport_targets-extras.cmake
[0.880s] -- Up-to-date: /home/rahul/ros2_ws/install/robotic_arm_interfaces/share/robotic_arm_interfaces/cmake/ament_cmake_export_dependencies-extras.cmake
[0.880s] -- Up-to-date: /home/rahul/ros2_ws/install/robotic_arm_interfaces/share/robotic_arm_interfaces/cmake/rosidl_cmake_export_typesupport_libraries-extras.cmake
[0.880s] -- Up-to-date: /home/rahul/ros2_ws/install/robotic_arm_interfaces/share/robotic_arm_interfaces/cmake/robotic_arm_interfacesConfig.cmake
[0.880s] -- Up-to-date: /home/rahul/ros2_ws/install/robotic_arm_interfaces/share/robotic_arm_interfaces/cmake/robotic_arm_interfacesConfig-version.cmake
[0.881s] -- Up-to-date: /home/rahul/ros2_ws/install/robotic_arm_interfaces/share/robotic_arm_interfaces/package.xml
[0.884s] Invoked command in '/home/rahul/ros2_ws/build/robotic_arm_interfaces' returned '0': CMAKE_PREFIX_PATH=${CMAKE_PREFIX_PATH}:/home/rahul/ros2_ws/install/ps4_servo_control:/home/rahul/ros2_ws/install/robotic_control:/home/rahul/ros2_ws/install/robot_arm_control:/opt/ros/humble /usr/bin/cmake --install /home/rahul/ros2_ws/build/robotic_arm_interfaces
