[0.384s] DEBUG:colcon:Command line arguments: ['/usr/bin/colcon', 'build']
[0.385s] DEBUG:colcon:Parsed command line arguments: Namespace(log_base=None, log_level=None, verb_name='build', build_base='build', install_base='install', merge_install=False, symlink_install=False, test_result_base=None, continue_on_error=False, executor='parallel', parallel_workers=4, event_handlers=None, ignore_user_meta=False, metas=['./colcon.meta'], base_paths=['.'], packages_ignore=None, packages_ignore_regex=None, paths=None, packages_up_to=None, packages_up_to_regex=None, packages_above=None, packages_above_and_dependencies=None, packages_above_depth=None, packages_select_by_dep=None, packages_skip_by_dep=None, packages_skip_up_to=None, packages_select_build_failed=False, packages_skip_build_finished=False, packages_select_test_failures=False, packages_skip_test_passed=False, packages_select=None, packages_skip=None, packages_select_regex=None, packages_skip_regex=None, packages_start=None, packages_end=None, allow_overriding=[], cmake_args=None, cmake_target=None, cmake_target_skip_unavailable=False, cmake_clean_cache=False, cmake_clean_first=False, cmake_force_configure=False, ament_cmake_args=None, catkin_cmake_args=None, catkin_skip_building_tests=False, verb_parser=<colcon_defaults.argument_parser.defaults.DefaultArgumentsDecorator object at 0x7f804a33f6d0>, verb_extension=<colcon_core.verb.build.BuildVerb object at 0x7f804a4e4c70>, main=<bound method BuildVerb.main of <colcon_core.verb.build.BuildVerb object at 0x7f804a4e4c70>>)
[0.966s] Level 1:colcon.colcon_core.package_discovery:discover_packages(colcon_meta) check parameters
[0.967s] Level 1:colcon.colcon_core.package_discovery:discover_packages(recursive) check parameters
[0.967s] Level 1:colcon.colcon_core.package_discovery:discover_packages(ignore) check parameters
[0.967s] Level 1:colcon.colcon_core.package_discovery:discover_packages(path) check parameters
[0.967s] Level 1:colcon.colcon_core.package_discovery:discover_packages(colcon_meta) discover
[0.967s] Level 1:colcon.colcon_core.package_discovery:discover_packages(recursive) discover
[0.967s] INFO:colcon.colcon_core.package_discovery:Crawling recursively for packages in '/home/rahul/ros2_ws'
[0.967s] Level 1:colcon.colcon_core.package_identification:_identify(.) by extensions ['ignore', 'ignore_ament_install']
[0.968s] Level 1:colcon.colcon_core.package_identification:_identify(.) by extension 'ignore'
[0.968s] Level 1:colcon.colcon_core.package_identification:_identify(.) by extension 'ignore_ament_install'
[0.968s] Level 1:colcon.colcon_core.package_identification:_identify(.) by extensions ['colcon_pkg']
[0.968s] Level 1:colcon.colcon_core.package_identification:_identify(.) by extension 'colcon_pkg'
[0.968s] Level 1:colcon.colcon_core.package_identification:_identify(.) by extensions ['colcon_meta']
[0.968s] Level 1:colcon.colcon_core.package_identification:_identify(.) by extension 'colcon_meta'
[0.968s] Level 1:colcon.colcon_core.package_identification:_identify(.) by extensions ['ros']
[0.968s] Level 1:colcon.colcon_core.package_identification:_identify(.) by extension 'ros'
[1.005s] Level 1:colcon.colcon_core.package_identification:_identify(.) by extensions ['cmake', 'python']
[1.005s] Level 1:colcon.colcon_core.package_identification:_identify(.) by extension 'cmake'
[1.006s] Level 1:colcon.colcon_core.package_identification:_identify(.) by extension 'python'
[1.006s] Level 1:colcon.colcon_core.package_identification:_identify(.) by extensions ['python_setup_py']
[1.006s] Level 1:colcon.colcon_core.package_identification:_identify(.) by extension 'python_setup_py'
[1.007s] Level 1:colcon.colcon_core.package_identification:_identify(build) by extensions ['ignore', 'ignore_ament_install']
[1.007s] Level 1:colcon.colcon_core.package_identification:_identify(build) by extension 'ignore'
[1.007s] Level 1:colcon.colcon_core.package_identification:_identify(build) ignored
[1.008s] Level 1:colcon.colcon_core.package_identification:_identify(install) by extensions ['ignore', 'ignore_ament_install']
[1.008s] Level 1:colcon.colcon_core.package_identification:_identify(install) by extension 'ignore'
[1.009s] Level 1:colcon.colcon_core.package_identification:_identify(install) ignored
[1.010s] Level 1:colcon.colcon_core.package_identification:_identify(log) by extensions ['ignore', 'ignore_ament_install']
[1.010s] Level 1:colcon.colcon_core.package_identification:_identify(log) by extension 'ignore'
[1.010s] Level 1:colcon.colcon_core.package_identification:_identify(log) ignored
[1.011s] Level 1:colcon.colcon_core.package_identification:_identify(src) by extensions ['ignore', 'ignore_ament_install']
[1.011s] Level 1:colcon.colcon_core.package_identification:_identify(src) by extension 'ignore'
[1.011s] Level 1:colcon.colcon_core.package_identification:_identify(src) by extension 'ignore_ament_install'
[1.011s] Level 1:colcon.colcon_core.package_identification:_identify(src) by extensions ['colcon_pkg']
[1.011s] Level 1:colcon.colcon_core.package_identification:_identify(src) by extension 'colcon_pkg'
[1.011s] Level 1:colcon.colcon_core.package_identification:_identify(src) by extensions ['colcon_meta']
[1.011s] Level 1:colcon.colcon_core.package_identification:_identify(src) by extension 'colcon_meta'
[1.012s] Level 1:colcon.colcon_core.package_identification:_identify(src) by extensions ['ros']
[1.012s] Level 1:colcon.colcon_core.package_identification:_identify(src) by extension 'ros'
[1.012s] Level 1:colcon.colcon_core.package_identification:_identify(src) by extensions ['cmake', 'python']
[1.012s] Level 1:colcon.colcon_core.package_identification:_identify(src) by extension 'cmake'
[1.012s] Level 1:colcon.colcon_core.package_identification:_identify(src) by extension 'python'
[1.012s] Level 1:colcon.colcon_core.package_identification:_identify(src) by extensions ['python_setup_py']
[1.013s] Level 1:colcon.colcon_core.package_identification:_identify(src) by extension 'python_setup_py'
[1.013s] Level 1:colcon.colcon_core.package_identification:_identify(src/build) by extensions ['ignore', 'ignore_ament_install']
[1.014s] Level 1:colcon.colcon_core.package_identification:_identify(src/build) by extension 'ignore'
[1.014s] Level 1:colcon.colcon_core.package_identification:_identify(src/build) ignored
[1.015s] Level 1:colcon.colcon_core.package_identification:_identify(src/install) by extensions ['ignore', 'ignore_ament_install']
[1.015s] Level 1:colcon.colcon_core.package_identification:_identify(src/install) by extension 'ignore'
[1.015s] Level 1:colcon.colcon_core.package_identification:_identify(src/install) ignored
[1.016s] Level 1:colcon.colcon_core.package_identification:_identify(src/joy_to_arm_interface) by extensions ['ignore', 'ignore_ament_install']
[1.016s] Level 1:colcon.colcon_core.package_identification:_identify(src/joy_to_arm_interface) by extension 'ignore'
[1.016s] Level 1:colcon.colcon_core.package_identification:_identify(src/joy_to_arm_interface) by extension 'ignore_ament_install'
[1.016s] Level 1:colcon.colcon_core.package_identification:_identify(src/joy_to_arm_interface) by extensions ['colcon_pkg']
[1.016s] Level 1:colcon.colcon_core.package_identification:_identify(src/joy_to_arm_interface) by extension 'colcon_pkg'
[1.017s] Level 1:colcon.colcon_core.package_identification:_identify(src/joy_to_arm_interface) by extensions ['colcon_meta']
[1.017s] Level 1:colcon.colcon_core.package_identification:_identify(src/joy_to_arm_interface) by extension 'colcon_meta'
[1.017s] Level 1:colcon.colcon_core.package_identification:_identify(src/joy_to_arm_interface) by extensions ['ros']
[1.017s] Level 1:colcon.colcon_core.package_identification:_identify(src/joy_to_arm_interface) by extension 'ros'
[1.025s] DEBUG:colcon.colcon_core.package_identification:Package 'src/joy_to_arm_interface' with type 'ros.ament_cmake' and name 'joy_to_arm_interface'
[1.026s] Level 1:colcon.colcon_core.package_identification:_identify(src/log) by extensions ['ignore', 'ignore_ament_install']
[1.026s] Level 1:colcon.colcon_core.package_identification:_identify(src/log) by extension 'ignore'
[1.026s] Level 1:colcon.colcon_core.package_identification:_identify(src/log) ignored
[1.027s] Level 1:colcon.colcon_core.package_identification:_identify(src/robotic_arm_interfaces) by extensions ['ignore', 'ignore_ament_install']
[1.027s] Level 1:colcon.colcon_core.package_identification:_identify(src/robotic_arm_interfaces) by extension 'ignore'
[1.027s] Level 1:colcon.colcon_core.package_identification:_identify(src/robotic_arm_interfaces) by extension 'ignore_ament_install'
[1.027s] Level 1:colcon.colcon_core.package_identification:_identify(src/robotic_arm_interfaces) by extensions ['colcon_pkg']
[1.027s] Level 1:colcon.colcon_core.package_identification:_identify(src/robotic_arm_interfaces) by extension 'colcon_pkg'
[1.028s] Level 1:colcon.colcon_core.package_identification:_identify(src/robotic_arm_interfaces) by extensions ['colcon_meta']
[1.028s] Level 1:colcon.colcon_core.package_identification:_identify(src/robotic_arm_interfaces) by extension 'colcon_meta'
[1.028s] Level 1:colcon.colcon_core.package_identification:_identify(src/robotic_arm_interfaces) by extensions ['ros']
[1.028s] Level 1:colcon.colcon_core.package_identification:_identify(src/robotic_arm_interfaces) by extension 'ros'
[1.030s] DEBUG:colcon.colcon_core.package_identification:Package 'src/robotic_arm_interfaces' with type 'ros.ament_cmake' and name 'robotic_arm_interfaces'
[1.030s] Level 1:colcon.colcon_core.package_discovery:discover_packages(recursive) using defaults
[1.030s] Level 1:colcon.colcon_core.package_discovery:discover_packages(ignore) discover
[1.030s] Level 1:colcon.colcon_core.package_discovery:discover_packages(ignore) using defaults
[1.031s] Level 1:colcon.colcon_core.package_discovery:discover_packages(path) discover
[1.031s] Level 1:colcon.colcon_core.package_discovery:discover_packages(path) using defaults
[1.106s] Level 1:colcon.colcon_core.package_discovery:discover_packages(prefix_path) check parameters
[1.106s] Level 1:colcon.colcon_core.package_discovery:discover_packages(prefix_path) discover
[1.114s] DEBUG:colcon.colcon_installed_package_information.package_discovery:Found 3 installed packages in /home/rahul/ros2_ws/install
[1.117s] DEBUG:colcon.colcon_installed_package_information.package_discovery:Found 270 installed packages in /opt/ros/humble
[1.136s] Level 1:colcon.colcon_core.package_discovery:discover_packages(prefix_path) using defaults
[1.293s] Level 5:colcon.colcon_core.verb:set package 'robotic_arm_interfaces' build argument 'cmake_args' from command line to 'None'
[1.294s] Level 5:colcon.colcon_core.verb:set package 'robotic_arm_interfaces' build argument 'cmake_target' from command line to 'None'
[1.294s] Level 5:colcon.colcon_core.verb:set package 'robotic_arm_interfaces' build argument 'cmake_target_skip_unavailable' from command line to 'False'
[1.294s] Level 5:colcon.colcon_core.verb:set package 'robotic_arm_interfaces' build argument 'cmake_clean_cache' from command line to 'False'
[1.294s] Level 5:colcon.colcon_core.verb:set package 'robotic_arm_interfaces' build argument 'cmake_clean_first' from command line to 'False'
[1.294s] Level 5:colcon.colcon_core.verb:set package 'robotic_arm_interfaces' build argument 'cmake_force_configure' from command line to 'False'
[1.294s] Level 5:colcon.colcon_core.verb:set package 'robotic_arm_interfaces' build argument 'ament_cmake_args' from command line to 'None'
[1.294s] Level 5:colcon.colcon_core.verb:set package 'robotic_arm_interfaces' build argument 'catkin_cmake_args' from command line to 'None'
[1.294s] Level 5:colcon.colcon_core.verb:set package 'robotic_arm_interfaces' build argument 'catkin_skip_building_tests' from command line to 'False'
[1.294s] DEBUG:colcon.colcon_core.verb:Building package 'robotic_arm_interfaces' with the following arguments: {'ament_cmake_args': None, 'build_base': '/home/rahul/ros2_ws/build/robotic_arm_interfaces', 'catkin_cmake_args': None, 'catkin_skip_building_tests': False, 'cmake_args': None, 'cmake_clean_cache': False, 'cmake_clean_first': False, 'cmake_force_configure': False, 'cmake_target': None, 'cmake_target_skip_unavailable': False, 'install_base': '/home/rahul/ros2_ws/install/robotic_arm_interfaces', 'merge_install': False, 'path': '/home/rahul/ros2_ws/src/robotic_arm_interfaces', 'symlink_install': False, 'test_result_base': None}
[1.295s] Level 5:colcon.colcon_core.verb:set package 'joy_to_arm_interface' build argument 'cmake_args' from command line to 'None'
[1.295s] Level 5:colcon.colcon_core.verb:set package 'joy_to_arm_interface' build argument 'cmake_target' from command line to 'None'
[1.295s] Level 5:colcon.colcon_core.verb:set package 'joy_to_arm_interface' build argument 'cmake_target_skip_unavailable' from command line to 'False'
[1.295s] Level 5:colcon.colcon_core.verb:set package 'joy_to_arm_interface' build argument 'cmake_clean_cache' from command line to 'False'
[1.295s] Level 5:colcon.colcon_core.verb:set package 'joy_to_arm_interface' build argument 'cmake_clean_first' from command line to 'False'
[1.295s] Level 5:colcon.colcon_core.verb:set package 'joy_to_arm_interface' build argument 'cmake_force_configure' from command line to 'False'
[1.295s] Level 5:colcon.colcon_core.verb:set package 'joy_to_arm_interface' build argument 'ament_cmake_args' from command line to 'None'
[1.295s] Level 5:colcon.colcon_core.verb:set package 'joy_to_arm_interface' build argument 'catkin_cmake_args' from command line to 'None'
[1.295s] Level 5:colcon.colcon_core.verb:set package 'joy_to_arm_interface' build argument 'catkin_skip_building_tests' from command line to 'False'
[1.295s] DEBUG:colcon.colcon_core.verb:Building package 'joy_to_arm_interface' with the following arguments: {'ament_cmake_args': None, 'build_base': '/home/rahul/ros2_ws/build/joy_to_arm_interface', 'catkin_cmake_args': None, 'catkin_skip_building_tests': False, 'cmake_args': None, 'cmake_clean_cache': False, 'cmake_clean_first': False, 'cmake_force_configure': False, 'cmake_target': None, 'cmake_target_skip_unavailable': False, 'install_base': '/home/rahul/ros2_ws/install/joy_to_arm_interface', 'merge_install': False, 'path': '/home/rahul/ros2_ws/src/joy_to_arm_interface', 'symlink_install': False, 'test_result_base': None}
[1.296s] INFO:colcon.colcon_core.executor:Executing jobs using 'parallel' executor
[1.297s] DEBUG:colcon.colcon_parallel_executor.executor.parallel:run_until_complete
[1.297s] INFO:colcon.colcon_ros.task.ament_cmake.build:Building ROS package in '/home/rahul/ros2_ws/src/robotic_arm_interfaces' with build type 'ament_cmake'
[1.298s] INFO:colcon.colcon_cmake.task.cmake.build:Building CMake package in '/home/rahul/ros2_ws/src/robotic_arm_interfaces'
[1.309s] INFO:colcon.colcon_core.plugin_system:Skipping extension 'colcon_core.shell.bat': Not used on non-Windows systems
[1.309s] INFO:colcon.colcon_core.shell:Skip shell extension 'powershell' for command environment: Not usable outside of PowerShell
[1.309s] DEBUG:colcon.colcon_core.shell:Skip shell extension 'dsv' for command environment
[1.329s] DEBUG:colcon.colcon_core.event_handler.log_command:Invoking command in '/home/rahul/ros2_ws/build/robotic_arm_interfaces': CMAKE_PREFIX_PATH=${CMAKE_PREFIX_PATH}:/home/rahul/ros2_ws/install/ps4_servo_control:/opt/ros/humble /usr/bin/cmake --build /home/rahul/ros2_ws/build/robotic_arm_interfaces -- -j4 -l4
[3.075s] DEBUG:colcon.colcon_core.event_handler.log_command:Invoked command in '/home/rahul/ros2_ws/build/robotic_arm_interfaces' returned '0': CMAKE_PREFIX_PATH=${CMAKE_PREFIX_PATH}:/home/rahul/ros2_ws/install/ps4_servo_control:/opt/ros/humble /usr/bin/cmake --build /home/rahul/ros2_ws/build/robotic_arm_interfaces -- -j4 -l4
[3.105s] DEBUG:colcon.colcon_core.event_handler.log_command:Invoking command in '/home/rahul/ros2_ws/build/robotic_arm_interfaces': CMAKE_PREFIX_PATH=${CMAKE_PREFIX_PATH}:/home/rahul/ros2_ws/install/ps4_servo_control:/opt/ros/humble /usr/bin/cmake --install /home/rahul/ros2_ws/build/robotic_arm_interfaces
[3.908s] Level 1:colcon.colcon_core.environment:create_environment_scripts_only(robotic_arm_interfaces)
[3.909s] DEBUG:colcon.colcon_core.event_handler.log_command:Invoked command in '/home/rahul/ros2_ws/build/robotic_arm_interfaces' returned '0': CMAKE_PREFIX_PATH=${CMAKE_PREFIX_PATH}:/home/rahul/ros2_ws/install/ps4_servo_control:/opt/ros/humble /usr/bin/cmake --install /home/rahul/ros2_ws/build/robotic_arm_interfaces
[3.925s] Level 1:colcon.colcon_core.environment:checking '/home/rahul/ros2_ws/install/robotic_arm_interfaces' for CMake module files
[3.929s] Level 1:colcon.colcon_core.environment:checking '/home/rahul/ros2_ws/install/robotic_arm_interfaces' for CMake config files
[3.933s] Level 1:colcon.colcon_core.shell:create_environment_hook('robotic_arm_interfaces', 'cmake_prefix_path')
[3.933s] INFO:colcon.colcon_core.shell:Creating environment hook '/home/rahul/ros2_ws/install/robotic_arm_interfaces/share/robotic_arm_interfaces/hook/cmake_prefix_path.ps1'
[3.936s] INFO:colcon.colcon_core.shell:Creating environment descriptor '/home/rahul/ros2_ws/install/robotic_arm_interfaces/share/robotic_arm_interfaces/hook/cmake_prefix_path.dsv'
[3.937s] INFO:colcon.colcon_core.shell:Creating environment hook '/home/rahul/ros2_ws/install/robotic_arm_interfaces/share/robotic_arm_interfaces/hook/cmake_prefix_path.sh'
[3.939s] Level 1:colcon.colcon_core.environment:checking '/home/rahul/ros2_ws/install/robotic_arm_interfaces/lib'
[3.940s] Level 1:colcon.colcon_core.shell:create_environment_hook('robotic_arm_interfaces', 'ld_library_path_lib')
[3.940s] INFO:colcon.colcon_core.shell:Creating environment hook '/home/rahul/ros2_ws/install/robotic_arm_interfaces/share/robotic_arm_interfaces/hook/ld_library_path_lib.ps1'
[3.941s] INFO:colcon.colcon_core.shell:Creating environment descriptor '/home/rahul/ros2_ws/install/robotic_arm_interfaces/share/robotic_arm_interfaces/hook/ld_library_path_lib.dsv'
[3.942s] INFO:colcon.colcon_core.shell:Creating environment hook '/home/rahul/ros2_ws/install/robotic_arm_interfaces/share/robotic_arm_interfaces/hook/ld_library_path_lib.sh'
[3.944s] Level 1:colcon.colcon_core.environment:checking '/home/rahul/ros2_ws/install/robotic_arm_interfaces/bin'
[3.944s] Level 1:colcon.colcon_core.environment:checking '/home/rahul/ros2_ws/install/robotic_arm_interfaces/lib/pkgconfig/robotic_arm_interfaces.pc'
[3.944s] Level 1:colcon.colcon_core.environment:checking '/home/rahul/ros2_ws/install/robotic_arm_interfaces/lib/python3.10/site-packages'
[3.945s] Level 1:colcon.colcon_core.environment:checking '/home/rahul/ros2_ws/install/robotic_arm_interfaces/bin'
[3.945s] INFO:colcon.colcon_core.shell:Creating package script '/home/rahul/ros2_ws/install/robotic_arm_interfaces/share/robotic_arm_interfaces/package.ps1'
[3.948s] INFO:colcon.colcon_core.shell:Creating package descriptor '/home/rahul/ros2_ws/install/robotic_arm_interfaces/share/robotic_arm_interfaces/package.dsv'
[3.949s] INFO:colcon.colcon_core.shell:Creating package script '/home/rahul/ros2_ws/install/robotic_arm_interfaces/share/robotic_arm_interfaces/package.sh'
[3.951s] INFO:colcon.colcon_core.shell:Creating package script '/home/rahul/ros2_ws/install/robotic_arm_interfaces/share/robotic_arm_interfaces/package.bash'
[3.952s] INFO:colcon.colcon_core.shell:Creating package script '/home/rahul/ros2_ws/install/robotic_arm_interfaces/share/robotic_arm_interfaces/package.zsh'
[3.955s] Level 1:colcon.colcon_core.environment:create_file_with_runtime_dependencies(/home/rahul/ros2_ws/install/robotic_arm_interfaces/share/colcon-core/packages/robotic_arm_interfaces)
[3.956s] Level 1:colcon.colcon_core.environment:create_environment_scripts_only(robotic_arm_interfaces)
[3.957s] Level 1:colcon.colcon_core.environment:checking '/home/rahul/ros2_ws/install/robotic_arm_interfaces' for CMake module files
[3.959s] Level 1:colcon.colcon_core.environment:checking '/home/rahul/ros2_ws/install/robotic_arm_interfaces' for CMake config files
[3.960s] Level 1:colcon.colcon_core.shell:create_environment_hook('robotic_arm_interfaces', 'cmake_prefix_path')
[3.960s] INFO:colcon.colcon_core.shell:Creating environment hook '/home/rahul/ros2_ws/install/robotic_arm_interfaces/share/robotic_arm_interfaces/hook/cmake_prefix_path.ps1'
[3.961s] INFO:colcon.colcon_core.shell:Creating environment descriptor '/home/rahul/ros2_ws/install/robotic_arm_interfaces/share/robotic_arm_interfaces/hook/cmake_prefix_path.dsv'
[3.962s] INFO:colcon.colcon_core.shell:Creating environment hook '/home/rahul/ros2_ws/install/robotic_arm_interfaces/share/robotic_arm_interfaces/hook/cmake_prefix_path.sh'
[3.964s] Level 1:colcon.colcon_core.environment:checking '/home/rahul/ros2_ws/install/robotic_arm_interfaces/lib'
[3.964s] Level 1:colcon.colcon_core.shell:create_environment_hook('robotic_arm_interfaces', 'ld_library_path_lib')
[3.964s] INFO:colcon.colcon_core.shell:Creating environment hook '/home/rahul/ros2_ws/install/robotic_arm_interfaces/share/robotic_arm_interfaces/hook/ld_library_path_lib.ps1'
[3.965s] INFO:colcon.colcon_core.shell:Creating environment descriptor '/home/rahul/ros2_ws/install/robotic_arm_interfaces/share/robotic_arm_interfaces/hook/ld_library_path_lib.dsv'
[3.966s] INFO:colcon.colcon_core.shell:Creating environment hook '/home/rahul/ros2_ws/install/robotic_arm_interfaces/share/robotic_arm_interfaces/hook/ld_library_path_lib.sh'
[3.967s] Level 1:colcon.colcon_core.environment:checking '/home/rahul/ros2_ws/install/robotic_arm_interfaces/bin'
[3.968s] Level 1:colcon.colcon_core.environment:checking '/home/rahul/ros2_ws/install/robotic_arm_interfaces/lib/pkgconfig/robotic_arm_interfaces.pc'
[3.968s] Level 1:colcon.colcon_core.environment:checking '/home/rahul/ros2_ws/install/robotic_arm_interfaces/lib/python3.10/site-packages'
[3.969s] Level 1:colcon.colcon_core.environment:checking '/home/rahul/ros2_ws/install/robotic_arm_interfaces/bin'
[3.970s] INFO:colcon.colcon_core.shell:Creating package script '/home/rahul/ros2_ws/install/robotic_arm_interfaces/share/robotic_arm_interfaces/package.ps1'
[3.971s] INFO:colcon.colcon_core.shell:Creating package descriptor '/home/rahul/ros2_ws/install/robotic_arm_interfaces/share/robotic_arm_interfaces/package.dsv'
[3.972s] INFO:colcon.colcon_core.shell:Creating package script '/home/rahul/ros2_ws/install/robotic_arm_interfaces/share/robotic_arm_interfaces/package.sh'
[3.973s] INFO:colcon.colcon_core.shell:Creating package script '/home/rahul/ros2_ws/install/robotic_arm_interfaces/share/robotic_arm_interfaces/package.bash'
[3.974s] INFO:colcon.colcon_core.shell:Creating package script '/home/rahul/ros2_ws/install/robotic_arm_interfaces/share/robotic_arm_interfaces/package.zsh'
[3.975s] Level 1:colcon.colcon_core.environment:create_file_with_runtime_dependencies(/home/rahul/ros2_ws/install/robotic_arm_interfaces/share/colcon-core/packages/robotic_arm_interfaces)
[3.976s] INFO:colcon.colcon_ros.task.ament_cmake.build:Building ROS package in '/home/rahul/ros2_ws/src/joy_to_arm_interface' with build type 'ament_cmake'
[3.977s] INFO:colcon.colcon_cmake.task.cmake.build:Building CMake package in '/home/rahul/ros2_ws/src/joy_to_arm_interface'
[3.978s] INFO:colcon.colcon_core.shell:Skip shell extension 'powershell' for command environment: Not usable outside of PowerShell
[3.978s] DEBUG:colcon.colcon_core.shell:Skip shell extension 'dsv' for command environment
[4.005s] DEBUG:colcon.colcon_core.event_handler.log_command:Invoking command in '/home/rahul/ros2_ws/build/joy_to_arm_interface': CMAKE_PREFIX_PATH=/home/rahul/ros2_ws/install/robotic_arm_interfaces:/home/rahul/ros2_ws/install/joy_to_arm_interface:/home/rahul/ros2_ws/install/ps4_servo_control:/opt/ros/humble /usr/bin/cmake --build /home/rahul/ros2_ws/build/joy_to_arm_interface -- -j4 -l4
[19.288s] DEBUG:colcon.colcon_core.event_handler.log_command:Invoked command in '/home/rahul/ros2_ws/build/joy_to_arm_interface' returned '0': CMAKE_PREFIX_PATH=/home/rahul/ros2_ws/install/robotic_arm_interfaces:/home/rahul/ros2_ws/install/joy_to_arm_interface:/home/rahul/ros2_ws/install/ps4_servo_control:/opt/ros/humble /usr/bin/cmake --build /home/rahul/ros2_ws/build/joy_to_arm_interface -- -j4 -l4
[19.292s] DEBUG:colcon.colcon_core.event_handler.log_command:Invoking command in '/home/rahul/ros2_ws/build/joy_to_arm_interface': CMAKE_PREFIX_PATH=/home/rahul/ros2_ws/install/robotic_arm_interfaces:/home/rahul/ros2_ws/install/joy_to_arm_interface:/home/rahul/ros2_ws/install/ps4_servo_control:/opt/ros/humble /usr/bin/cmake --install /home/rahul/ros2_ws/build/joy_to_arm_interface
[19.318s] Level 1:colcon.colcon_core.environment:create_environment_scripts_only(joy_to_arm_interface)
[19.319s] Level 1:colcon.colcon_core.environment:checking '/home/rahul/ros2_ws/install/joy_to_arm_interface' for CMake module files
[19.320s] DEBUG:colcon.colcon_core.event_handler.log_command:Invoked command in '/home/rahul/ros2_ws/build/joy_to_arm_interface' returned '0': CMAKE_PREFIX_PATH=/home/rahul/ros2_ws/install/robotic_arm_interfaces:/home/rahul/ros2_ws/install/joy_to_arm_interface:/home/rahul/ros2_ws/install/ps4_servo_control:/opt/ros/humble /usr/bin/cmake --install /home/rahul/ros2_ws/build/joy_to_arm_interface
[19.320s] Level 1:colcon.colcon_core.environment:checking '/home/rahul/ros2_ws/install/joy_to_arm_interface' for CMake config files
[19.321s] Level 1:colcon.colcon_core.shell:create_environment_hook('joy_to_arm_interface', 'cmake_prefix_path')
[19.322s] INFO:colcon.colcon_core.shell:Creating environment hook '/home/rahul/ros2_ws/install/joy_to_arm_interface/share/joy_to_arm_interface/hook/cmake_prefix_path.ps1'
[19.322s] INFO:colcon.colcon_core.shell:Creating environment descriptor '/home/rahul/ros2_ws/install/joy_to_arm_interface/share/joy_to_arm_interface/hook/cmake_prefix_path.dsv'
[19.323s] INFO:colcon.colcon_core.shell:Creating environment hook '/home/rahul/ros2_ws/install/joy_to_arm_interface/share/joy_to_arm_interface/hook/cmake_prefix_path.sh'
[19.324s] Level 1:colcon.colcon_core.environment:checking '/home/rahul/ros2_ws/install/joy_to_arm_interface/lib'
[19.324s] Level 1:colcon.colcon_core.environment:checking '/home/rahul/ros2_ws/install/joy_to_arm_interface/bin'
[19.324s] Level 1:colcon.colcon_core.environment:checking '/home/rahul/ros2_ws/install/joy_to_arm_interface/lib/pkgconfig/joy_to_arm_interface.pc'
[19.324s] Level 1:colcon.colcon_core.environment:checking '/home/rahul/ros2_ws/install/joy_to_arm_interface/lib/python3.10/site-packages'
[19.325s] Level 1:colcon.colcon_core.environment:checking '/home/rahul/ros2_ws/install/joy_to_arm_interface/bin'
[19.325s] INFO:colcon.colcon_core.shell:Creating package script '/home/rahul/ros2_ws/install/joy_to_arm_interface/share/joy_to_arm_interface/package.ps1'
[19.326s] INFO:colcon.colcon_core.shell:Creating package descriptor '/home/rahul/ros2_ws/install/joy_to_arm_interface/share/joy_to_arm_interface/package.dsv'
[19.327s] INFO:colcon.colcon_core.shell:Creating package script '/home/rahul/ros2_ws/install/joy_to_arm_interface/share/joy_to_arm_interface/package.sh'
[19.327s] INFO:colcon.colcon_core.shell:Creating package script '/home/rahul/ros2_ws/install/joy_to_arm_interface/share/joy_to_arm_interface/package.bash'
[19.328s] INFO:colcon.colcon_core.shell:Creating package script '/home/rahul/ros2_ws/install/joy_to_arm_interface/share/joy_to_arm_interface/package.zsh'
[19.329s] Level 1:colcon.colcon_core.environment:create_file_with_runtime_dependencies(/home/rahul/ros2_ws/install/joy_to_arm_interface/share/colcon-core/packages/joy_to_arm_interface)
[19.330s] Level 1:colcon.colcon_core.environment:create_environment_scripts_only(joy_to_arm_interface)
[19.331s] Level 1:colcon.colcon_core.environment:checking '/home/rahul/ros2_ws/install/joy_to_arm_interface' for CMake module files
[19.331s] Level 1:colcon.colcon_core.environment:checking '/home/rahul/ros2_ws/install/joy_to_arm_interface' for CMake config files
[19.332s] Level 1:colcon.colcon_core.shell:create_environment_hook('joy_to_arm_interface', 'cmake_prefix_path')
[19.332s] INFO:colcon.colcon_core.shell:Creating environment hook '/home/rahul/ros2_ws/install/joy_to_arm_interface/share/joy_to_arm_interface/hook/cmake_prefix_path.ps1'
[19.333s] INFO:colcon.colcon_core.shell:Creating environment descriptor '/home/rahul/ros2_ws/install/joy_to_arm_interface/share/joy_to_arm_interface/hook/cmake_prefix_path.dsv'
[19.333s] INFO:colcon.colcon_core.shell:Creating environment hook '/home/rahul/ros2_ws/install/joy_to_arm_interface/share/joy_to_arm_interface/hook/cmake_prefix_path.sh'
[19.335s] Level 1:colcon.colcon_core.environment:checking '/home/rahul/ros2_ws/install/joy_to_arm_interface/lib'
[19.335s] Level 1:colcon.colcon_core.environment:checking '/home/rahul/ros2_ws/install/joy_to_arm_interface/bin'
[19.335s] Level 1:colcon.colcon_core.environment:checking '/home/rahul/ros2_ws/install/joy_to_arm_interface/lib/pkgconfig/joy_to_arm_interface.pc'
[19.335s] Level 1:colcon.colcon_core.environment:checking '/home/rahul/ros2_ws/install/joy_to_arm_interface/lib/python3.10/site-packages'
[19.336s] Level 1:colcon.colcon_core.environment:checking '/home/rahul/ros2_ws/install/joy_to_arm_interface/bin'
[19.336s] INFO:colcon.colcon_core.shell:Creating package script '/home/rahul/ros2_ws/install/joy_to_arm_interface/share/joy_to_arm_interface/package.ps1'
[19.337s] INFO:colcon.colcon_core.shell:Creating package descriptor '/home/rahul/ros2_ws/install/joy_to_arm_interface/share/joy_to_arm_interface/package.dsv'
[19.338s] INFO:colcon.colcon_core.shell:Creating package script '/home/rahul/ros2_ws/install/joy_to_arm_interface/share/joy_to_arm_interface/package.sh'
[19.339s] INFO:colcon.colcon_core.shell:Creating package script '/home/rahul/ros2_ws/install/joy_to_arm_interface/share/joy_to_arm_interface/package.bash'
[19.339s] INFO:colcon.colcon_core.shell:Creating package script '/home/rahul/ros2_ws/install/joy_to_arm_interface/share/joy_to_arm_interface/package.zsh'
[19.340s] Level 1:colcon.colcon_core.environment:create_file_with_runtime_dependencies(/home/rahul/ros2_ws/install/joy_to_arm_interface/share/colcon-core/packages/joy_to_arm_interface)
[19.340s] DEBUG:colcon.colcon_parallel_executor.executor.parallel:closing loop
[19.341s] DEBUG:colcon.colcon_parallel_executor.executor.parallel:loop closed
[19.341s] DEBUG:colcon.colcon_parallel_executor.executor.parallel:run_until_complete finished with '0'
[19.341s] DEBUG:colcon.colcon_core.event_reactor:joining thread
[19.357s] INFO:colcon.colcon_core.plugin_system:Skipping extension 'colcon_notification.desktop_notification.terminal_notifier': Not used on non-Darwin systems
[19.357s] INFO:colcon.colcon_core.plugin_system:Skipping extension 'colcon_notification.desktop_notification.win32': Not used on non-Windows systems
[19.357s] INFO:colcon.colcon_notification.desktop_notification:Sending desktop notification using 'notify2'
[19.381s] DEBUG:colcon.colcon_core.event_reactor:joined thread
[19.382s] INFO:colcon.colcon_core.shell:Creating prefix script '/home/rahul/ros2_ws/install/local_setup.ps1'
[19.384s] INFO:colcon.colcon_core.shell:Creating prefix util module '/home/rahul/ros2_ws/install/_local_setup_util_ps1.py'
[19.389s] INFO:colcon.colcon_core.shell:Creating prefix chain script '/home/rahul/ros2_ws/install/setup.ps1'
[19.391s] INFO:colcon.colcon_core.shell:Creating prefix script '/home/rahul/ros2_ws/install/local_setup.sh'
[19.393s] INFO:colcon.colcon_core.shell:Creating prefix util module '/home/rahul/ros2_ws/install/_local_setup_util_sh.py'
[19.394s] INFO:colcon.colcon_core.shell:Creating prefix chain script '/home/rahul/ros2_ws/install/setup.sh'
[19.396s] INFO:colcon.colcon_core.shell:Creating prefix script '/home/rahul/ros2_ws/install/local_setup.bash'
[19.397s] INFO:colcon.colcon_core.shell:Creating prefix chain script '/home/rahul/ros2_ws/install/setup.bash'
[19.399s] INFO:colcon.colcon_core.shell:Creating prefix script '/home/rahul/ros2_ws/install/local_setup.zsh'
[19.400s] INFO:colcon.colcon_core.shell:Creating prefix chain script '/home/rahul/ros2_ws/install/setup.zsh'
