[0.022s] Invoking command in '/home/rahul/ros2_ws/build/joy_to_arm_interface': CMAKE_PREFIX_PATH=/home/rahul/ros2_ws/install/robotic_arm_interfaces:/home/rahul/ros2_ws/install/joy_to_arm_interface:/home/rahul/ros2_ws/install/ps4_servo_control:/opt/ros/humble /usr/bin/cmake --build /home/rahul/ros2_ws/build/joy_to_arm_interface -- -j4 -l4
[0.120s] [35m[1mConsolidate compiler generated dependencies of target ps4_control_node[0m
[0.165s] [100%] Built target ps4_control_node
[0.183s] Invoked command in '/home/rahul/ros2_ws/build/joy_to_arm_interface' returned '0': CMAKE_PREFIX_PATH=/home/rahul/ros2_ws/install/robotic_arm_interfaces:/home/rahul/ros2_ws/install/joy_to_arm_interface:/home/rahul/ros2_ws/install/ps4_servo_control:/opt/ros/humble /usr/bin/cmake --build /home/rahul/ros2_ws/build/joy_to_arm_interface -- -j4 -l4
[0.188s] Invoking command in '/home/rahul/ros2_ws/build/joy_to_arm_interface': CMAKE_PREFIX_PATH=/home/rahul/ros2_ws/install/robotic_arm_interfaces:/home/rahul/ros2_ws/install/joy_to_arm_interface:/home/rahul/ros2_ws/install/ps4_servo_control:/opt/ros/humble /usr/bin/cmake --install /home/rahul/ros2_ws/build/joy_to_arm_interface
[0.200s] -- Install configuration: ""
[0.202s] -- Up-to-date: /home/rahul/ros2_ws/install/joy_to_arm_interface/lib/joy_to_arm_interface/ps4_control_node
[0.202s] -- Up-to-date: /home/rahul/ros2_ws/install/joy_to_arm_interface/share/ament_index/resource_index/package_run_dependencies/joy_to_arm_interface
[0.202s] -- Up-to-date: /home/rahul/ros2_ws/install/joy_to_arm_interface/share/ament_index/resource_index/parent_prefix_path/joy_to_arm_interface
[0.203s] -- Up-to-date: /home/rahul/ros2_ws/install/joy_to_arm_interface/share/joy_to_arm_interface/environment/ament_prefix_path.sh
[0.203s] -- Up-to-date: /home/rahul/ros2_ws/install/joy_to_arm_interface/share/joy_to_arm_interface/environment/ament_prefix_path.dsv
[0.203s] -- Up-to-date: /home/rahul/ros2_ws/install/joy_to_arm_interface/share/joy_to_arm_interface/environment/path.sh
[0.204s] -- Up-to-date: /home/rahul/ros2_ws/install/joy_to_arm_interface/share/joy_to_arm_interface/environment/path.dsv
[0.204s] -- Up-to-date: /home/rahul/ros2_ws/install/joy_to_arm_interface/share/joy_to_arm_interface/local_setup.bash
[0.204s] -- Up-to-date: /home/rahul/ros2_ws/install/joy_to_arm_interface/share/joy_to_arm_interface/local_setup.sh
[0.204s] -- Up-to-date: /home/rahul/ros2_ws/install/joy_to_arm_interface/share/joy_to_arm_interface/local_setup.zsh
[0.204s] -- Up-to-date: /home/rahul/ros2_ws/install/joy_to_arm_interface/share/joy_to_arm_interface/local_setup.dsv
[0.205s] -- Installing: /home/rahul/ros2_ws/install/joy_to_arm_interface/share/joy_to_arm_interface/package.dsv
[0.205s] -- Up-to-date: /home/rahul/ros2_ws/install/joy_to_arm_interface/share/ament_index/resource_index/packages/joy_to_arm_interface
[0.205s] -- Up-to-date: /home/rahul/ros2_ws/install/joy_to_arm_interface/share/joy_to_arm_interface/cmake/joy_to_arm_interfaceConfig.cmake
[0.206s] -- Up-to-date: /home/rahul/ros2_ws/install/joy_to_arm_interface/share/joy_to_arm_interface/cmake/joy_to_arm_interfaceConfig-version.cmake
[0.206s] -- Up-to-date: /home/rahul/ros2_ws/install/joy_to_arm_interface/share/joy_to_arm_interface/package.xml
[0.210s] Invoked command in '/home/rahul/ros2_ws/build/joy_to_arm_interface' returned '0': CMAKE_PREFIX_PATH=/home/rahul/ros2_ws/install/robotic_arm_interfaces:/home/rahul/ros2_ws/install/joy_to_arm_interface:/home/rahul/ros2_ws/install/ps4_servo_control:/opt/ros/humble /usr/bin/cmake --install /home/rahul/ros2_ws/build/joy_to_arm_interface
