[0.014s] Invoking command in '/home/rahul/ros2_ws/build/robotic_arm_interfaces': CMAKE_PREFIX_PATH=/opt/ros/humble /usr/bin/cmake --build /home/rahul/ros2_ws/build/robotic_arm_interfaces -- -j4 -l4
[0.055s] -- Found ament_cmake: 1.3.11 (/opt/ros/humble/share/ament_cmake/cmake)
[0.248s] -- Found rosidl_default_generators: 1.2.0 (/opt/ros/humble/share/rosidl_default_generators/cmake)
[0.251s] -- Using all available rosidl_typesupport_c: rosidl_typesupport_fastrtps_c;rosidl_typesupport_introspection_c
[0.255s] -- Found rosidl_adapter: 3.1.6 (/opt/ros/humble/share/rosidl_adapter/cmake)
[0.308s] -- Using all available rosidl_typesupport_cpp: rosidl_typesupport_fastrtps_cpp;rosidl_typesupport_introspection_cpp
[0.831s] -- Found ament_cmake_ros: 0.10.0 (/opt/ros/humble/share/ament_cmake_ros/cmake)
[1.113s] -- Using all available rosidl_typesupport_c: rosidl_typesupport_fastrtps_c;rosidl_typesupport_introspection_c
[1.477s] -- Using all available rosidl_typesupport_cpp: rosidl_typesupport_fastrtps_cpp;rosidl_typesupport_introspection_cpp
[1.513s] -- Found python_cmake_module: 0.10.0 (/opt/ros/humble/share/python_cmake_module/cmake)
[1.550s] -- Using PYTHON_EXECUTABLE: /usr/bin/python3
[1.550s] -- Using PYTHON_INCLUDE_DIRS: /usr/include/python3.10
[1.550s] -- Using PYTHON_LIBRARIES: /usr/lib/x86_64-linux-gnu/libpython3.10.so
[1.581s] -- Configuring done
[1.635s] -- Generating done
[1.660s] -- Build files have been written to: /home/rahul/ros2_ws/build/robotic_arm_interfaces
[1.707s] [35m[1mConsolidate compiler generated dependencies of target robotic_arm_interfaces__rosidl_generator_c[0m
[1.725s] [  3%] Built target robotic_arm_interfaces__cpp
[1.761s] [35m[1mConsolidate compiler generated dependencies of target robotic_arm_interfaces__rosidl_typesupport_introspection_cpp[0m
[1.761s] [35m[1mConsolidate compiler generated dependencies of target robotic_arm_interfaces__rosidl_typesupport_cpp[0m
[1.762s] [ 12%] Built target robotic_arm_interfaces__rosidl_generator_c
[1.765s] [ 12%] Built target ament_cmake_python_copy_robotic_arm_interfaces
[1.795s] [ 22%] Built target robotic_arm_interfaces__rosidl_typesupport_introspection_cpp
[1.810s] [35m[1mConsolidate compiler generated dependencies of target robotic_arm_interfaces__rosidl_typesupport_fastrtps_cpp[0m
[1.814s] [ 32%] Built target robotic_arm_interfaces__rosidl_typesupport_cpp
[1.838s] [ 41%] Built target robotic_arm_interfaces__rosidl_typesupport_fastrtps_cpp
[1.844s] [35m[1mConsolidate compiler generated dependencies of target robotic_arm_interfaces__rosidl_typesupport_fastrtps_c[0m
[1.858s] [35m[1mConsolidate compiler generated dependencies of target robotic_arm_interfaces__rosidl_typesupport_introspection_c[0m
[1.872s] [35m[1mConsolidate compiler generated dependencies of target robotic_arm_interfaces__rosidl_typesupport_c[0m
[1.881s] [ 51%] Built target robotic_arm_interfaces__rosidl_typesupport_fastrtps_c
[1.907s] [ 61%] Built target robotic_arm_interfaces__rosidl_typesupport_c
[1.908s] [ 70%] Built target robotic_arm_interfaces__rosidl_typesupport_introspection_c
[1.965s] [ 70%] Built target robotic_arm_interfaces
[2.006s] [ 74%] Built target robotic_arm_interfaces__py
[2.035s] [35m[1mConsolidate compiler generated dependencies of target robotic_arm_interfaces__rosidl_generator_py[0m
[2.077s] [ 80%] Built target robotic_arm_interfaces__rosidl_generator_py
[2.110s] [35m[1mConsolidate compiler generated dependencies of target robotic_arm_interfaces__rosidl_typesupport_introspection_c__pyext[0m
[2.118s] [35m[1mConsolidate compiler generated dependencies of target robotic_arm_interfaces__rosidl_typesupport_fastrtps_c__pyext[0m
[2.128s] [35m[1mConsolidate compiler generated dependencies of target robotic_arm_interfaces__rosidl_typesupport_c__pyext[0m
[2.171s] [ 87%] Built target robotic_arm_interfaces__rosidl_typesupport_introspection_c__pyext
[2.175s] [ 93%] Built target robotic_arm_interfaces__rosidl_typesupport_fastrtps_c__pyext
[2.179s] [100%] Built target robotic_arm_interfaces__rosidl_typesupport_c__pyext
[2.432s] running egg_info
[2.434s] writing robotic_arm_interfaces.egg-info/PKG-INFO
[2.434s] writing dependency_links to robotic_arm_interfaces.egg-info/dependency_links.txt
[2.434s] writing top-level names to robotic_arm_interfaces.egg-info/top_level.txt
[2.438s] reading manifest file 'robotic_arm_interfaces.egg-info/SOURCES.txt'
[2.440s] writing manifest file 'robotic_arm_interfaces.egg-info/SOURCES.txt'
[2.485s] [100%] Built target ament_cmake_python_build_robotic_arm_interfaces_egg
[2.510s] Invoked command in '/home/rahul/ros2_ws/build/robotic_arm_interfaces' returned '0': CMAKE_PREFIX_PATH=/opt/ros/humble /usr/bin/cmake --build /home/rahul/ros2_ws/build/robotic_arm_interfaces -- -j4 -l4
[2.531s] Invoking command in '/home/rahul/ros2_ws/build/robotic_arm_interfaces': CMAKE_PREFIX_PATH=/opt/ros/humble /usr/bin/cmake --install /home/rahul/ros2_ws/build/robotic_arm_interfaces
[2.547s] -- Install configuration: ""
[2.547s] -- Up-to-date: /home/rahul/ros2_ws/install/robotic_arm_interfaces/share/ament_index/resource_index/rosidl_interfaces/robotic_arm_interfaces
[2.548s] -- Up-to-date: /home/rahul/ros2_ws/install/robotic_arm_interfaces/include/robotic_arm_interfaces/robotic_arm_interfaces
[2.548s] -- Up-to-date: /home/rahul/ros2_ws/install/robotic_arm_interfaces/include/robotic_arm_interfaces/robotic_arm_interfaces/msg
[2.548s] -- Up-to-date: /home/rahul/ros2_ws/install/robotic_arm_interfaces/include/robotic_arm_interfaces/robotic_arm_interfaces/msg/position_robotic_arm.h
[2.549s] -- Up-to-date: /home/rahul/ros2_ws/install/robotic_arm_interfaces/include/robotic_arm_interfaces/robotic_arm_interfaces/msg/rosidl_generator_c__visibility_control.h
[2.549s] -- Up-to-date: /home/rahul/ros2_ws/install/robotic_arm_interfaces/include/robotic_arm_interfaces/robotic_arm_interfaces/msg/detail
[2.549s] -- Up-to-date: /home/rahul/ros2_ws/install/robotic_arm_interfaces/include/robotic_arm_interfaces/robotic_arm_interfaces/msg/detail/position_robotic_arm__functions.h
[2.550s] -- Up-to-date: /home/rahul/ros2_ws/install/robotic_arm_interfaces/include/robotic_arm_interfaces/robotic_arm_interfaces/msg/detail/position_robotic_arm__type_support.h
[2.550s] -- Up-to-date: /home/rahul/ros2_ws/install/robotic_arm_interfaces/include/robotic_arm_interfaces/robotic_arm_interfaces/msg/detail/position_robotic_arm__functions.c
[2.551s] -- Up-to-date: /home/rahul/ros2_ws/install/robotic_arm_interfaces/include/robotic_arm_interfaces/robotic_arm_interfaces/msg/detail/position_robotic_arm__struct.h
[2.552s] -- Up-to-date: /home/rahul/ros2_ws/install/robotic_arm_interfaces/share/robotic_arm_interfaces/environment/library_path.sh
[2.552s] -- Installing: /home/rahul/ros2_ws/install/robotic_arm_interfaces/share/robotic_arm_interfaces/environment/library_path.dsv
[2.553s] -- Up-to-date: /home/rahul/ros2_ws/install/robotic_arm_interfaces/lib/librobotic_arm_interfaces__rosidl_generator_c.so
[2.553s] -- Up-to-date: /home/rahul/ros2_ws/install/robotic_arm_interfaces/include/robotic_arm_interfaces/robotic_arm_interfaces
[2.554s] -- Up-to-date: /home/rahul/ros2_ws/install/robotic_arm_interfaces/include/robotic_arm_interfaces/robotic_arm_interfaces/msg
[2.555s] -- Up-to-date: /home/rahul/ros2_ws/install/robotic_arm_interfaces/include/robotic_arm_interfaces/robotic_arm_interfaces/msg/detail
[2.555s] -- Up-to-date: /home/rahul/ros2_ws/install/robotic_arm_interfaces/include/robotic_arm_interfaces/robotic_arm_interfaces/msg/detail/position_robotic_arm__rosidl_typesupport_fastrtps_c.h
[2.556s] -- Up-to-date: /home/rahul/ros2_ws/install/robotic_arm_interfaces/include/robotic_arm_interfaces/robotic_arm_interfaces/msg/rosidl_typesupport_fastrtps_c__visibility_control.h
[2.556s] -- Up-to-date: /home/rahul/ros2_ws/install/robotic_arm_interfaces/lib/librobotic_arm_interfaces__rosidl_typesupport_fastrtps_c.so
[2.557s] -- Up-to-date: /home/rahul/ros2_ws/install/robotic_arm_interfaces/include/robotic_arm_interfaces/robotic_arm_interfaces
[2.558s] -- Up-to-date: /home/rahul/ros2_ws/install/robotic_arm_interfaces/include/robotic_arm_interfaces/robotic_arm_interfaces/msg
[2.558s] -- Up-to-date: /home/rahul/ros2_ws/install/robotic_arm_interfaces/include/robotic_arm_interfaces/robotic_arm_interfaces/msg/detail
[2.559s] -- Up-to-date: /home/rahul/ros2_ws/install/robotic_arm_interfaces/include/robotic_arm_interfaces/robotic_arm_interfaces/msg/detail/position_robotic_arm__type_support.c
[2.559s] -- Up-to-date: /home/rahul/ros2_ws/install/robotic_arm_interfaces/include/robotic_arm_interfaces/robotic_arm_interfaces/msg/detail/position_robotic_arm__rosidl_typesupport_introspection_c.h
[2.559s] -- Up-to-date: /home/rahul/ros2_ws/install/robotic_arm_interfaces/include/robotic_arm_interfaces/robotic_arm_interfaces/msg/rosidl_typesupport_introspection_c__visibility_control.h
[2.561s] -- Up-to-date: /home/rahul/ros2_ws/install/robotic_arm_interfaces/lib/librobotic_arm_interfaces__rosidl_typesupport_introspection_c.so
[2.561s] -- Up-to-date: /home/rahul/ros2_ws/install/robotic_arm_interfaces/lib/librobotic_arm_interfaces__rosidl_typesupport_c.so
[2.562s] -- Up-to-date: /home/rahul/ros2_ws/install/robotic_arm_interfaces/include/robotic_arm_interfaces/robotic_arm_interfaces
[2.562s] -- Up-to-date: /home/rahul/ros2_ws/install/robotic_arm_interfaces/include/robotic_arm_interfaces/robotic_arm_interfaces/msg
[2.563s] -- Up-to-date: /home/rahul/ros2_ws/install/robotic_arm_interfaces/include/robotic_arm_interfaces/robotic_arm_interfaces/msg/rosidl_generator_cpp__visibility_control.hpp
[2.563s] -- Up-to-date: /home/rahul/ros2_ws/install/robotic_arm_interfaces/include/robotic_arm_interfaces/robotic_arm_interfaces/msg/detail
[2.564s] -- Up-to-date: /home/rahul/ros2_ws/install/robotic_arm_interfaces/include/robotic_arm_interfaces/robotic_arm_interfaces/msg/detail/position_robotic_arm__builder.hpp
[2.564s] -- Up-to-date: /home/rahul/ros2_ws/install/robotic_arm_interfaces/include/robotic_arm_interfaces/robotic_arm_interfaces/msg/detail/position_robotic_arm__type_support.hpp
[2.564s] -- Up-to-date: /home/rahul/ros2_ws/install/robotic_arm_interfaces/include/robotic_arm_interfaces/robotic_arm_interfaces/msg/detail/position_robotic_arm__struct.hpp
[2.564s] -- Up-to-date: /home/rahul/ros2_ws/install/robotic_arm_interfaces/include/robotic_arm_interfaces/robotic_arm_interfaces/msg/detail/position_robotic_arm__traits.hpp
[2.564s] -- Up-to-date: /home/rahul/ros2_ws/install/robotic_arm_interfaces/include/robotic_arm_interfaces/robotic_arm_interfaces/msg/position_robotic_arm.hpp
[2.565s] -- Up-to-date: /home/rahul/ros2_ws/install/robotic_arm_interfaces/include/robotic_arm_interfaces/robotic_arm_interfaces
[2.565s] -- Up-to-date: /home/rahul/ros2_ws/install/robotic_arm_interfaces/include/robotic_arm_interfaces/robotic_arm_interfaces/msg
[2.565s] -- Up-to-date: /home/rahul/ros2_ws/install/robotic_arm_interfaces/include/robotic_arm_interfaces/robotic_arm_interfaces/msg/detail
[2.565s] -- Up-to-date: /home/rahul/ros2_ws/install/robotic_arm_interfaces/include/robotic_arm_interfaces/robotic_arm_interfaces/msg/detail/position_robotic_arm__rosidl_typesupport_fastrtps_cpp.hpp
[2.565s] -- Up-to-date: /home/rahul/ros2_ws/install/robotic_arm_interfaces/include/robotic_arm_interfaces/robotic_arm_interfaces/msg/detail/dds_fastrtps
[2.565s] -- Up-to-date: /home/rahul/ros2_ws/install/robotic_arm_interfaces/include/robotic_arm_interfaces/robotic_arm_interfaces/msg/rosidl_typesupport_fastrtps_cpp__visibility_control.h
[2.566s] -- Up-to-date: /home/rahul/ros2_ws/install/robotic_arm_interfaces/lib/librobotic_arm_interfaces__rosidl_typesupport_fastrtps_cpp.so
[2.566s] -- Up-to-date: /home/rahul/ros2_ws/install/robotic_arm_interfaces/include/robotic_arm_interfaces/robotic_arm_interfaces
[2.566s] -- Up-to-date: /home/rahul/ros2_ws/install/robotic_arm_interfaces/include/robotic_arm_interfaces/robotic_arm_interfaces/msg
[2.566s] -- Up-to-date: /home/rahul/ros2_ws/install/robotic_arm_interfaces/include/robotic_arm_interfaces/robotic_arm_interfaces/msg/detail
[2.567s] -- Up-to-date: /home/rahul/ros2_ws/install/robotic_arm_interfaces/include/robotic_arm_interfaces/robotic_arm_interfaces/msg/detail/position_robotic_arm__type_support.cpp
[2.567s] -- Up-to-date: /home/rahul/ros2_ws/install/robotic_arm_interfaces/include/robotic_arm_interfaces/robotic_arm_interfaces/msg/detail/position_robotic_arm__rosidl_typesupport_introspection_cpp.hpp
[2.568s] -- Up-to-date: /home/rahul/ros2_ws/install/robotic_arm_interfaces/lib/librobotic_arm_interfaces__rosidl_typesupport_introspection_cpp.so
[2.569s] -- Up-to-date: /home/rahul/ros2_ws/install/robotic_arm_interfaces/lib/librobotic_arm_interfaces__rosidl_typesupport_cpp.so
[2.570s] -- Up-to-date: /home/rahul/ros2_ws/install/robotic_arm_interfaces/share/robotic_arm_interfaces/environment/pythonpath.sh
[2.571s] -- Installing: /home/rahul/ros2_ws/install/robotic_arm_interfaces/share/robotic_arm_interfaces/environment/pythonpath.dsv
[2.572s] -- Up-to-date: /home/rahul/ros2_ws/install/robotic_arm_interfaces/local/lib/python3.10/dist-packages/robotic_arm_interfaces-0.0.0-py3.10.egg-info
[2.573s] -- Installing: /home/rahul/ros2_ws/install/robotic_arm_interfaces/local/lib/python3.10/dist-packages/robotic_arm_interfaces-0.0.0-py3.10.egg-info/dependency_links.txt
[2.573s] -- Installing: /home/rahul/ros2_ws/install/robotic_arm_interfaces/local/lib/python3.10/dist-packages/robotic_arm_interfaces-0.0.0-py3.10.egg-info/SOURCES.txt
[2.574s] -- Installing: /home/rahul/ros2_ws/install/robotic_arm_interfaces/local/lib/python3.10/dist-packages/robotic_arm_interfaces-0.0.0-py3.10.egg-info/top_level.txt
[2.579s] -- Installing: /home/rahul/ros2_ws/install/robotic_arm_interfaces/local/lib/python3.10/dist-packages/robotic_arm_interfaces-0.0.0-py3.10.egg-info/PKG-INFO
[2.579s] -- Up-to-date: /home/rahul/ros2_ws/install/robotic_arm_interfaces/local/lib/python3.10/dist-packages/robotic_arm_interfaces
[2.580s] -- Up-to-date: /home/rahul/ros2_ws/install/robotic_arm_interfaces/local/lib/python3.10/dist-packages/robotic_arm_interfaces/_robotic_arm_interfaces_s.ep.rosidl_typesupport_c.c
[2.580s] -- Up-to-date: /home/rahul/ros2_ws/install/robotic_arm_interfaces/local/lib/python3.10/dist-packages/robotic_arm_interfaces/msg
[2.580s] -- Up-to-date: /home/rahul/ros2_ws/install/robotic_arm_interfaces/local/lib/python3.10/dist-packages/robotic_arm_interfaces/msg/_position_robotic_arm_s.c
[2.580s] -- Up-to-date: /home/rahul/ros2_ws/install/robotic_arm_interfaces/local/lib/python3.10/dist-packages/robotic_arm_interfaces/msg/_position_robotic_arm.py
[2.580s] -- Up-to-date: /home/rahul/ros2_ws/install/robotic_arm_interfaces/local/lib/python3.10/dist-packages/robotic_arm_interfaces/msg/__init__.py
[2.580s] -- Up-to-date: /home/rahul/ros2_ws/install/robotic_arm_interfaces/local/lib/python3.10/dist-packages/robotic_arm_interfaces/librobotic_arm_interfaces__rosidl_generator_py.so
[2.580s] -- Up-to-date: /home/rahul/ros2_ws/install/robotic_arm_interfaces/local/lib/python3.10/dist-packages/robotic_arm_interfaces/_robotic_arm_interfaces_s.ep.rosidl_typesupport_fastrtps_c.c
[2.581s] -- Up-to-date: /home/rahul/ros2_ws/install/robotic_arm_interfaces/local/lib/python3.10/dist-packages/robotic_arm_interfaces/robotic_arm_interfaces_s__rosidl_typesupport_fastrtps_c.cpython-310-x86_64-linux-gnu.so
[2.581s] -- Up-to-date: /home/rahul/ros2_ws/install/robotic_arm_interfaces/local/lib/python3.10/dist-packages/robotic_arm_interfaces/_robotic_arm_interfaces_s.ep.rosidl_typesupport_introspection_c.c
[2.581s] -- Up-to-date: /home/rahul/ros2_ws/install/robotic_arm_interfaces/local/lib/python3.10/dist-packages/robotic_arm_interfaces/robotic_arm_interfaces_s__rosidl_typesupport_c.cpython-310-x86_64-linux-gnu.so
[2.581s] -- Installing: /home/rahul/ros2_ws/install/robotic_arm_interfaces/local/lib/python3.10/dist-packages/robotic_arm_interfaces/__init__.py
[2.581s] -- Up-to-date: /home/rahul/ros2_ws/install/robotic_arm_interfaces/local/lib/python3.10/dist-packages/robotic_arm_interfaces/robotic_arm_interfaces_s__rosidl_typesupport_introspection_c.cpython-310-x86_64-linux-gnu.so
[2.658s] Listing '/home/rahul/ros2_ws/install/robotic_arm_interfaces/local/lib/python3.10/dist-packages/robotic_arm_interfaces'...
[2.658s] Compiling '/home/rahul/ros2_ws/install/robotic_arm_interfaces/local/lib/python3.10/dist-packages/robotic_arm_interfaces/__init__.py'...
[2.658s] Listing '/home/rahul/ros2_ws/install/robotic_arm_interfaces/local/lib/python3.10/dist-packages/robotic_arm_interfaces/msg'...
[2.673s] -- Up-to-date: /home/rahul/ros2_ws/install/robotic_arm_interfaces/local/lib/python3.10/dist-packages/robotic_arm_interfaces/robotic_arm_interfaces_s__rosidl_typesupport_fastrtps_c.cpython-310-x86_64-linux-gnu.so
[2.675s] -- Up-to-date: /home/rahul/ros2_ws/install/robotic_arm_interfaces/local/lib/python3.10/dist-packages/robotic_arm_interfaces/robotic_arm_interfaces_s__rosidl_typesupport_introspection_c.cpython-310-x86_64-linux-gnu.so
[2.676s] -- Up-to-date: /home/rahul/ros2_ws/install/robotic_arm_interfaces/local/lib/python3.10/dist-packages/robotic_arm_interfaces/robotic_arm_interfaces_s__rosidl_typesupport_c.cpython-310-x86_64-linux-gnu.so
[2.677s] -- Up-to-date: /home/rahul/ros2_ws/install/robotic_arm_interfaces/lib/librobotic_arm_interfaces__rosidl_generator_py.so
[2.678s] -- Up-to-date: /home/rahul/ros2_ws/install/robotic_arm_interfaces/share/robotic_arm_interfaces/msg/PositionRoboticArm.idl
[2.678s] -- Up-to-date: /home/rahul/ros2_ws/install/robotic_arm_interfaces/share/robotic_arm_interfaces/msg/PositionRoboticArm.msg
[2.679s] -- Up-to-date: /home/rahul/ros2_ws/install/robotic_arm_interfaces/share/ament_index/resource_index/package_run_dependencies/robotic_arm_interfaces
[2.679s] -- Installing: /home/rahul/ros2_ws/install/robotic_arm_interfaces/share/ament_index/resource_index/parent_prefix_path/robotic_arm_interfaces
[2.680s] -- Up-to-date: /home/rahul/ros2_ws/install/robotic_arm_interfaces/share/robotic_arm_interfaces/environment/ament_prefix_path.sh
[2.681s] -- Installing: /home/rahul/ros2_ws/install/robotic_arm_interfaces/share/robotic_arm_interfaces/environment/ament_prefix_path.dsv
[2.681s] -- Up-to-date: /home/rahul/ros2_ws/install/robotic_arm_interfaces/share/robotic_arm_interfaces/environment/path.sh
[2.682s] -- Installing: /home/rahul/ros2_ws/install/robotic_arm_interfaces/share/robotic_arm_interfaces/environment/path.dsv
[2.683s] -- Up-to-date: /home/rahul/ros2_ws/install/robotic_arm_interfaces/share/robotic_arm_interfaces/local_setup.bash
[2.683s] -- Up-to-date: /home/rahul/ros2_ws/install/robotic_arm_interfaces/share/robotic_arm_interfaces/local_setup.sh
[2.684s] -- Up-to-date: /home/rahul/ros2_ws/install/robotic_arm_interfaces/share/robotic_arm_interfaces/local_setup.zsh
[2.684s] -- Installing: /home/rahul/ros2_ws/install/robotic_arm_interfaces/share/robotic_arm_interfaces/local_setup.dsv
[2.685s] -- Installing: /home/rahul/ros2_ws/install/robotic_arm_interfaces/share/robotic_arm_interfaces/package.dsv
[2.685s] -- Up-to-date: /home/rahul/ros2_ws/install/robotic_arm_interfaces/share/ament_index/resource_index/packages/robotic_arm_interfaces
[2.686s] -- Up-to-date: /home/rahul/ros2_ws/install/robotic_arm_interfaces/share/robotic_arm_interfaces/cmake/export_robotic_arm_interfaces__rosidl_generator_cExport.cmake
[2.687s] -- Up-to-date: /home/rahul/ros2_ws/install/robotic_arm_interfaces/share/robotic_arm_interfaces/cmake/export_robotic_arm_interfaces__rosidl_generator_cExport-noconfig.cmake
[2.688s] -- Up-to-date: /home/rahul/ros2_ws/install/robotic_arm_interfaces/share/robotic_arm_interfaces/cmake/export_robotic_arm_interfaces__rosidl_typesupport_fastrtps_cExport.cmake
[2.689s] -- Up-to-date: /home/rahul/ros2_ws/install/robotic_arm_interfaces/share/robotic_arm_interfaces/cmake/export_robotic_arm_interfaces__rosidl_typesupport_fastrtps_cExport-noconfig.cmake
[2.690s] -- Up-to-date: /home/rahul/ros2_ws/install/robotic_arm_interfaces/share/robotic_arm_interfaces/cmake/robotic_arm_interfaces__rosidl_typesupport_introspection_cExport.cmake
[2.690s] -- Up-to-date: /home/rahul/ros2_ws/install/robotic_arm_interfaces/share/robotic_arm_interfaces/cmake/robotic_arm_interfaces__rosidl_typesupport_introspection_cExport-noconfig.cmake
[2.691s] -- Up-to-date: /home/rahul/ros2_ws/install/robotic_arm_interfaces/share/robotic_arm_interfaces/cmake/robotic_arm_interfaces__rosidl_typesupport_cExport.cmake
[2.691s] -- Up-to-date: /home/rahul/ros2_ws/install/robotic_arm_interfaces/share/robotic_arm_interfaces/cmake/robotic_arm_interfaces__rosidl_typesupport_cExport-noconfig.cmake
[2.692s] -- Up-to-date: /home/rahul/ros2_ws/install/robotic_arm_interfaces/share/robotic_arm_interfaces/cmake/export_robotic_arm_interfaces__rosidl_generator_cppExport.cmake
[2.692s] -- Up-to-date: /home/rahul/ros2_ws/install/robotic_arm_interfaces/share/robotic_arm_interfaces/cmake/export_robotic_arm_interfaces__rosidl_typesupport_fastrtps_cppExport.cmake
[2.693s] -- Up-to-date: /home/rahul/ros2_ws/install/robotic_arm_interfaces/share/robotic_arm_interfaces/cmake/export_robotic_arm_interfaces__rosidl_typesupport_fastrtps_cppExport-noconfig.cmake
[2.693s] -- Up-to-date: /home/rahul/ros2_ws/install/robotic_arm_interfaces/share/robotic_arm_interfaces/cmake/robotic_arm_interfaces__rosidl_typesupport_introspection_cppExport.cmake
[2.694s] -- Up-to-date: /home/rahul/ros2_ws/install/robotic_arm_interfaces/share/robotic_arm_interfaces/cmake/robotic_arm_interfaces__rosidl_typesupport_introspection_cppExport-noconfig.cmake
[2.694s] -- Up-to-date: /home/rahul/ros2_ws/install/robotic_arm_interfaces/share/robotic_arm_interfaces/cmake/robotic_arm_interfaces__rosidl_typesupport_cppExport.cmake
[2.694s] -- Up-to-date: /home/rahul/ros2_ws/install/robotic_arm_interfaces/share/robotic_arm_interfaces/cmake/robotic_arm_interfaces__rosidl_typesupport_cppExport-noconfig.cmake
[2.695s] -- Up-to-date: /home/rahul/ros2_ws/install/robotic_arm_interfaces/share/robotic_arm_interfaces/cmake/export_robotic_arm_interfaces__rosidl_generator_pyExport.cmake
[2.695s] -- Up-to-date: /home/rahul/ros2_ws/install/robotic_arm_interfaces/share/robotic_arm_interfaces/cmake/export_robotic_arm_interfaces__rosidl_generator_pyExport-noconfig.cmake
[2.698s] -- Up-to-date: /home/rahul/ros2_ws/install/robotic_arm_interfaces/share/robotic_arm_interfaces/cmake/rosidl_cmake-extras.cmake
[2.698s] -- Up-to-date: /home/rahul/ros2_ws/install/robotic_arm_interfaces/share/robotic_arm_interfaces/cmake/ament_cmake_export_include_directories-extras.cmake
[2.698s] -- Up-to-date: /home/rahul/ros2_ws/install/robotic_arm_interfaces/share/robotic_arm_interfaces/cmake/ament_cmake_export_libraries-extras.cmake
[2.698s] -- Up-to-date: /home/rahul/ros2_ws/install/robotic_arm_interfaces/share/robotic_arm_interfaces/cmake/ament_cmake_export_targets-extras.cmake
[2.699s] -- Up-to-date: /home/rahul/ros2_ws/install/robotic_arm_interfaces/share/robotic_arm_interfaces/cmake/rosidl_cmake_export_typesupport_targets-extras.cmake
[2.699s] -- Up-to-date: /home/rahul/ros2_ws/install/robotic_arm_interfaces/share/robotic_arm_interfaces/cmake/ament_cmake_export_dependencies-extras.cmake
[2.701s] -- Up-to-date: /home/rahul/ros2_ws/install/robotic_arm_interfaces/share/robotic_arm_interfaces/cmake/rosidl_cmake_export_typesupport_libraries-extras.cmake
[2.702s] -- Up-to-date: /home/rahul/ros2_ws/install/robotic_arm_interfaces/share/robotic_arm_interfaces/cmake/robotic_arm_interfacesConfig.cmake
[2.702s] -- Up-to-date: /home/rahul/ros2_ws/install/robotic_arm_interfaces/share/robotic_arm_interfaces/cmake/robotic_arm_interfacesConfig-version.cmake
[2.702s] -- Up-to-date: /home/rahul/ros2_ws/install/robotic_arm_interfaces/share/robotic_arm_interfaces/package.xml
[2.708s] Invoked command in '/home/rahul/ros2_ws/build/robotic_arm_interfaces' returned '0': CMAKE_PREFIX_PATH=/opt/ros/humble /usr/bin/cmake --install /home/rahul/ros2_ws/build/robotic_arm_interfaces
