[0.021s] Invoking command in '/home/rahul/ros2_ws/build/robotic_arm_interfaces': CMAKE_PREFIX_PATH=${CMAKE_PREFIX_PATH}:/home/rahul/ros2_ws/install/ps4_servo_control:/home/rahul/ros2_ws/install/robotic_control:/home/rahul/ros2_ws/install/robot_arm_control:/opt/ros/humble /usr/bin/cmake /home/rahul/ros2_ws/src/robotic_arm_interfaces -DCMAKE_INSTALL_PREFIX=/home/rahul/ros2_ws/install/robotic_arm_interfaces
[0.198s] -- The C compiler identification is GNU 11.4.0
[0.298s] -- The CXX compiler identification is GNU 11.4.0
[0.315s] -- Detecting C compiler ABI info
[0.428s] -- Detecting C compiler ABI info - done
[0.439s] -- Check for working C compiler: /usr/bin/cc - skipped
[0.441s] -- Detecting C compile features
[0.442s] -- Detecting C compile features - done
[0.448s] -- Detecting CXX compiler ABI info
[0.567s] -- Detecting CXX compiler ABI info - done
[0.579s] -- Check for working CXX compiler: /usr/bin/c++ - skipped
[0.579s] -- Detecting CXX compile features
[0.580s] -- Detecting CXX compile features - done
[0.587s] -- Found ament_cmake: 1.3.11 (/opt/ros/humble/share/ament_cmake/cmake)
[0.824s] -- Found Python3: /usr/bin/python3 (found version "3.10.12") found components: Interpreter 
[0.980s] -- Found rosidl_default_generators: 1.2.0 (/opt/ros/humble/share/rosidl_default_generators/cmake)
[0.987s] -- Using all available rosidl_typesupport_c: rosidl_typesupport_fastrtps_c;rosidl_typesupport_introspection_c
[1.000s] -- Found rosidl_adapter: 3.1.6 (/opt/ros/humble/share/rosidl_adapter/cmake)
[1.084s] -- Using all available rosidl_typesupport_cpp: rosidl_typesupport_fastrtps_cpp;rosidl_typesupport_introspection_cpp
[1.532s] -- Found ament_cmake_ros: 0.10.0 (/opt/ros/humble/share/ament_cmake_ros/cmake)
[1.819s] -- Using all available rosidl_typesupport_c: rosidl_typesupport_fastrtps_c;rosidl_typesupport_introspection_c
[2.182s] -- Using all available rosidl_typesupport_cpp: rosidl_typesupport_fastrtps_cpp;rosidl_typesupport_introspection_cpp
[2.222s] -- Found PythonInterp: /usr/bin/python3 (found suitable version "3.10.12", minimum required is "3.6") 
[2.225s] -- Found python_cmake_module: 0.10.0 (/opt/ros/humble/share/python_cmake_module/cmake)
[2.265s] -- Found PythonLibs: /usr/lib/x86_64-linux-gnu/libpython3.10.so (found suitable version "3.10.12", minimum required is "3.5") 
[2.265s] -- Using PYTHON_EXECUTABLE: /usr/bin/python3
[2.265s] -- Using PYTHON_INCLUDE_DIRS: /usr/include/python3.10
[2.266s] -- Using PYTHON_LIBRARIES: /usr/lib/x86_64-linux-gnu/libpython3.10.so
[2.298s] -- Found PythonExtra: .so  
[2.364s] -- Configuring done
[2.409s] -- Generating done
[2.422s] -- Build files have been written to: /home/rahul/ros2_ws/build/robotic_arm_interfaces
[2.431s] Invoked command in '/home/rahul/ros2_ws/build/robotic_arm_interfaces' returned '0': CMAKE_PREFIX_PATH=${CMAKE_PREFIX_PATH}:/home/rahul/ros2_ws/install/ps4_servo_control:/home/rahul/ros2_ws/install/robotic_control:/home/rahul/ros2_ws/install/robot_arm_control:/opt/ros/humble /usr/bin/cmake /home/rahul/ros2_ws/src/robotic_arm_interfaces -DCMAKE_INSTALL_PREFIX=/home/rahul/ros2_ws/install/robotic_arm_interfaces
[2.435s] Invoking command in '/home/rahul/ros2_ws/build/robotic_arm_interfaces': CMAKE_PREFIX_PATH=${CMAKE_PREFIX_PATH}:/home/rahul/ros2_ws/install/ps4_servo_control:/home/rahul/ros2_ws/install/robotic_control:/home/rahul/ros2_ws/install/robot_arm_control:/opt/ros/humble /usr/bin/cmake --build /home/rahul/ros2_ws/build/robotic_arm_interfaces -- -j4 -l4
[2.496s] [  3%] [34m[1mGenerating C code for ROS interfaces[0m
[2.520s] [  6%] [34m[1mGenerating C++ code for ROS interfaces[0m
[2.538s] [  6%] Built target ament_cmake_python_copy_robotic_arm_interfaces
[2.933s] running egg_info
[2.934s] creating robotic_arm_interfaces.egg-info
[2.934s] writing robotic_arm_interfaces.egg-info/PKG-INFO
[2.935s] writing dependency_links to robotic_arm_interfaces.egg-info/dependency_links.txt
[2.935s] writing top-level names to robotic_arm_interfaces.egg-info/top_level.txt
[2.935s] writing manifest file 'robotic_arm_interfaces.egg-info/SOURCES.txt'
[2.940s] reading manifest file 'robotic_arm_interfaces.egg-info/SOURCES.txt'
[2.941s] writing manifest file 'robotic_arm_interfaces.egg-info/SOURCES.txt'
[2.985s] [  6%] Built target ament_cmake_python_build_robotic_arm_interfaces_egg
[3.104s] [  6%] Built target robotic_arm_interfaces__cpp
[3.126s] [ 12%] [34m[1mGenerating C++ introspection for ROS interfaces[0m
[3.127s] [ 12%] [34m[1mGenerating C++ type support for eProsima Fast-RTPS[0m
[3.128s] [ 16%] [34m[1mGenerating C++ type support dispatch for ROS interfaces[0m
[3.135s] [ 19%] [32mBuilding C object CMakeFiles/robotic_arm_interfaces__rosidl_generator_c.dir/rosidl_generator_c/robotic_arm_interfaces/msg/detail/position_robotic_arm__functions.c.o[0m
[3.250s] [ 22%] [32m[1mLinking C shared library librobotic_arm_interfaces__rosidl_generator_c.so[0m
[3.333s] [ 22%] Built target robotic_arm_interfaces__rosidl_generator_c
[3.354s] [ 25%] [34m[1mGenerating C type support for eProsima Fast-RTPS[0m
[3.698s] [ 29%] [32mBuilding CXX object CMakeFiles/robotic_arm_interfaces__rosidl_typesupport_cpp.dir/rosidl_typesupport_cpp/robotic_arm_interfaces/msg/position_robotic_arm__type_support.cpp.o[0m
[3.721s] [ 32%] [32mBuilding CXX object CMakeFiles/robotic_arm_interfaces__rosidl_typesupport_introspection_cpp.dir/rosidl_typesupport_introspection_cpp/robotic_arm_interfaces/msg/detail/position_robotic_arm__type_support.cpp.o[0m
[3.782s] [ 35%] [32mBuilding CXX object CMakeFiles/robotic_arm_interfaces__rosidl_typesupport_fastrtps_cpp.dir/rosidl_typesupport_fastrtps_cpp/robotic_arm_interfaces/msg/detail/dds_fastrtps/position_robotic_arm__type_support.cpp.o[0m
[4.030s] [ 38%] [32mBuilding CXX object CMakeFiles/robotic_arm_interfaces__rosidl_typesupport_fastrtps_c.dir/rosidl_typesupport_fastrtps_c/robotic_arm_interfaces/msg/detail/position_robotic_arm__type_support_c.cpp.o[0m
[4.348s] [ 41%] [32m[1mLinking CXX shared library librobotic_arm_interfaces__rosidl_typesupport_cpp.so[0m
[4.448s] [ 41%] Built target robotic_arm_interfaces__rosidl_typesupport_cpp
[4.472s] [ 45%] [34m[1mGenerating C introspection for ROS interfaces[0m
[4.638s] [ 48%] [32m[1mLinking CXX shared library librobotic_arm_interfaces__rosidl_typesupport_introspection_cpp.so[0m
[4.743s] [ 48%] Built target robotic_arm_interfaces__rosidl_typesupport_introspection_cpp
[4.744s] [ 51%] [32m[1mLinking CXX shared library librobotic_arm_interfaces__rosidl_typesupport_fastrtps_cpp.so[0m
[4.773s] [ 54%] [34m[1mGenerating C type support dispatch for ROS interfaces[0m
[4.878s] [ 58%] [32m[1mLinking CXX shared library librobotic_arm_interfaces__rosidl_typesupport_fastrtps_c.so[0m
[4.945s] [ 58%] Built target robotic_arm_interfaces__rosidl_typesupport_fastrtps_cpp
[5.062s] [ 58%] Built target robotic_arm_interfaces__rosidl_typesupport_fastrtps_c
[5.089s] [ 61%] [32mBuilding C object CMakeFiles/robotic_arm_interfaces__rosidl_typesupport_introspection_c.dir/rosidl_typesupport_introspection_c/robotic_arm_interfaces/msg/detail/position_robotic_arm__type_support.c.o[0m
[5.139s] [ 64%] [32m[1mLinking C shared library librobotic_arm_interfaces__rosidl_typesupport_introspection_c.so[0m
[5.188s] [ 64%] Built target robotic_arm_interfaces__rosidl_typesupport_introspection_c
[5.191s] [ 67%] [32mBuilding CXX object CMakeFiles/robotic_arm_interfaces__rosidl_typesupport_c.dir/rosidl_typesupport_c/robotic_arm_interfaces/msg/position_robotic_arm__type_support.cpp.o[0m
[5.236s] [ 70%] [32m[1mLinking CXX shared library librobotic_arm_interfaces__rosidl_typesupport_c.so[0m
[5.298s] [ 70%] Built target robotic_arm_interfaces__rosidl_typesupport_c
[5.327s] [ 70%] Built target robotic_arm_interfaces
[5.357s] [ 74%] [34m[1mGenerating Python code for ROS interfaces[0m
[5.822s] [ 74%] Built target robotic_arm_interfaces__py
[5.854s] [ 77%] [32mBuilding C object CMakeFiles/robotic_arm_interfaces__rosidl_generator_py.dir/rosidl_generator_py/robotic_arm_interfaces/msg/_position_robotic_arm_s.c.o[0m
[6.040s] [ 80%] [32m[1mLinking C shared library rosidl_generator_py/robotic_arm_interfaces/librobotic_arm_interfaces__rosidl_generator_py.so[0m
[6.102s] [ 80%] Built target robotic_arm_interfaces__rosidl_generator_py
[6.139s] [ 83%] [32mBuilding C object CMakeFiles/robotic_arm_interfaces__rosidl_typesupport_fastrtps_c__pyext.dir/rosidl_generator_py/robotic_arm_interfaces/_robotic_arm_interfaces_s.ep.rosidl_typesupport_fastrtps_c.c.o[0m
[6.140s] [ 87%] [32mBuilding C object CMakeFiles/robotic_arm_interfaces__rosidl_typesupport_introspection_c__pyext.dir/rosidl_generator_py/robotic_arm_interfaces/_robotic_arm_interfaces_s.ep.rosidl_typesupport_introspection_c.c.o[0m
[6.142s] [ 90%] [32mBuilding C object CMakeFiles/robotic_arm_interfaces__rosidl_typesupport_c__pyext.dir/rosidl_generator_py/robotic_arm_interfaces/_robotic_arm_interfaces_s.ep.rosidl_typesupport_c.c.o[0m
[6.286s] [ 93%] [32m[1mLinking C shared library rosidl_generator_py/robotic_arm_interfaces/robotic_arm_interfaces_s__rosidl_typesupport_c.cpython-310-x86_64-linux-gnu.so[0m
[6.340s] [ 93%] Built target robotic_arm_interfaces__rosidl_typesupport_c__pyext
[6.353s] [ 96%] [32m[1mLinking C shared library rosidl_generator_py/robotic_arm_interfaces/robotic_arm_interfaces_s__rosidl_typesupport_introspection_c.cpython-310-x86_64-linux-gnu.so[0m
[6.363s] [100%] [32m[1mLinking C shared library rosidl_generator_py/robotic_arm_interfaces/robotic_arm_interfaces_s__rosidl_typesupport_fastrtps_c.cpython-310-x86_64-linux-gnu.so[0m
[6.406s] [100%] Built target robotic_arm_interfaces__rosidl_typesupport_introspection_c__pyext
[6.418s] [100%] Built target robotic_arm_interfaces__rosidl_typesupport_fastrtps_c__pyext
[6.436s] Invoked command in '/home/rahul/ros2_ws/build/robotic_arm_interfaces' returned '0': CMAKE_PREFIX_PATH=${CMAKE_PREFIX_PATH}:/home/rahul/ros2_ws/install/ps4_servo_control:/home/rahul/ros2_ws/install/robotic_control:/home/rahul/ros2_ws/install/robot_arm_control:/opt/ros/humble /usr/bin/cmake --build /home/rahul/ros2_ws/build/robotic_arm_interfaces -- -j4 -l4
[6.450s] Invoking command in '/home/rahul/ros2_ws/build/robotic_arm_interfaces': CMAKE_PREFIX_PATH=${CMAKE_PREFIX_PATH}:/home/rahul/ros2_ws/install/ps4_servo_control:/home/rahul/ros2_ws/install/robotic_control:/home/rahul/ros2_ws/install/robot_arm_control:/opt/ros/humble /usr/bin/cmake --install /home/rahul/ros2_ws/build/robotic_arm_interfaces
[6.462s] -- Install configuration: ""
[6.462s] -- Installing: /home/rahul/ros2_ws/install/robotic_arm_interfaces/share/ament_index/resource_index/rosidl_interfaces/robotic_arm_interfaces
[6.463s] -- Installing: /home/rahul/ros2_ws/install/robotic_arm_interfaces/include/robotic_arm_interfaces/robotic_arm_interfaces
[6.463s] -- Installing: /home/rahul/ros2_ws/install/robotic_arm_interfaces/include/robotic_arm_interfaces/robotic_arm_interfaces/msg
[6.463s] -- Installing: /home/rahul/ros2_ws/install/robotic_arm_interfaces/include/robotic_arm_interfaces/robotic_arm_interfaces/msg/position_robotic_arm.h
[6.463s] -- Installing: /home/rahul/ros2_ws/install/robotic_arm_interfaces/include/robotic_arm_interfaces/robotic_arm_interfaces/msg/rosidl_generator_c__visibility_control.h
[6.463s] -- Installing: /home/rahul/ros2_ws/install/robotic_arm_interfaces/include/robotic_arm_interfaces/robotic_arm_interfaces/msg/detail
[6.464s] -- Installing: /home/rahul/ros2_ws/install/robotic_arm_interfaces/include/robotic_arm_interfaces/robotic_arm_interfaces/msg/detail/position_robotic_arm__functions.h
[6.464s] -- Installing: /home/rahul/ros2_ws/install/robotic_arm_interfaces/include/robotic_arm_interfaces/robotic_arm_interfaces/msg/detail/position_robotic_arm__type_support.h
[6.464s] -- Installing: /home/rahul/ros2_ws/install/robotic_arm_interfaces/include/robotic_arm_interfaces/robotic_arm_interfaces/msg/detail/position_robotic_arm__functions.c
[6.464s] -- Installing: /home/rahul/ros2_ws/install/robotic_arm_interfaces/include/robotic_arm_interfaces/robotic_arm_interfaces/msg/detail/position_robotic_arm__struct.h
[6.464s] -- Installing: /home/rahul/ros2_ws/install/robotic_arm_interfaces/share/robotic_arm_interfaces/environment/library_path.sh
[6.465s] -- Installing: /home/rahul/ros2_ws/install/robotic_arm_interfaces/share/robotic_arm_interfaces/environment/library_path.dsv
[6.465s] -- Installing: /home/rahul/ros2_ws/install/robotic_arm_interfaces/lib/librobotic_arm_interfaces__rosidl_generator_c.so
[6.466s] -- Set runtime path of "/home/rahul/ros2_ws/install/robotic_arm_interfaces/lib/librobotic_arm_interfaces__rosidl_generator_c.so" to ""
[6.466s] -- Up-to-date: /home/rahul/ros2_ws/install/robotic_arm_interfaces/include/robotic_arm_interfaces/robotic_arm_interfaces
[6.466s] -- Up-to-date: /home/rahul/ros2_ws/install/robotic_arm_interfaces/include/robotic_arm_interfaces/robotic_arm_interfaces/msg
[6.467s] -- Up-to-date: /home/rahul/ros2_ws/install/robotic_arm_interfaces/include/robotic_arm_interfaces/robotic_arm_interfaces/msg/detail
[6.467s] -- Installing: /home/rahul/ros2_ws/install/robotic_arm_interfaces/include/robotic_arm_interfaces/robotic_arm_interfaces/msg/detail/position_robotic_arm__rosidl_typesupport_fastrtps_c.h
[6.467s] -- Installing: /home/rahul/ros2_ws/install/robotic_arm_interfaces/include/robotic_arm_interfaces/robotic_arm_interfaces/msg/rosidl_typesupport_fastrtps_c__visibility_control.h
[6.467s] -- Installing: /home/rahul/ros2_ws/install/robotic_arm_interfaces/lib/librobotic_arm_interfaces__rosidl_typesupport_fastrtps_c.so
[6.468s] -- Set runtime path of "/home/rahul/ros2_ws/install/robotic_arm_interfaces/lib/librobotic_arm_interfaces__rosidl_typesupport_fastrtps_c.so" to ""
[6.468s] -- Up-to-date: /home/rahul/ros2_ws/install/robotic_arm_interfaces/include/robotic_arm_interfaces/robotic_arm_interfaces
[6.468s] -- Up-to-date: /home/rahul/ros2_ws/install/robotic_arm_interfaces/include/robotic_arm_interfaces/robotic_arm_interfaces/msg
[6.468s] -- Up-to-date: /home/rahul/ros2_ws/install/robotic_arm_interfaces/include/robotic_arm_interfaces/robotic_arm_interfaces/msg/detail
[6.469s] -- Installing: /home/rahul/ros2_ws/install/robotic_arm_interfaces/include/robotic_arm_interfaces/robotic_arm_interfaces/msg/detail/position_robotic_arm__type_support.c
[6.469s] -- Installing: /home/rahul/ros2_ws/install/robotic_arm_interfaces/include/robotic_arm_interfaces/robotic_arm_interfaces/msg/detail/position_robotic_arm__rosidl_typesupport_introspection_c.h
[6.469s] -- Installing: /home/rahul/ros2_ws/install/robotic_arm_interfaces/include/robotic_arm_interfaces/robotic_arm_interfaces/msg/rosidl_typesupport_introspection_c__visibility_control.h
[6.469s] -- Installing: /home/rahul/ros2_ws/install/robotic_arm_interfaces/lib/librobotic_arm_interfaces__rosidl_typesupport_introspection_c.so
[6.470s] -- Set runtime path of "/home/rahul/ros2_ws/install/robotic_arm_interfaces/lib/librobotic_arm_interfaces__rosidl_typesupport_introspection_c.so" to ""
[6.470s] -- Installing: /home/rahul/ros2_ws/install/robotic_arm_interfaces/lib/librobotic_arm_interfaces__rosidl_typesupport_c.so
[6.471s] -- Set runtime path of "/home/rahul/ros2_ws/install/robotic_arm_interfaces/lib/librobotic_arm_interfaces__rosidl_typesupport_c.so" to ""
[6.471s] -- Up-to-date: /home/rahul/ros2_ws/install/robotic_arm_interfaces/include/robotic_arm_interfaces/robotic_arm_interfaces
[6.471s] -- Up-to-date: /home/rahul/ros2_ws/install/robotic_arm_interfaces/include/robotic_arm_interfaces/robotic_arm_interfaces/msg
[6.471s] -- Installing: /home/rahul/ros2_ws/install/robotic_arm_interfaces/include/robotic_arm_interfaces/robotic_arm_interfaces/msg/rosidl_generator_cpp__visibility_control.hpp
[6.472s] -- Up-to-date: /home/rahul/ros2_ws/install/robotic_arm_interfaces/include/robotic_arm_interfaces/robotic_arm_interfaces/msg/detail
[6.472s] -- Installing: /home/rahul/ros2_ws/install/robotic_arm_interfaces/include/robotic_arm_interfaces/robotic_arm_interfaces/msg/detail/position_robotic_arm__builder.hpp
[6.472s] -- Installing: /home/rahul/ros2_ws/install/robotic_arm_interfaces/include/robotic_arm_interfaces/robotic_arm_interfaces/msg/detail/position_robotic_arm__type_support.hpp
[6.472s] -- Installing: /home/rahul/ros2_ws/install/robotic_arm_interfaces/include/robotic_arm_interfaces/robotic_arm_interfaces/msg/detail/position_robotic_arm__struct.hpp
[6.472s] -- Installing: /home/rahul/ros2_ws/install/robotic_arm_interfaces/include/robotic_arm_interfaces/robotic_arm_interfaces/msg/detail/position_robotic_arm__traits.hpp
[6.473s] -- Installing: /home/rahul/ros2_ws/install/robotic_arm_interfaces/include/robotic_arm_interfaces/robotic_arm_interfaces/msg/position_robotic_arm.hpp
[6.473s] -- Up-to-date: /home/rahul/ros2_ws/install/robotic_arm_interfaces/include/robotic_arm_interfaces/robotic_arm_interfaces
[6.473s] -- Up-to-date: /home/rahul/ros2_ws/install/robotic_arm_interfaces/include/robotic_arm_interfaces/robotic_arm_interfaces/msg
[6.473s] -- Up-to-date: /home/rahul/ros2_ws/install/robotic_arm_interfaces/include/robotic_arm_interfaces/robotic_arm_interfaces/msg/detail
[6.473s] -- Installing: /home/rahul/ros2_ws/install/robotic_arm_interfaces/include/robotic_arm_interfaces/robotic_arm_interfaces/msg/detail/position_robotic_arm__rosidl_typesupport_fastrtps_cpp.hpp
[6.474s] -- Installing: /home/rahul/ros2_ws/install/robotic_arm_interfaces/include/robotic_arm_interfaces/robotic_arm_interfaces/msg/detail/dds_fastrtps
[6.474s] -- Installing: /home/rahul/ros2_ws/install/robotic_arm_interfaces/include/robotic_arm_interfaces/robotic_arm_interfaces/msg/rosidl_typesupport_fastrtps_cpp__visibility_control.h
[6.474s] -- Installing: /home/rahul/ros2_ws/install/robotic_arm_interfaces/lib/librobotic_arm_interfaces__rosidl_typesupport_fastrtps_cpp.so
[6.474s] -- Set runtime path of "/home/rahul/ros2_ws/install/robotic_arm_interfaces/lib/librobotic_arm_interfaces__rosidl_typesupport_fastrtps_cpp.so" to ""
[6.475s] -- Up-to-date: /home/rahul/ros2_ws/install/robotic_arm_interfaces/include/robotic_arm_interfaces/robotic_arm_interfaces
[6.475s] -- Up-to-date: /home/rahul/ros2_ws/install/robotic_arm_interfaces/include/robotic_arm_interfaces/robotic_arm_interfaces/msg
[6.475s] -- Up-to-date: /home/rahul/ros2_ws/install/robotic_arm_interfaces/include/robotic_arm_interfaces/robotic_arm_interfaces/msg/detail
[6.475s] -- Installing: /home/rahul/ros2_ws/install/robotic_arm_interfaces/include/robotic_arm_interfaces/robotic_arm_interfaces/msg/detail/position_robotic_arm__type_support.cpp
[6.476s] -- Installing: /home/rahul/ros2_ws/install/robotic_arm_interfaces/include/robotic_arm_interfaces/robotic_arm_interfaces/msg/detail/position_robotic_arm__rosidl_typesupport_introspection_cpp.hpp
[6.476s] -- Installing: /home/rahul/ros2_ws/install/robotic_arm_interfaces/lib/librobotic_arm_interfaces__rosidl_typesupport_introspection_cpp.so
[6.476s] -- Set runtime path of "/home/rahul/ros2_ws/install/robotic_arm_interfaces/lib/librobotic_arm_interfaces__rosidl_typesupport_introspection_cpp.so" to ""
[6.476s] -- Installing: /home/rahul/ros2_ws/install/robotic_arm_interfaces/lib/librobotic_arm_interfaces__rosidl_typesupport_cpp.so
[6.477s] -- Set runtime path of "/home/rahul/ros2_ws/install/robotic_arm_interfaces/lib/librobotic_arm_interfaces__rosidl_typesupport_cpp.so" to ""
[6.477s] -- Installing: /home/rahul/ros2_ws/install/robotic_arm_interfaces/share/robotic_arm_interfaces/environment/pythonpath.sh
[6.477s] -- Installing: /home/rahul/ros2_ws/install/robotic_arm_interfaces/share/robotic_arm_interfaces/environment/pythonpath.dsv
[6.477s] -- Installing: /home/rahul/ros2_ws/install/robotic_arm_interfaces/local/lib/python3.10/dist-packages/robotic_arm_interfaces-0.0.0-py3.10.egg-info
[6.478s] -- Installing: /home/rahul/ros2_ws/install/robotic_arm_interfaces/local/lib/python3.10/dist-packages/robotic_arm_interfaces-0.0.0-py3.10.egg-info/dependency_links.txt
[6.478s] -- Installing: /home/rahul/ros2_ws/install/robotic_arm_interfaces/local/lib/python3.10/dist-packages/robotic_arm_interfaces-0.0.0-py3.10.egg-info/SOURCES.txt
[6.478s] -- Installing: /home/rahul/ros2_ws/install/robotic_arm_interfaces/local/lib/python3.10/dist-packages/robotic_arm_interfaces-0.0.0-py3.10.egg-info/top_level.txt
[6.478s] -- Installing: /home/rahul/ros2_ws/install/robotic_arm_interfaces/local/lib/python3.10/dist-packages/robotic_arm_interfaces-0.0.0-py3.10.egg-info/PKG-INFO
[6.478s] -- Installing: /home/rahul/ros2_ws/install/robotic_arm_interfaces/local/lib/python3.10/dist-packages/robotic_arm_interfaces
[6.479s] -- Installing: /home/rahul/ros2_ws/install/robotic_arm_interfaces/local/lib/python3.10/dist-packages/robotic_arm_interfaces/_robotic_arm_interfaces_s.ep.rosidl_typesupport_c.c
[6.479s] -- Installing: /home/rahul/ros2_ws/install/robotic_arm_interfaces/local/lib/python3.10/dist-packages/robotic_arm_interfaces/msg
[6.479s] -- Installing: /home/rahul/ros2_ws/install/robotic_arm_interfaces/local/lib/python3.10/dist-packages/robotic_arm_interfaces/msg/_position_robotic_arm_s.c
[6.479s] -- Installing: /home/rahul/ros2_ws/install/robotic_arm_interfaces/local/lib/python3.10/dist-packages/robotic_arm_interfaces/msg/_position_robotic_arm.py
[6.479s] -- Installing: /home/rahul/ros2_ws/install/robotic_arm_interfaces/local/lib/python3.10/dist-packages/robotic_arm_interfaces/msg/__init__.py
[6.479s] -- Installing: /home/rahul/ros2_ws/install/robotic_arm_interfaces/local/lib/python3.10/dist-packages/robotic_arm_interfaces/librobotic_arm_interfaces__rosidl_generator_py.so
[6.480s] -- Installing: /home/rahul/ros2_ws/install/robotic_arm_interfaces/local/lib/python3.10/dist-packages/robotic_arm_interfaces/_robotic_arm_interfaces_s.ep.rosidl_typesupport_fastrtps_c.c
[6.480s] -- Installing: /home/rahul/ros2_ws/install/robotic_arm_interfaces/local/lib/python3.10/dist-packages/robotic_arm_interfaces/robotic_arm_interfaces_s__rosidl_typesupport_fastrtps_c.cpython-310-x86_64-linux-gnu.so
[6.480s] -- Installing: /home/rahul/ros2_ws/install/robotic_arm_interfaces/local/lib/python3.10/dist-packages/robotic_arm_interfaces/_robotic_arm_interfaces_s.ep.rosidl_typesupport_introspection_c.c
[6.480s] -- Installing: /home/rahul/ros2_ws/install/robotic_arm_interfaces/local/lib/python3.10/dist-packages/robotic_arm_interfaces/robotic_arm_interfaces_s__rosidl_typesupport_c.cpython-310-x86_64-linux-gnu.so
[6.480s] -- Installing: /home/rahul/ros2_ws/install/robotic_arm_interfaces/local/lib/python3.10/dist-packages/robotic_arm_interfaces/__init__.py
[6.481s] -- Installing: /home/rahul/ros2_ws/install/robotic_arm_interfaces/local/lib/python3.10/dist-packages/robotic_arm_interfaces/robotic_arm_interfaces_s__rosidl_typesupport_introspection_c.cpython-310-x86_64-linux-gnu.so
[6.533s] Listing '/home/rahul/ros2_ws/install/robotic_arm_interfaces/local/lib/python3.10/dist-packages/robotic_arm_interfaces'...
[6.533s] Compiling '/home/rahul/ros2_ws/install/robotic_arm_interfaces/local/lib/python3.10/dist-packages/robotic_arm_interfaces/__init__.py'...
[6.534s] Listing '/home/rahul/ros2_ws/install/robotic_arm_interfaces/local/lib/python3.10/dist-packages/robotic_arm_interfaces/msg'...
[6.534s] Compiling '/home/rahul/ros2_ws/install/robotic_arm_interfaces/local/lib/python3.10/dist-packages/robotic_arm_interfaces/msg/__init__.py'...
[6.534s] Compiling '/home/rahul/ros2_ws/install/robotic_arm_interfaces/local/lib/python3.10/dist-packages/robotic_arm_interfaces/msg/_position_robotic_arm.py'...
[6.541s] -- Installing: /home/rahul/ros2_ws/install/robotic_arm_interfaces/local/lib/python3.10/dist-packages/robotic_arm_interfaces/robotic_arm_interfaces_s__rosidl_typesupport_fastrtps_c.cpython-310-x86_64-linux-gnu.so
[6.542s] -- Set runtime path of "/home/rahul/ros2_ws/install/robotic_arm_interfaces/local/lib/python3.10/dist-packages/robotic_arm_interfaces/robotic_arm_interfaces_s__rosidl_typesupport_fastrtps_c.cpython-310-x86_64-linux-gnu.so" to ""
[6.543s] -- Installing: /home/rahul/ros2_ws/install/robotic_arm_interfaces/local/lib/python3.10/dist-packages/robotic_arm_interfaces/robotic_arm_interfaces_s__rosidl_typesupport_introspection_c.cpython-310-x86_64-linux-gnu.so
[6.543s] -- Set runtime path of "/home/rahul/ros2_ws/install/robotic_arm_interfaces/local/lib/python3.10/dist-packages/robotic_arm_interfaces/robotic_arm_interfaces_s__rosidl_typesupport_introspection_c.cpython-310-x86_64-linux-gnu.so" to ""
[6.544s] -- Installing: /home/rahul/ros2_ws/install/robotic_arm_interfaces/local/lib/python3.10/dist-packages/robotic_arm_interfaces/robotic_arm_interfaces_s__rosidl_typesupport_c.cpython-310-x86_64-linux-gnu.so
[6.545s] -- Set runtime path of "/home/rahul/ros2_ws/install/robotic_arm_interfaces/local/lib/python3.10/dist-packages/robotic_arm_interfaces/robotic_arm_interfaces_s__rosidl_typesupport_c.cpython-310-x86_64-linux-gnu.so" to ""
[6.545s] -- Installing: /home/rahul/ros2_ws/install/robotic_arm_interfaces/lib/librobotic_arm_interfaces__rosidl_generator_py.so
[6.546s] -- Set runtime path of "/home/rahul/ros2_ws/install/robotic_arm_interfaces/lib/librobotic_arm_interfaces__rosidl_generator_py.so" to ""
[6.546s] -- Installing: /home/rahul/ros2_ws/install/robotic_arm_interfaces/share/robotic_arm_interfaces/msg/PositionRoboticArm.idl
[6.546s] -- Installing: /home/rahul/ros2_ws/install/robotic_arm_interfaces/share/robotic_arm_interfaces/msg/PositionRoboticArm.msg
[6.546s] -- Installing: /home/rahul/ros2_ws/install/robotic_arm_interfaces/share/ament_index/resource_index/package_run_dependencies/robotic_arm_interfaces
[6.547s] -- Installing: /home/rahul/ros2_ws/install/robotic_arm_interfaces/share/ament_index/resource_index/parent_prefix_path/robotic_arm_interfaces
[6.547s] -- Installing: /home/rahul/ros2_ws/install/robotic_arm_interfaces/share/robotic_arm_interfaces/environment/ament_prefix_path.sh
[6.547s] -- Installing: /home/rahul/ros2_ws/install/robotic_arm_interfaces/share/robotic_arm_interfaces/environment/ament_prefix_path.dsv
[6.547s] -- Installing: /home/rahul/ros2_ws/install/robotic_arm_interfaces/share/robotic_arm_interfaces/environment/path.sh
[6.548s] -- Installing: /home/rahul/ros2_ws/install/robotic_arm_interfaces/share/robotic_arm_interfaces/environment/path.dsv
[6.548s] -- Installing: /home/rahul/ros2_ws/install/robotic_arm_interfaces/share/robotic_arm_interfaces/local_setup.bash
[6.548s] -- Installing: /home/rahul/ros2_ws/install/robotic_arm_interfaces/share/robotic_arm_interfaces/local_setup.sh
[6.548s] -- Installing: /home/rahul/ros2_ws/install/robotic_arm_interfaces/share/robotic_arm_interfaces/local_setup.zsh
[6.549s] -- Installing: /home/rahul/ros2_ws/install/robotic_arm_interfaces/share/robotic_arm_interfaces/local_setup.dsv
[6.549s] -- Installing: /home/rahul/ros2_ws/install/robotic_arm_interfaces/share/robotic_arm_interfaces/package.dsv
[6.549s] -- Installing: /home/rahul/ros2_ws/install/robotic_arm_interfaces/share/ament_index/resource_index/packages/robotic_arm_interfaces
[6.550s] -- Installing: /home/rahul/ros2_ws/install/robotic_arm_interfaces/share/robotic_arm_interfaces/cmake/export_robotic_arm_interfaces__rosidl_generator_cExport.cmake
[6.550s] -- Installing: /home/rahul/ros2_ws/install/robotic_arm_interfaces/share/robotic_arm_interfaces/cmake/export_robotic_arm_interfaces__rosidl_generator_cExport-noconfig.cmake
[6.550s] -- Installing: /home/rahul/ros2_ws/install/robotic_arm_interfaces/share/robotic_arm_interfaces/cmake/export_robotic_arm_interfaces__rosidl_typesupport_fastrtps_cExport.cmake
[6.550s] -- Installing: /home/rahul/ros2_ws/install/robotic_arm_interfaces/share/robotic_arm_interfaces/cmake/export_robotic_arm_interfaces__rosidl_typesupport_fastrtps_cExport-noconfig.cmake
[6.551s] -- Installing: /home/rahul/ros2_ws/install/robotic_arm_interfaces/share/robotic_arm_interfaces/cmake/robotic_arm_interfaces__rosidl_typesupport_introspection_cExport.cmake
[6.551s] -- Installing: /home/rahul/ros2_ws/install/robotic_arm_interfaces/share/robotic_arm_interfaces/cmake/robotic_arm_interfaces__rosidl_typesupport_introspection_cExport-noconfig.cmake
[6.551s] -- Installing: /home/rahul/ros2_ws/install/robotic_arm_interfaces/share/robotic_arm_interfaces/cmake/robotic_arm_interfaces__rosidl_typesupport_cExport.cmake
[6.551s] -- Installing: /home/rahul/ros2_ws/install/robotic_arm_interfaces/share/robotic_arm_interfaces/cmake/robotic_arm_interfaces__rosidl_typesupport_cExport-noconfig.cmake
[6.552s] -- Installing: /home/rahul/ros2_ws/install/robotic_arm_interfaces/share/robotic_arm_interfaces/cmake/export_robotic_arm_interfaces__rosidl_generator_cppExport.cmake
[6.552s] -- Installing: /home/rahul/ros2_ws/install/robotic_arm_interfaces/share/robotic_arm_interfaces/cmake/export_robotic_arm_interfaces__rosidl_typesupport_fastrtps_cppExport.cmake
[6.552s] -- Installing: /home/rahul/ros2_ws/install/robotic_arm_interfaces/share/robotic_arm_interfaces/cmake/export_robotic_arm_interfaces__rosidl_typesupport_fastrtps_cppExport-noconfig.cmake
[6.552s] -- Installing: /home/rahul/ros2_ws/install/robotic_arm_interfaces/share/robotic_arm_interfaces/cmake/robotic_arm_interfaces__rosidl_typesupport_introspection_cppExport.cmake
[6.553s] -- Installing: /home/rahul/ros2_ws/install/robotic_arm_interfaces/share/robotic_arm_interfaces/cmake/robotic_arm_interfaces__rosidl_typesupport_introspection_cppExport-noconfig.cmake
[6.553s] -- Installing: /home/rahul/ros2_ws/install/robotic_arm_interfaces/share/robotic_arm_interfaces/cmake/robotic_arm_interfaces__rosidl_typesupport_cppExport.cmake
[6.553s] -- Installing: /home/rahul/ros2_ws/install/robotic_arm_interfaces/share/robotic_arm_interfaces/cmake/robotic_arm_interfaces__rosidl_typesupport_cppExport-noconfig.cmake
[6.554s] -- Installing: /home/rahul/ros2_ws/install/robotic_arm_interfaces/share/robotic_arm_interfaces/cmake/export_robotic_arm_interfaces__rosidl_generator_pyExport.cmake
[6.554s] -- Installing: /home/rahul/ros2_ws/install/robotic_arm_interfaces/share/robotic_arm_interfaces/cmake/export_robotic_arm_interfaces__rosidl_generator_pyExport-noconfig.cmake
[6.554s] -- Installing: /home/rahul/ros2_ws/install/robotic_arm_interfaces/share/robotic_arm_interfaces/cmake/rosidl_cmake-extras.cmake
[6.554s] -- Installing: /home/rahul/ros2_ws/install/robotic_arm_interfaces/share/robotic_arm_interfaces/cmake/ament_cmake_export_include_directories-extras.cmake
[6.555s] -- Installing: /home/rahul/ros2_ws/install/robotic_arm_interfaces/share/robotic_arm_interfaces/cmake/ament_cmake_export_libraries-extras.cmake
[6.555s] -- Installing: /home/rahul/ros2_ws/install/robotic_arm_interfaces/share/robotic_arm_interfaces/cmake/ament_cmake_export_targets-extras.cmake
[6.555s] -- Installing: /home/rahul/ros2_ws/install/robotic_arm_interfaces/share/robotic_arm_interfaces/cmake/rosidl_cmake_export_typesupport_targets-extras.cmake
[6.555s] -- Installing: /home/rahul/ros2_ws/install/robotic_arm_interfaces/share/robotic_arm_interfaces/cmake/ament_cmake_export_dependencies-extras.cmake
[6.556s] -- Installing: /home/rahul/ros2_ws/install/robotic_arm_interfaces/share/robotic_arm_interfaces/cmake/rosidl_cmake_export_typesupport_libraries-extras.cmake
[6.556s] -- Installing: /home/rahul/ros2_ws/install/robotic_arm_interfaces/share/robotic_arm_interfaces/cmake/robotic_arm_interfacesConfig.cmake
[6.556s] -- Installing: /home/rahul/ros2_ws/install/robotic_arm_interfaces/share/robotic_arm_interfaces/cmake/robotic_arm_interfacesConfig-version.cmake
[6.556s] -- Installing: /home/rahul/ros2_ws/install/robotic_arm_interfaces/share/robotic_arm_interfaces/package.xml
[6.560s] Invoked command in '/home/rahul/ros2_ws/build/robotic_arm_interfaces' returned '0': CMAKE_PREFIX_PATH=${CMAKE_PREFIX_PATH}:/home/rahul/ros2_ws/install/ps4_servo_control:/home/rahul/ros2_ws/install/robotic_control:/home/rahul/ros2_ws/install/robot_arm_control:/opt/ros/humble /usr/bin/cmake --install /home/rahul/ros2_ws/build/robotic_arm_interfaces
