[0.018s] Invoking command in '/home/rahul/ros2_ws/build/joy_to_arm_interface': /usr/bin/cmake /home/rahul/ros2_ws/src/joy_to_arm_interface -DCMAKE_INSTALL_PREFIX=/home/rahul/ros2_ws/install/joy_to_arm_interface
[0.039s] -- Found ament_cmake: 1.3.11 (/opt/ros/humble/share/ament_cmake/cmake)
[0.246s] -- Found rclcpp: 16.0.11 (/opt/ros/humble/share/rclcpp/cmake)
[0.300s] -- Found rosidl_generator_c: 3.1.6 (/opt/ros/humble/share/rosidl_generator_c/cmake)
[0.303s] -- Found rosidl_adapter: 3.1.6 (/opt/ros/humble/share/rosidl_adapter/cmake)
[0.312s] -- Found rosidl_generator_cpp: 3.1.6 (/opt/ros/humble/share/rosidl_generator_cpp/cmake)
[0.326s] -- Using all available rosidl_typesupport_c: rosidl_typesupport_fastrtps_c;rosidl_typesupport_introspection_c
[0.345s] -- Using all available rosidl_typesupport_cpp: rosidl_typesupport_fastrtps_cpp;rosidl_typesupport_introspection_cpp
[0.424s] -- Found rmw_implementation_cmake: 6.1.2 (/opt/ros/humble/share/rmw_implementation_cmake/cmake)
[0.427s] -- Found rmw_fastrtps_cpp: 6.2.7 (/opt/ros/humble/share/rmw_fastrtps_cpp/cmake)
[0.582s] -- Using RMW implementation 'rmw_fastrtps_cpp' as default
[0.688s] -- Found sensor_msgs: 4.2.4 (/opt/ros/humble/share/sensor_msgs/cmake)
[0.745s] -- Found robotic_arm_interfaces: 0.0.0 (/home/rahul/ros2_ws/install/robotic_arm_interfaces/share/robotic_arm_interfaces/cmake)
[0.840s] Error parsing '/home/rahul/ros2_ws/src/joy_to_arm_interface/package.xml':
[0.913s] Traceback (most recent call last):
[0.913s]   File "/opt/ros/humble/share/ament_cmake_core/cmake/core/package_xml_2_cmake.py", line 150, in <module>
[0.913s]     main()
[0.913s]   File "/opt/ros/humble/share/ament_cmake_core/cmake/core/package_xml_2_cmake.py", line 53, in main
[0.913s]     raise e
[0.913s]   File "/opt/ros/humble/share/ament_cmake_core/cmake/core/package_xml_2_cmake.py", line 49, in main
[0.913s]     package = parse_package_string(
[0.913s]   File "/usr/lib/python3/dist-packages/catkin_pkg/package.py", line 786, in parse_package_string
[0.914s]     raise InvalidPackage('Error(s):%s' % (''.join(['\n- %s' % e for e in errors])), filename)
[0.914s] catkin_pkg.package.InvalidPackage: Error(s) in package '/home/rahul/ros2_ws/src/joy_to_arm_interface/package.xml':
[0.914s] Error(s):
[0.914s] - The generic dependency on 'rclcpp' is redundant with: exec_depend
[0.914s] - The generic dependency on 'sensor_msgs' is redundant with: exec_depend
[0.914s] - The generic dependency on 'robotic_arm_interfaces' is redundant with: exec_depend
[0.937s] [31mCMake Error at /opt/ros/humble/share/ament_cmake_core/cmake/core/ament_package_xml.cmake:95 (message):
[0.937s]   execute_process(/usr/bin/python3
[0.937s]   /opt/ros/humble/share/ament_cmake_core/cmake/core/package_xml_2_cmake.py
[0.938s]   /home/rahul/ros2_ws/src/joy_to_arm_interface/package.xml
[0.938s]   /home/rahul/ros2_ws/build/joy_to_arm_interface/ament_cmake_core/package.cmake)
[0.938s]   returned error code 1
[0.938s] Call Stack (most recent call first):
[0.938s]   /opt/ros/humble/share/ament_cmake_core/cmake/core/ament_package_xml.cmake:49 (_ament_package_xml)
[0.938s]   /opt/ros/humble/share/ament_cmake_core/cmake/core/ament_package.cmake:63 (ament_package_xml)
[0.938s]   CMakeLists.txt:15 (ament_package)
[0.938s] 
[0.939s] [0m
[0.939s] -- Configuring incomplete, errors occurred!
[0.939s] See also "/home/rahul/ros2_ws/build/joy_to_arm_interface/CMakeFiles/CMakeOutput.log".
[0.949s] Invoked command in '/home/rahul/ros2_ws/build/joy_to_arm_interface' returned '1': /usr/bin/cmake /home/rahul/ros2_ws/src/joy_to_arm_interface -DCMAKE_INSTALL_PREFIX=/home/rahul/ros2_ws/install/joy_to_arm_interface
