[0.155s] DEBUG:colcon:Command line arguments: ['/usr/bin/colcon', 'build']
[0.156s] DEBUG:colcon:Parsed command line arguments: Namespace(log_base=None, log_level=None, verb_name='build', build_base='build', install_base='install', merge_install=False, symlink_install=False, test_result_base=None, continue_on_error=False, executor='parallel', parallel_workers=4, event_handlers=None, ignore_user_meta=False, metas=['./colcon.meta'], base_paths=['.'], packages_ignore=None, packages_ignore_regex=None, paths=None, packages_up_to=None, packages_up_to_regex=None, packages_above=None, packages_above_and_dependencies=None, packages_above_depth=None, packages_select_by_dep=None, packages_skip_by_dep=None, packages_skip_up_to=None, packages_select_build_failed=False, packages_skip_build_finished=False, packages_select_test_failures=False, packages_skip_test_passed=False, packages_select=None, packages_skip=None, packages_select_regex=None, packages_skip_regex=None, packages_start=None, packages_end=None, allow_overriding=[], cmake_args=None, cmake_target=None, cmake_target_skip_unavailable=False, cmake_clean_cache=False, cmake_clean_first=False, cmake_force_configure=False, ament_cmake_args=None, catkin_cmake_args=None, catkin_skip_building_tests=False, verb_parser=<colcon_defaults.argument_parser.defaults.DefaultArgumentsDecorator object at 0x75a4ece1c970>, verb_extension=<colcon_core.verb.build.BuildVerb object at 0x75a4ecfd1ed0>, main=<bound method BuildVerb.main of <colcon_core.verb.build.BuildVerb object at 0x75a4ecfd1ed0>>)
[0.405s] Level 1:colcon.colcon_core.package_discovery:discover_packages(colcon_meta) check parameters
[0.405s] Level 1:colcon.colcon_core.package_discovery:discover_packages(recursive) check parameters
[0.405s] Level 1:colcon.colcon_core.package_discovery:discover_packages(ignore) check parameters
[0.406s] Level 1:colcon.colcon_core.package_discovery:discover_packages(path) check parameters
[0.406s] Level 1:colcon.colcon_core.package_discovery:discover_packages(colcon_meta) discover
[0.406s] Level 1:colcon.colcon_core.package_discovery:discover_packages(recursive) discover
[0.406s] INFO:colcon.colcon_core.package_discovery:Crawling recursively for packages in '/home/rahul/ros2_ws'
[0.406s] Level 1:colcon.colcon_core.package_identification:_identify(.) by extensions ['ignore', 'ignore_ament_install']
[0.406s] Level 1:colcon.colcon_core.package_identification:_identify(.) by extension 'ignore'
[0.406s] Level 1:colcon.colcon_core.package_identification:_identify(.) by extension 'ignore_ament_install'
[0.406s] Level 1:colcon.colcon_core.package_identification:_identify(.) by extensions ['colcon_pkg']
[0.406s] Level 1:colcon.colcon_core.package_identification:_identify(.) by extension 'colcon_pkg'
[0.407s] Level 1:colcon.colcon_core.package_identification:_identify(.) by extensions ['colcon_meta']
[0.407s] Level 1:colcon.colcon_core.package_identification:_identify(.) by extension 'colcon_meta'
[0.407s] Level 1:colcon.colcon_core.package_identification:_identify(.) by extensions ['ros']
[0.407s] Level 1:colcon.colcon_core.package_identification:_identify(.) by extension 'ros'
[0.428s] Level 1:colcon.colcon_core.package_identification:_identify(.) by extensions ['cmake', 'python']
[0.428s] Level 1:colcon.colcon_core.package_identification:_identify(.) by extension 'cmake'
[0.429s] Level 1:colcon.colcon_core.package_identification:_identify(.) by extension 'python'
[0.429s] Level 1:colcon.colcon_core.package_identification:_identify(.) by extensions ['python_setup_py']
[0.429s] Level 1:colcon.colcon_core.package_identification:_identify(.) by extension 'python_setup_py'
[0.429s] Level 1:colcon.colcon_core.package_identification:_identify(build) by extensions ['ignore', 'ignore_ament_install']
[0.429s] Level 1:colcon.colcon_core.package_identification:_identify(build) by extension 'ignore'
[0.429s] Level 1:colcon.colcon_core.package_identification:_identify(build) ignored
[0.430s] Level 1:colcon.colcon_core.package_identification:_identify(install) by extensions ['ignore', 'ignore_ament_install']
[0.430s] Level 1:colcon.colcon_core.package_identification:_identify(install) by extension 'ignore'
[0.430s] Level 1:colcon.colcon_core.package_identification:_identify(install) ignored
[0.430s] Level 1:colcon.colcon_core.package_identification:_identify(log) by extensions ['ignore', 'ignore_ament_install']
[0.430s] Level 1:colcon.colcon_core.package_identification:_identify(log) by extension 'ignore'
[0.430s] Level 1:colcon.colcon_core.package_identification:_identify(log) ignored
[0.431s] Level 1:colcon.colcon_core.package_identification:_identify(src) by extensions ['ignore', 'ignore_ament_install']
[0.431s] Level 1:colcon.colcon_core.package_identification:_identify(src) by extension 'ignore'
[0.431s] Level 1:colcon.colcon_core.package_identification:_identify(src) by extension 'ignore_ament_install'
[0.431s] Level 1:colcon.colcon_core.package_identification:_identify(src) by extensions ['colcon_pkg']
[0.431s] Level 1:colcon.colcon_core.package_identification:_identify(src) by extension 'colcon_pkg'
[0.431s] Level 1:colcon.colcon_core.package_identification:_identify(src) by extensions ['colcon_meta']
[0.431s] Level 1:colcon.colcon_core.package_identification:_identify(src) by extension 'colcon_meta'
[0.431s] Level 1:colcon.colcon_core.package_identification:_identify(src) by extensions ['ros']
[0.431s] Level 1:colcon.colcon_core.package_identification:_identify(src) by extension 'ros'
[0.431s] Level 1:colcon.colcon_core.package_identification:_identify(src) by extensions ['cmake', 'python']
[0.432s] Level 1:colcon.colcon_core.package_identification:_identify(src) by extension 'cmake'
[0.432s] Level 1:colcon.colcon_core.package_identification:_identify(src) by extension 'python'
[0.432s] Level 1:colcon.colcon_core.package_identification:_identify(src) by extensions ['python_setup_py']
[0.432s] Level 1:colcon.colcon_core.package_identification:_identify(src) by extension 'python_setup_py'
[0.432s] Level 1:colcon.colcon_core.package_identification:_identify(src/build) by extensions ['ignore', 'ignore_ament_install']
[0.432s] Level 1:colcon.colcon_core.package_identification:_identify(src/build) by extension 'ignore'
[0.432s] Level 1:colcon.colcon_core.package_identification:_identify(src/build) ignored
[0.432s] Level 1:colcon.colcon_core.package_identification:_identify(src/install) by extensions ['ignore', 'ignore_ament_install']
[0.433s] Level 1:colcon.colcon_core.package_identification:_identify(src/install) by extension 'ignore'
[0.433s] Level 1:colcon.colcon_core.package_identification:_identify(src/install) ignored
[0.433s] Level 1:colcon.colcon_core.package_identification:_identify(src/joy_to_arm_interface) by extensions ['ignore', 'ignore_ament_install']
[0.433s] Level 1:colcon.colcon_core.package_identification:_identify(src/joy_to_arm_interface) by extension 'ignore'
[0.433s] Level 1:colcon.colcon_core.package_identification:_identify(src/joy_to_arm_interface) by extension 'ignore_ament_install'
[0.433s] Level 1:colcon.colcon_core.package_identification:_identify(src/joy_to_arm_interface) by extensions ['colcon_pkg']
[0.433s] Level 1:colcon.colcon_core.package_identification:_identify(src/joy_to_arm_interface) by extension 'colcon_pkg'
[0.433s] Level 1:colcon.colcon_core.package_identification:_identify(src/joy_to_arm_interface) by extensions ['colcon_meta']
[0.434s] Level 1:colcon.colcon_core.package_identification:_identify(src/joy_to_arm_interface) by extension 'colcon_meta'
[0.434s] Level 1:colcon.colcon_core.package_identification:_identify(src/joy_to_arm_interface) by extensions ['ros']
[0.434s] Level 1:colcon.colcon_core.package_identification:_identify(src/joy_to_arm_interface) by extension 'ros'
[0.438s] DEBUG:colcon.colcon_core.package_identification:Package 'src/joy_to_arm_interface' with type 'ros.ament_cmake' and name 'joy_to_arm_interface'
[0.438s] Level 1:colcon.colcon_core.package_identification:_identify(src/log) by extensions ['ignore', 'ignore_ament_install']
[0.438s] Level 1:colcon.colcon_core.package_identification:_identify(src/log) by extension 'ignore'
[0.438s] Level 1:colcon.colcon_core.package_identification:_identify(src/log) ignored
[0.439s] Level 1:colcon.colcon_core.package_identification:_identify(src/robotic_arm_interfaces) by extensions ['ignore', 'ignore_ament_install']
[0.439s] Level 1:colcon.colcon_core.package_identification:_identify(src/robotic_arm_interfaces) by extension 'ignore'
[0.439s] Level 1:colcon.colcon_core.package_identification:_identify(src/robotic_arm_interfaces) by extension 'ignore_ament_install'
[0.439s] Level 1:colcon.colcon_core.package_identification:_identify(src/robotic_arm_interfaces) by extensions ['colcon_pkg']
[0.439s] Level 1:colcon.colcon_core.package_identification:_identify(src/robotic_arm_interfaces) by extension 'colcon_pkg'
[0.439s] Level 1:colcon.colcon_core.package_identification:_identify(src/robotic_arm_interfaces) by extensions ['colcon_meta']
[0.439s] Level 1:colcon.colcon_core.package_identification:_identify(src/robotic_arm_interfaces) by extension 'colcon_meta'
[0.439s] Level 1:colcon.colcon_core.package_identification:_identify(src/robotic_arm_interfaces) by extensions ['ros']
[0.439s] Level 1:colcon.colcon_core.package_identification:_identify(src/robotic_arm_interfaces) by extension 'ros'
[0.440s] DEBUG:colcon.colcon_core.package_identification:Package 'src/robotic_arm_interfaces' with type 'ros.ament_cmake' and name 'robotic_arm_interfaces'
[0.441s] Level 1:colcon.colcon_core.package_discovery:discover_packages(recursive) using defaults
[0.441s] Level 1:colcon.colcon_core.package_discovery:discover_packages(ignore) discover
[0.441s] Level 1:colcon.colcon_core.package_discovery:discover_packages(ignore) using defaults
[0.441s] Level 1:colcon.colcon_core.package_discovery:discover_packages(path) discover
[0.441s] Level 1:colcon.colcon_core.package_discovery:discover_packages(path) using defaults
[0.470s] Level 1:colcon.colcon_core.package_discovery:discover_packages(prefix_path) check parameters
[0.470s] Level 1:colcon.colcon_core.package_discovery:discover_packages(prefix_path) discover
[0.472s] WARNING:colcon.colcon_ros.prefix_path.ament:The path '/home/rahul/ros2_ws/install/robotic_control' in the environment variable AMENT_PREFIX_PATH doesn't exist
[0.472s] WARNING:colcon.colcon_ros.prefix_path.ament:The path '/home/rahul/ros2_ws/install/robot_arm_control' in the environment variable AMENT_PREFIX_PATH doesn't exist
[0.472s] WARNING:colcon.colcon_ros.prefix_path.ament:The path '/home/rahul/ros2_ws/install/motor_msgs' in the environment variable AMENT_PREFIX_PATH doesn't exist
[0.473s] WARNING:colcon.colcon_ros.prefix_path.catkin:The path '/home/rahul/ros2_ws/install/motor_msgs' in the environment variable CMAKE_PREFIX_PATH doesn't exist
[0.474s] DEBUG:colcon.colcon_installed_package_information.package_discovery:Found 3 installed packages in /home/rahul/ros2_ws/install
[0.475s] DEBUG:colcon.colcon_installed_package_information.package_discovery:Found 1 installed packages in /home/rahul/ros2_ws/src/install
[0.477s] DEBUG:colcon.colcon_installed_package_information.package_discovery:Found 270 installed packages in /opt/ros/humble
[0.496s] Level 1:colcon.colcon_core.package_discovery:discover_packages(prefix_path) using defaults
[0.558s] Level 5:colcon.colcon_core.verb:set package 'robotic_arm_interfaces' build argument 'cmake_args' from command line to 'None'
[0.558s] Level 5:colcon.colcon_core.verb:set package 'robotic_arm_interfaces' build argument 'cmake_target' from command line to 'None'
[0.558s] Level 5:colcon.colcon_core.verb:set package 'robotic_arm_interfaces' build argument 'cmake_target_skip_unavailable' from command line to 'False'
[0.558s] Level 5:colcon.colcon_core.verb:set package 'robotic_arm_interfaces' build argument 'cmake_clean_cache' from command line to 'False'
[0.558s] Level 5:colcon.colcon_core.verb:set package 'robotic_arm_interfaces' build argument 'cmake_clean_first' from command line to 'False'
[0.558s] Level 5:colcon.colcon_core.verb:set package 'robotic_arm_interfaces' build argument 'cmake_force_configure' from command line to 'False'
[0.559s] Level 5:colcon.colcon_core.verb:set package 'robotic_arm_interfaces' build argument 'ament_cmake_args' from command line to 'None'
[0.559s] Level 5:colcon.colcon_core.verb:set package 'robotic_arm_interfaces' build argument 'catkin_cmake_args' from command line to 'None'
[0.559s] Level 5:colcon.colcon_core.verb:set package 'robotic_arm_interfaces' build argument 'catkin_skip_building_tests' from command line to 'False'
[0.559s] DEBUG:colcon.colcon_core.verb:Building package 'robotic_arm_interfaces' with the following arguments: {'ament_cmake_args': None, 'build_base': '/home/rahul/ros2_ws/build/robotic_arm_interfaces', 'catkin_cmake_args': None, 'catkin_skip_building_tests': False, 'cmake_args': None, 'cmake_clean_cache': False, 'cmake_clean_first': False, 'cmake_force_configure': False, 'cmake_target': None, 'cmake_target_skip_unavailable': False, 'install_base': '/home/rahul/ros2_ws/install/robotic_arm_interfaces', 'merge_install': False, 'path': '/home/rahul/ros2_ws/src/robotic_arm_interfaces', 'symlink_install': False, 'test_result_base': None}
[0.559s] Level 5:colcon.colcon_core.verb:set package 'joy_to_arm_interface' build argument 'cmake_args' from command line to 'None'
[0.559s] Level 5:colcon.colcon_core.verb:set package 'joy_to_arm_interface' build argument 'cmake_target' from command line to 'None'
[0.560s] Level 5:colcon.colcon_core.verb:set package 'joy_to_arm_interface' build argument 'cmake_target_skip_unavailable' from command line to 'False'
[0.560s] Level 5:colcon.colcon_core.verb:set package 'joy_to_arm_interface' build argument 'cmake_clean_cache' from command line to 'False'
[0.560s] Level 5:colcon.colcon_core.verb:set package 'joy_to_arm_interface' build argument 'cmake_clean_first' from command line to 'False'
[0.560s] Level 5:colcon.colcon_core.verb:set package 'joy_to_arm_interface' build argument 'cmake_force_configure' from command line to 'False'
[0.560s] Level 5:colcon.colcon_core.verb:set package 'joy_to_arm_interface' build argument 'ament_cmake_args' from command line to 'None'
[0.560s] Level 5:colcon.colcon_core.verb:set package 'joy_to_arm_interface' build argument 'catkin_cmake_args' from command line to 'None'
[0.560s] Level 5:colcon.colcon_core.verb:set package 'joy_to_arm_interface' build argument 'catkin_skip_building_tests' from command line to 'False'
[0.560s] DEBUG:colcon.colcon_core.verb:Building package 'joy_to_arm_interface' with the following arguments: {'ament_cmake_args': None, 'build_base': '/home/rahul/ros2_ws/build/joy_to_arm_interface', 'catkin_cmake_args': None, 'catkin_skip_building_tests': False, 'cmake_args': None, 'cmake_clean_cache': False, 'cmake_clean_first': False, 'cmake_force_configure': False, 'cmake_target': None, 'cmake_target_skip_unavailable': False, 'install_base': '/home/rahul/ros2_ws/install/joy_to_arm_interface', 'merge_install': False, 'path': '/home/rahul/ros2_ws/src/joy_to_arm_interface', 'symlink_install': False, 'test_result_base': None}
[0.560s] INFO:colcon.colcon_core.executor:Executing jobs using 'parallel' executor
[0.562s] DEBUG:colcon.colcon_parallel_executor.executor.parallel:run_until_complete
[0.563s] INFO:colcon.colcon_ros.task.ament_cmake.build:Building ROS package in '/home/rahul/ros2_ws/src/robotic_arm_interfaces' with build type 'ament_cmake'
[0.563s] INFO:colcon.colcon_cmake.task.cmake.build:Building CMake package in '/home/rahul/ros2_ws/src/robotic_arm_interfaces'
[0.566s] INFO:colcon.colcon_core.plugin_system:Skipping extension 'colcon_core.shell.bat': Not used on non-Windows systems
[0.567s] INFO:colcon.colcon_core.shell:Skip shell extension 'powershell' for command environment: Not usable outside of PowerShell
[0.567s] DEBUG:colcon.colcon_core.shell:Skip shell extension 'dsv' for command environment
[0.583s] DEBUG:colcon.colcon_core.event_handler.log_command:Invoking command in '/home/rahul/ros2_ws/build/robotic_arm_interfaces': CMAKE_PREFIX_PATH=${CMAKE_PREFIX_PATH}:/home/rahul/ros2_ws/install/ps4_servo_control:/home/rahul/ros2_ws/install/robotic_control:/home/rahul/ros2_ws/install/robot_arm_control:/opt/ros/humble /usr/bin/cmake --build /home/rahul/ros2_ws/build/robotic_arm_interfaces -- -j4 -l4
[1.337s] DEBUG:colcon.colcon_core.event_handler.log_command:Invoked command in '/home/rahul/ros2_ws/build/robotic_arm_interfaces' returned '0': CMAKE_PREFIX_PATH=${CMAKE_PREFIX_PATH}:/home/rahul/ros2_ws/install/ps4_servo_control:/home/rahul/ros2_ws/install/robotic_control:/home/rahul/ros2_ws/install/robot_arm_control:/opt/ros/humble /usr/bin/cmake --build /home/rahul/ros2_ws/build/robotic_arm_interfaces -- -j4 -l4
[1.353s] DEBUG:colcon.colcon_core.event_handler.log_command:Invoking command in '/home/rahul/ros2_ws/build/robotic_arm_interfaces': CMAKE_PREFIX_PATH=${CMAKE_PREFIX_PATH}:/home/rahul/ros2_ws/install/ps4_servo_control:/home/rahul/ros2_ws/install/robotic_control:/home/rahul/ros2_ws/install/robot_arm_control:/opt/ros/humble /usr/bin/cmake --install /home/rahul/ros2_ws/build/robotic_arm_interfaces
[1.453s] Level 1:colcon.colcon_core.environment:create_environment_scripts_only(robotic_arm_interfaces)
[1.454s] DEBUG:colcon.colcon_core.event_handler.log_command:Invoked command in '/home/rahul/ros2_ws/build/robotic_arm_interfaces' returned '0': CMAKE_PREFIX_PATH=${CMAKE_PREFIX_PATH}:/home/rahul/ros2_ws/install/ps4_servo_control:/home/rahul/ros2_ws/install/robotic_control:/home/rahul/ros2_ws/install/robot_arm_control:/opt/ros/humble /usr/bin/cmake --install /home/rahul/ros2_ws/build/robotic_arm_interfaces
[1.458s] Level 1:colcon.colcon_core.environment:checking '/home/rahul/ros2_ws/install/robotic_arm_interfaces' for CMake module files
[1.459s] Level 1:colcon.colcon_core.environment:checking '/home/rahul/ros2_ws/install/robotic_arm_interfaces' for CMake config files
[1.459s] Level 1:colcon.colcon_core.shell:create_environment_hook('robotic_arm_interfaces', 'cmake_prefix_path')
[1.460s] INFO:colcon.colcon_core.shell:Creating environment hook '/home/rahul/ros2_ws/install/robotic_arm_interfaces/share/robotic_arm_interfaces/hook/cmake_prefix_path.ps1'
[1.461s] INFO:colcon.colcon_core.shell:Creating environment descriptor '/home/rahul/ros2_ws/install/robotic_arm_interfaces/share/robotic_arm_interfaces/hook/cmake_prefix_path.dsv'
[1.461s] INFO:colcon.colcon_core.shell:Creating environment hook '/home/rahul/ros2_ws/install/robotic_arm_interfaces/share/robotic_arm_interfaces/hook/cmake_prefix_path.sh'
[1.463s] Level 1:colcon.colcon_core.environment:checking '/home/rahul/ros2_ws/install/robotic_arm_interfaces/lib'
[1.463s] Level 1:colcon.colcon_core.shell:create_environment_hook('robotic_arm_interfaces', 'ld_library_path_lib')
[1.463s] INFO:colcon.colcon_core.shell:Creating environment hook '/home/rahul/ros2_ws/install/robotic_arm_interfaces/share/robotic_arm_interfaces/hook/ld_library_path_lib.ps1'
[1.464s] INFO:colcon.colcon_core.shell:Creating environment descriptor '/home/rahul/ros2_ws/install/robotic_arm_interfaces/share/robotic_arm_interfaces/hook/ld_library_path_lib.dsv'
[1.465s] INFO:colcon.colcon_core.shell:Creating environment hook '/home/rahul/ros2_ws/install/robotic_arm_interfaces/share/robotic_arm_interfaces/hook/ld_library_path_lib.sh'
[1.466s] Level 1:colcon.colcon_core.environment:checking '/home/rahul/ros2_ws/install/robotic_arm_interfaces/bin'
[1.466s] Level 1:colcon.colcon_core.environment:checking '/home/rahul/ros2_ws/install/robotic_arm_interfaces/lib/pkgconfig/robotic_arm_interfaces.pc'
[1.466s] Level 1:colcon.colcon_core.environment:checking '/home/rahul/ros2_ws/install/robotic_arm_interfaces/lib/python3.10/site-packages'
[1.467s] Level 1:colcon.colcon_core.environment:checking '/home/rahul/ros2_ws/install/robotic_arm_interfaces/bin'
[1.467s] INFO:colcon.colcon_core.shell:Creating package script '/home/rahul/ros2_ws/install/robotic_arm_interfaces/share/robotic_arm_interfaces/package.ps1'
[1.468s] INFO:colcon.colcon_core.shell:Creating package descriptor '/home/rahul/ros2_ws/install/robotic_arm_interfaces/share/robotic_arm_interfaces/package.dsv'
[1.470s] INFO:colcon.colcon_core.shell:Creating package script '/home/rahul/ros2_ws/install/robotic_arm_interfaces/share/robotic_arm_interfaces/package.sh'
[1.471s] INFO:colcon.colcon_core.shell:Creating package script '/home/rahul/ros2_ws/install/robotic_arm_interfaces/share/robotic_arm_interfaces/package.bash'
[1.472s] INFO:colcon.colcon_core.shell:Creating package script '/home/rahul/ros2_ws/install/robotic_arm_interfaces/share/robotic_arm_interfaces/package.zsh'
[1.473s] Level 1:colcon.colcon_core.environment:create_file_with_runtime_dependencies(/home/rahul/ros2_ws/install/robotic_arm_interfaces/share/colcon-core/packages/robotic_arm_interfaces)
[1.474s] Level 1:colcon.colcon_core.environment:create_environment_scripts_only(robotic_arm_interfaces)
[1.475s] Level 1:colcon.colcon_core.environment:checking '/home/rahul/ros2_ws/install/robotic_arm_interfaces' for CMake module files
[1.476s] Level 1:colcon.colcon_core.environment:checking '/home/rahul/ros2_ws/install/robotic_arm_interfaces' for CMake config files
[1.476s] Level 1:colcon.colcon_core.shell:create_environment_hook('robotic_arm_interfaces', 'cmake_prefix_path')
[1.477s] INFO:colcon.colcon_core.shell:Creating environment hook '/home/rahul/ros2_ws/install/robotic_arm_interfaces/share/robotic_arm_interfaces/hook/cmake_prefix_path.ps1'
[1.477s] INFO:colcon.colcon_core.shell:Creating environment descriptor '/home/rahul/ros2_ws/install/robotic_arm_interfaces/share/robotic_arm_interfaces/hook/cmake_prefix_path.dsv'
[1.478s] INFO:colcon.colcon_core.shell:Creating environment hook '/home/rahul/ros2_ws/install/robotic_arm_interfaces/share/robotic_arm_interfaces/hook/cmake_prefix_path.sh'
[1.479s] Level 1:colcon.colcon_core.environment:checking '/home/rahul/ros2_ws/install/robotic_arm_interfaces/lib'
[1.479s] Level 1:colcon.colcon_core.shell:create_environment_hook('robotic_arm_interfaces', 'ld_library_path_lib')
[1.479s] INFO:colcon.colcon_core.shell:Creating environment hook '/home/rahul/ros2_ws/install/robotic_arm_interfaces/share/robotic_arm_interfaces/hook/ld_library_path_lib.ps1'
[1.480s] INFO:colcon.colcon_core.shell:Creating environment descriptor '/home/rahul/ros2_ws/install/robotic_arm_interfaces/share/robotic_arm_interfaces/hook/ld_library_path_lib.dsv'
[1.481s] INFO:colcon.colcon_core.shell:Creating environment hook '/home/rahul/ros2_ws/install/robotic_arm_interfaces/share/robotic_arm_interfaces/hook/ld_library_path_lib.sh'
[1.481s] Level 1:colcon.colcon_core.environment:checking '/home/rahul/ros2_ws/install/robotic_arm_interfaces/bin'
[1.482s] Level 1:colcon.colcon_core.environment:checking '/home/rahul/ros2_ws/install/robotic_arm_interfaces/lib/pkgconfig/robotic_arm_interfaces.pc'
[1.482s] Level 1:colcon.colcon_core.environment:checking '/home/rahul/ros2_ws/install/robotic_arm_interfaces/lib/python3.10/site-packages'
[1.482s] Level 1:colcon.colcon_core.environment:checking '/home/rahul/ros2_ws/install/robotic_arm_interfaces/bin'
[1.483s] INFO:colcon.colcon_core.shell:Creating package script '/home/rahul/ros2_ws/install/robotic_arm_interfaces/share/robotic_arm_interfaces/package.ps1'
[1.484s] INFO:colcon.colcon_core.shell:Creating package descriptor '/home/rahul/ros2_ws/install/robotic_arm_interfaces/share/robotic_arm_interfaces/package.dsv'
[1.485s] INFO:colcon.colcon_core.shell:Creating package script '/home/rahul/ros2_ws/install/robotic_arm_interfaces/share/robotic_arm_interfaces/package.sh'
[1.486s] INFO:colcon.colcon_core.shell:Creating package script '/home/rahul/ros2_ws/install/robotic_arm_interfaces/share/robotic_arm_interfaces/package.bash'
[1.487s] INFO:colcon.colcon_core.shell:Creating package script '/home/rahul/ros2_ws/install/robotic_arm_interfaces/share/robotic_arm_interfaces/package.zsh'
[1.488s] Level 1:colcon.colcon_core.environment:create_file_with_runtime_dependencies(/home/rahul/ros2_ws/install/robotic_arm_interfaces/share/colcon-core/packages/robotic_arm_interfaces)
[1.489s] INFO:colcon.colcon_ros.task.ament_cmake.build:Building ROS package in '/home/rahul/ros2_ws/src/joy_to_arm_interface' with build type 'ament_cmake'
[1.489s] INFO:colcon.colcon_cmake.task.cmake.build:Building CMake package in '/home/rahul/ros2_ws/src/joy_to_arm_interface'
[1.490s] INFO:colcon.colcon_core.shell:Skip shell extension 'powershell' for command environment: Not usable outside of PowerShell
[1.490s] DEBUG:colcon.colcon_core.shell:Skip shell extension 'dsv' for command environment
[1.514s] DEBUG:colcon.colcon_core.event_handler.log_command:Invoking command in '/home/rahul/ros2_ws/build/joy_to_arm_interface': CMAKE_PREFIX_PATH=/home/rahul/ros2_ws/install/robotic_arm_interfaces:/home/rahul/ros2_ws/install/joy_to_arm_interface:/home/rahul/ros2_ws/src/install/robotic_arm_interfaces:/home/rahul/ros2_ws/install/motor_msgs:/home/rahul/ros2_ws/install/ps4_servo_control:/home/rahul/ros2_ws/install/robotic_control:/home/rahul/ros2_ws/install/robot_arm_control:/opt/ros/humble /usr/bin/cmake --build /home/rahul/ros2_ws/build/joy_to_arm_interface -- -j4 -l4
[9.510s] DEBUG:colcon.colcon_core.event_handler.log_command:Invoked command in '/home/rahul/ros2_ws/build/joy_to_arm_interface' returned '0': CMAKE_PREFIX_PATH=/home/rahul/ros2_ws/install/robotic_arm_interfaces:/home/rahul/ros2_ws/install/joy_to_arm_interface:/home/rahul/ros2_ws/src/install/robotic_arm_interfaces:/home/rahul/ros2_ws/install/motor_msgs:/home/rahul/ros2_ws/install/ps4_servo_control:/home/rahul/ros2_ws/install/robotic_control:/home/rahul/ros2_ws/install/robot_arm_control:/opt/ros/humble /usr/bin/cmake --build /home/rahul/ros2_ws/build/joy_to_arm_interface -- -j4 -l4
[9.513s] DEBUG:colcon.colcon_core.event_handler.log_command:Invoking command in '/home/rahul/ros2_ws/build/joy_to_arm_interface': CMAKE_PREFIX_PATH=/home/rahul/ros2_ws/install/robotic_arm_interfaces:/home/rahul/ros2_ws/install/joy_to_arm_interface:/home/rahul/ros2_ws/src/install/robotic_arm_interfaces:/home/rahul/ros2_ws/install/motor_msgs:/home/rahul/ros2_ws/install/ps4_servo_control:/home/rahul/ros2_ws/install/robotic_control:/home/rahul/ros2_ws/install/robot_arm_control:/opt/ros/humble /usr/bin/cmake --install /home/rahul/ros2_ws/build/joy_to_arm_interface
[9.539s] Level 1:colcon.colcon_core.environment:create_environment_scripts_only(joy_to_arm_interface)
[9.539s] Level 1:colcon.colcon_core.environment:checking '/home/rahul/ros2_ws/install/joy_to_arm_interface' for CMake module files
[9.540s] DEBUG:colcon.colcon_core.event_handler.log_command:Invoked command in '/home/rahul/ros2_ws/build/joy_to_arm_interface' returned '0': CMAKE_PREFIX_PATH=/home/rahul/ros2_ws/install/robotic_arm_interfaces:/home/rahul/ros2_ws/install/joy_to_arm_interface:/home/rahul/ros2_ws/src/install/robotic_arm_interfaces:/home/rahul/ros2_ws/install/motor_msgs:/home/rahul/ros2_ws/install/ps4_servo_control:/home/rahul/ros2_ws/install/robotic_control:/home/rahul/ros2_ws/install/robot_arm_control:/opt/ros/humble /usr/bin/cmake --install /home/rahul/ros2_ws/build/joy_to_arm_interface
[9.541s] Level 1:colcon.colcon_core.environment:checking '/home/rahul/ros2_ws/install/joy_to_arm_interface' for CMake config files
[9.541s] Level 1:colcon.colcon_core.shell:create_environment_hook('joy_to_arm_interface', 'cmake_prefix_path')
[9.542s] INFO:colcon.colcon_core.shell:Creating environment hook '/home/rahul/ros2_ws/install/joy_to_arm_interface/share/joy_to_arm_interface/hook/cmake_prefix_path.ps1'
[9.543s] INFO:colcon.colcon_core.shell:Creating environment descriptor '/home/rahul/ros2_ws/install/joy_to_arm_interface/share/joy_to_arm_interface/hook/cmake_prefix_path.dsv'
[9.543s] INFO:colcon.colcon_core.shell:Creating environment hook '/home/rahul/ros2_ws/install/joy_to_arm_interface/share/joy_to_arm_interface/hook/cmake_prefix_path.sh'
[9.544s] Level 1:colcon.colcon_core.environment:checking '/home/rahul/ros2_ws/install/joy_to_arm_interface/lib'
[9.545s] Level 1:colcon.colcon_core.environment:checking '/home/rahul/ros2_ws/install/joy_to_arm_interface/bin'
[9.545s] Level 1:colcon.colcon_core.environment:checking '/home/rahul/ros2_ws/install/joy_to_arm_interface/lib/pkgconfig/joy_to_arm_interface.pc'
[9.545s] Level 1:colcon.colcon_core.environment:checking '/home/rahul/ros2_ws/install/joy_to_arm_interface/lib/python3.10/site-packages'
[9.546s] Level 1:colcon.colcon_core.environment:checking '/home/rahul/ros2_ws/install/joy_to_arm_interface/bin'
[9.546s] INFO:colcon.colcon_core.shell:Creating package script '/home/rahul/ros2_ws/install/joy_to_arm_interface/share/joy_to_arm_interface/package.ps1'
[9.547s] INFO:colcon.colcon_core.shell:Creating package descriptor '/home/rahul/ros2_ws/install/joy_to_arm_interface/share/joy_to_arm_interface/package.dsv'
[9.548s] INFO:colcon.colcon_core.shell:Creating package script '/home/rahul/ros2_ws/install/joy_to_arm_interface/share/joy_to_arm_interface/package.sh'
[9.549s] INFO:colcon.colcon_core.shell:Creating package script '/home/rahul/ros2_ws/install/joy_to_arm_interface/share/joy_to_arm_interface/package.bash'
[9.549s] INFO:colcon.colcon_core.shell:Creating package script '/home/rahul/ros2_ws/install/joy_to_arm_interface/share/joy_to_arm_interface/package.zsh'
[9.550s] Level 1:colcon.colcon_core.environment:create_file_with_runtime_dependencies(/home/rahul/ros2_ws/install/joy_to_arm_interface/share/colcon-core/packages/joy_to_arm_interface)
[9.551s] Level 1:colcon.colcon_core.environment:create_environment_scripts_only(joy_to_arm_interface)
[9.552s] Level 1:colcon.colcon_core.environment:checking '/home/rahul/ros2_ws/install/joy_to_arm_interface' for CMake module files
[9.553s] Level 1:colcon.colcon_core.environment:checking '/home/rahul/ros2_ws/install/joy_to_arm_interface' for CMake config files
[9.553s] Level 1:colcon.colcon_core.shell:create_environment_hook('joy_to_arm_interface', 'cmake_prefix_path')
[9.553s] INFO:colcon.colcon_core.shell:Creating environment hook '/home/rahul/ros2_ws/install/joy_to_arm_interface/share/joy_to_arm_interface/hook/cmake_prefix_path.ps1'
[9.554s] INFO:colcon.colcon_core.shell:Creating environment descriptor '/home/rahul/ros2_ws/install/joy_to_arm_interface/share/joy_to_arm_interface/hook/cmake_prefix_path.dsv'
[9.555s] INFO:colcon.colcon_core.shell:Creating environment hook '/home/rahul/ros2_ws/install/joy_to_arm_interface/share/joy_to_arm_interface/hook/cmake_prefix_path.sh'
[9.556s] Level 1:colcon.colcon_core.environment:checking '/home/rahul/ros2_ws/install/joy_to_arm_interface/lib'
[9.556s] Level 1:colcon.colcon_core.environment:checking '/home/rahul/ros2_ws/install/joy_to_arm_interface/bin'
[9.556s] Level 1:colcon.colcon_core.environment:checking '/home/rahul/ros2_ws/install/joy_to_arm_interface/lib/pkgconfig/joy_to_arm_interface.pc'
[9.557s] Level 1:colcon.colcon_core.environment:checking '/home/rahul/ros2_ws/install/joy_to_arm_interface/lib/python3.10/site-packages'
[9.557s] Level 1:colcon.colcon_core.environment:checking '/home/rahul/ros2_ws/install/joy_to_arm_interface/bin'
[9.558s] INFO:colcon.colcon_core.shell:Creating package script '/home/rahul/ros2_ws/install/joy_to_arm_interface/share/joy_to_arm_interface/package.ps1'
[9.559s] INFO:colcon.colcon_core.shell:Creating package descriptor '/home/rahul/ros2_ws/install/joy_to_arm_interface/share/joy_to_arm_interface/package.dsv'
[9.560s] INFO:colcon.colcon_core.shell:Creating package script '/home/rahul/ros2_ws/install/joy_to_arm_interface/share/joy_to_arm_interface/package.sh'
[9.561s] INFO:colcon.colcon_core.shell:Creating package script '/home/rahul/ros2_ws/install/joy_to_arm_interface/share/joy_to_arm_interface/package.bash'
[9.561s] INFO:colcon.colcon_core.shell:Creating package script '/home/rahul/ros2_ws/install/joy_to_arm_interface/share/joy_to_arm_interface/package.zsh'
[9.562s] Level 1:colcon.colcon_core.environment:create_file_with_runtime_dependencies(/home/rahul/ros2_ws/install/joy_to_arm_interface/share/colcon-core/packages/joy_to_arm_interface)
[9.563s] DEBUG:colcon.colcon_parallel_executor.executor.parallel:closing loop
[9.563s] DEBUG:colcon.colcon_parallel_executor.executor.parallel:loop closed
[9.564s] DEBUG:colcon.colcon_parallel_executor.executor.parallel:run_until_complete finished with '0'
[9.564s] DEBUG:colcon.colcon_core.event_reactor:joining thread
[9.573s] INFO:colcon.colcon_core.plugin_system:Skipping extension 'colcon_notification.desktop_notification.terminal_notifier': Not used on non-Darwin systems
[9.573s] INFO:colcon.colcon_core.plugin_system:Skipping extension 'colcon_notification.desktop_notification.win32': Not used on non-Windows systems
[9.573s] INFO:colcon.colcon_notification.desktop_notification:Sending desktop notification using 'notify2'
[9.593s] DEBUG:colcon.colcon_core.event_reactor:joined thread
[9.593s] INFO:colcon.colcon_core.shell:Creating prefix script '/home/rahul/ros2_ws/install/local_setup.ps1'
[9.595s] INFO:colcon.colcon_core.shell:Creating prefix util module '/home/rahul/ros2_ws/install/_local_setup_util_ps1.py'
[9.598s] INFO:colcon.colcon_core.shell:Creating prefix chain script '/home/rahul/ros2_ws/install/setup.ps1'
[9.601s] INFO:colcon.colcon_core.shell:Creating prefix script '/home/rahul/ros2_ws/install/local_setup.sh'
[9.603s] INFO:colcon.colcon_core.shell:Creating prefix util module '/home/rahul/ros2_ws/install/_local_setup_util_sh.py'
[9.605s] INFO:colcon.colcon_core.shell:Creating prefix chain script '/home/rahul/ros2_ws/install/setup.sh'
[9.607s] INFO:colcon.colcon_core.shell:Creating prefix script '/home/rahul/ros2_ws/install/local_setup.bash'
[9.608s] INFO:colcon.colcon_core.shell:Creating prefix chain script '/home/rahul/ros2_ws/install/setup.bash'
[9.609s] INFO:colcon.colcon_core.shell:Creating prefix script '/home/rahul/ros2_ws/install/local_setup.zsh'
[9.610s] INFO:colcon.colcon_core.shell:Creating prefix chain script '/home/rahul/ros2_ws/install/setup.zsh'
