[0.030s] Invoking command in '/home/rahul/ros2_ws/build/robotic_arm_interfaces': CMAKE_PREFIX_PATH=${CMAKE_PREFIX_PATH}:/home/rahul/ros2_ws/install/ps4_servo_control:/opt/ros/humble /usr/bin/cmake --build /home/rahul/ros2_ws/build/robotic_arm_interfaces -- -j4 -l4
[0.229s] [  3%] Built target robotic_arm_interfaces__cpp
[0.231s] [ 12%] Built target robotic_arm_interfaces__rosidl_generator_c
[0.319s] [ 12%] Built target ament_cmake_python_copy_robotic_arm_interfaces
[0.319s] [ 22%] Built target robotic_arm_interfaces__rosidl_typesupport_fastrtps_cpp
[0.339s] [ 32%] Built target robotic_arm_interfaces__rosidl_typesupport_introspection_cpp
[0.340s] [ 41%] Built target robotic_arm_interfaces__rosidl_typesupport_cpp
[0.521s] [ 51%] Built target robotic_arm_interfaces__rosidl_typesupport_fastrtps_c
[0.529s] [ 61%] Built target robotic_arm_interfaces__rosidl_typesupport_introspection_c
[0.580s] [ 70%] Built target robotic_arm_interfaces__rosidl_typesupport_c
[0.997s] [ 70%] Built target robotic_arm_interfaces
[1.061s] [ 74%] Built target robotic_arm_interfaces__py
[1.172s] [ 80%] Built target robotic_arm_interfaces__rosidl_generator_py
[1.285s] [ 87%] Built target robotic_arm_interfaces__rosidl_typesupport_fastrtps_c__pyext
[1.301s] [ 93%] Built target robotic_arm_interfaces__rosidl_typesupport_c__pyext
[1.302s] [100%] Built target robotic_arm_interfaces__rosidl_typesupport_introspection_c__pyext
[1.315s] running egg_info
[1.317s] writing robotic_arm_interfaces.egg-info/PKG-INFO
[1.437s] writing dependency_links to robotic_arm_interfaces.egg-info/dependency_links.txt
[1.450s] writing top-level names to robotic_arm_interfaces.egg-info/top_level.txt
[1.624s] reading manifest file 'robotic_arm_interfaces.egg-info/SOURCES.txt'
[1.662s] writing manifest file 'robotic_arm_interfaces.egg-info/SOURCES.txt'
[1.750s] [100%] Built target ament_cmake_python_build_robotic_arm_interfaces_egg
[1.776s] Invoked command in '/home/rahul/ros2_ws/build/robotic_arm_interfaces' returned '0': CMAKE_PREFIX_PATH=${CMAKE_PREFIX_PATH}:/home/rahul/ros2_ws/install/ps4_servo_control:/opt/ros/humble /usr/bin/cmake --build /home/rahul/ros2_ws/build/robotic_arm_interfaces -- -j4 -l4
[1.806s] Invoking command in '/home/rahul/ros2_ws/build/robotic_arm_interfaces': CMAKE_PREFIX_PATH=${CMAKE_PREFIX_PATH}:/home/rahul/ros2_ws/install/ps4_servo_control:/opt/ros/humble /usr/bin/cmake --install /home/rahul/ros2_ws/build/robotic_arm_interfaces
[1.848s] -- Install configuration: ""
[1.853s] -- Up-to-date: /home/rahul/ros2_ws/install/robotic_arm_interfaces/share/ament_index/resource_index/rosidl_interfaces/robotic_arm_interfaces
[1.853s] -- Up-to-date: /home/rahul/ros2_ws/install/robotic_arm_interfaces/include/robotic_arm_interfaces/robotic_arm_interfaces
[1.861s] -- Up-to-date: /home/rahul/ros2_ws/install/robotic_arm_interfaces/include/robotic_arm_interfaces/robotic_arm_interfaces/msg
[1.861s] -- Up-to-date: /home/rahul/ros2_ws/install/robotic_arm_interfaces/include/robotic_arm_interfaces/robotic_arm_interfaces/msg/position_robotic_arm.h
[1.865s] -- Up-to-date: /home/rahul/ros2_ws/install/robotic_arm_interfaces/include/robotic_arm_interfaces/robotic_arm_interfaces/msg/rosidl_generator_c__visibility_control.h
[1.866s] -- Up-to-date: /home/rahul/ros2_ws/install/robotic_arm_interfaces/include/robotic_arm_interfaces/robotic_arm_interfaces/msg/detail
[1.874s] -- Up-to-date: /home/rahul/ros2_ws/install/robotic_arm_interfaces/include/robotic_arm_interfaces/robotic_arm_interfaces/msg/detail/position_robotic_arm__functions.h
[1.874s] -- Up-to-date: /home/rahul/ros2_ws/install/robotic_arm_interfaces/include/robotic_arm_interfaces/robotic_arm_interfaces/msg/detail/position_robotic_arm__type_support.h
[1.874s] -- Up-to-date: /home/rahul/ros2_ws/install/robotic_arm_interfaces/include/robotic_arm_interfaces/robotic_arm_interfaces/msg/detail/position_robotic_arm__functions.c
[1.875s] -- Up-to-date: /home/rahul/ros2_ws/install/robotic_arm_interfaces/include/robotic_arm_interfaces/robotic_arm_interfaces/msg/detail/position_robotic_arm__struct.h
[1.875s] -- Up-to-date: /home/rahul/ros2_ws/install/robotic_arm_interfaces/share/robotic_arm_interfaces/environment/library_path.sh
[1.875s] -- Up-to-date: /home/rahul/ros2_ws/install/robotic_arm_interfaces/share/robotic_arm_interfaces/environment/library_path.dsv
[1.887s] -- Up-to-date: /home/rahul/ros2_ws/install/robotic_arm_interfaces/lib/librobotic_arm_interfaces__rosidl_generator_c.so
[1.887s] -- Up-to-date: /home/rahul/ros2_ws/install/robotic_arm_interfaces/include/robotic_arm_interfaces/robotic_arm_interfaces
[1.893s] -- Up-to-date: /home/rahul/ros2_ws/install/robotic_arm_interfaces/include/robotic_arm_interfaces/robotic_arm_interfaces/msg
[1.893s] -- Up-to-date: /home/rahul/ros2_ws/install/robotic_arm_interfaces/include/robotic_arm_interfaces/robotic_arm_interfaces/msg/detail
[1.896s] -- Up-to-date: /home/rahul/ros2_ws/install/robotic_arm_interfaces/include/robotic_arm_interfaces/robotic_arm_interfaces/msg/detail/position_robotic_arm__rosidl_typesupport_fastrtps_c.h
[1.896s] -- Up-to-date: /home/rahul/ros2_ws/install/robotic_arm_interfaces/include/robotic_arm_interfaces/robotic_arm_interfaces/msg/rosidl_typesupport_fastrtps_c__visibility_control.h
[1.905s] -- Up-to-date: /home/rahul/ros2_ws/install/robotic_arm_interfaces/lib/librobotic_arm_interfaces__rosidl_typesupport_fastrtps_c.so
[1.906s] -- Up-to-date: /home/rahul/ros2_ws/install/robotic_arm_interfaces/include/robotic_arm_interfaces/robotic_arm_interfaces
[1.910s] -- Up-to-date: /home/rahul/ros2_ws/install/robotic_arm_interfaces/include/robotic_arm_interfaces/robotic_arm_interfaces/msg
[1.910s] -- Up-to-date: /home/rahul/ros2_ws/install/robotic_arm_interfaces/include/robotic_arm_interfaces/robotic_arm_interfaces/msg/detail
[1.914s] -- Up-to-date: /home/rahul/ros2_ws/install/robotic_arm_interfaces/include/robotic_arm_interfaces/robotic_arm_interfaces/msg/detail/position_robotic_arm__type_support.c
[1.914s] -- Up-to-date: /home/rahul/ros2_ws/install/robotic_arm_interfaces/include/robotic_arm_interfaces/robotic_arm_interfaces/msg/detail/position_robotic_arm__rosidl_typesupport_introspection_c.h
[1.914s] -- Up-to-date: /home/rahul/ros2_ws/install/robotic_arm_interfaces/include/robotic_arm_interfaces/robotic_arm_interfaces/msg/rosidl_typesupport_introspection_c__visibility_control.h
[1.923s] -- Up-to-date: /home/rahul/ros2_ws/install/robotic_arm_interfaces/lib/librobotic_arm_interfaces__rosidl_typesupport_introspection_c.so
[1.927s] -- Up-to-date: /home/rahul/ros2_ws/install/robotic_arm_interfaces/lib/librobotic_arm_interfaces__rosidl_typesupport_c.so
[1.927s] -- Up-to-date: /home/rahul/ros2_ws/install/robotic_arm_interfaces/include/robotic_arm_interfaces/robotic_arm_interfaces
[1.933s] -- Up-to-date: /home/rahul/ros2_ws/install/robotic_arm_interfaces/include/robotic_arm_interfaces/robotic_arm_interfaces/msg
[1.941s] -- Up-to-date: /home/rahul/ros2_ws/install/robotic_arm_interfaces/include/robotic_arm_interfaces/robotic_arm_interfaces/msg/rosidl_generator_cpp__visibility_control.hpp
[1.941s] -- Up-to-date: /home/rahul/ros2_ws/install/robotic_arm_interfaces/include/robotic_arm_interfaces/robotic_arm_interfaces/msg/detail
[1.947s] -- Up-to-date: /home/rahul/ros2_ws/install/robotic_arm_interfaces/include/robotic_arm_interfaces/robotic_arm_interfaces/msg/detail/position_robotic_arm__builder.hpp
[1.947s] -- Up-to-date: /home/rahul/ros2_ws/install/robotic_arm_interfaces/include/robotic_arm_interfaces/robotic_arm_interfaces/msg/detail/position_robotic_arm__type_support.hpp
[1.948s] -- Up-to-date: /home/rahul/ros2_ws/install/robotic_arm_interfaces/include/robotic_arm_interfaces/robotic_arm_interfaces/msg/detail/position_robotic_arm__struct.hpp
[1.949s] -- Up-to-date: /home/rahul/ros2_ws/install/robotic_arm_interfaces/include/robotic_arm_interfaces/robotic_arm_interfaces/msg/detail/position_robotic_arm__traits.hpp
[1.949s] -- Up-to-date: /home/rahul/ros2_ws/install/robotic_arm_interfaces/include/robotic_arm_interfaces/robotic_arm_interfaces/msg/position_robotic_arm.hpp
[1.950s] -- Up-to-date: /home/rahul/ros2_ws/install/robotic_arm_interfaces/include/robotic_arm_interfaces/robotic_arm_interfaces
[1.952s] -- Up-to-date: /home/rahul/ros2_ws/install/robotic_arm_interfaces/include/robotic_arm_interfaces/robotic_arm_interfaces/msg
[1.958s] -- Up-to-date: /home/rahul/ros2_ws/install/robotic_arm_interfaces/include/robotic_arm_interfaces/robotic_arm_interfaces/msg/detail
[1.961s] -- Up-to-date: /home/rahul/ros2_ws/install/robotic_arm_interfaces/include/robotic_arm_interfaces/robotic_arm_interfaces/msg/detail/position_robotic_arm__rosidl_typesupport_fastrtps_cpp.hpp
[1.961s] -- Up-to-date: /home/rahul/ros2_ws/install/robotic_arm_interfaces/include/robotic_arm_interfaces/robotic_arm_interfaces/msg/detail/dds_fastrtps
[1.966s] -- Up-to-date: /home/rahul/ros2_ws/install/robotic_arm_interfaces/include/robotic_arm_interfaces/robotic_arm_interfaces/msg/rosidl_typesupport_fastrtps_cpp__visibility_control.h
[1.979s] -- Up-to-date: /home/rahul/ros2_ws/install/robotic_arm_interfaces/lib/librobotic_arm_interfaces__rosidl_typesupport_fastrtps_cpp.so
[1.980s] -- Up-to-date: /home/rahul/ros2_ws/install/robotic_arm_interfaces/include/robotic_arm_interfaces/robotic_arm_interfaces
[1.986s] -- Up-to-date: /home/rahul/ros2_ws/install/robotic_arm_interfaces/include/robotic_arm_interfaces/robotic_arm_interfaces/msg
[1.989s] -- Up-to-date: /home/rahul/ros2_ws/install/robotic_arm_interfaces/include/robotic_arm_interfaces/robotic_arm_interfaces/msg/detail
[1.993s] -- Up-to-date: /home/rahul/ros2_ws/install/robotic_arm_interfaces/include/robotic_arm_interfaces/robotic_arm_interfaces/msg/detail/position_robotic_arm__type_support.cpp
[1.993s] -- Up-to-date: /home/rahul/ros2_ws/install/robotic_arm_interfaces/include/robotic_arm_interfaces/robotic_arm_interfaces/msg/detail/position_robotic_arm__rosidl_typesupport_introspection_cpp.hpp
[2.001s] -- Up-to-date: /home/rahul/ros2_ws/install/robotic_arm_interfaces/lib/librobotic_arm_interfaces__rosidl_typesupport_introspection_cpp.so
[2.015s] -- Up-to-date: /home/rahul/ros2_ws/install/robotic_arm_interfaces/lib/librobotic_arm_interfaces__rosidl_typesupport_cpp.so
[2.016s] -- Up-to-date: /home/rahul/ros2_ws/install/robotic_arm_interfaces/share/robotic_arm_interfaces/environment/pythonpath.sh
[2.016s] -- Up-to-date: /home/rahul/ros2_ws/install/robotic_arm_interfaces/share/robotic_arm_interfaces/environment/pythonpath.dsv
[2.017s] -- Up-to-date: /home/rahul/ros2_ws/install/robotic_arm_interfaces/local/lib/python3.10/dist-packages/robotic_arm_interfaces-0.0.0-py3.10.egg-info
[2.017s] -- Installing: /home/rahul/ros2_ws/install/robotic_arm_interfaces/local/lib/python3.10/dist-packages/robotic_arm_interfaces-0.0.0-py3.10.egg-info/dependency_links.txt
[2.017s] -- Installing: /home/rahul/ros2_ws/install/robotic_arm_interfaces/local/lib/python3.10/dist-packages/robotic_arm_interfaces-0.0.0-py3.10.egg-info/SOURCES.txt
[2.018s] -- Installing: /home/rahul/ros2_ws/install/robotic_arm_interfaces/local/lib/python3.10/dist-packages/robotic_arm_interfaces-0.0.0-py3.10.egg-info/top_level.txt
[2.018s] -- Installing: /home/rahul/ros2_ws/install/robotic_arm_interfaces/local/lib/python3.10/dist-packages/robotic_arm_interfaces-0.0.0-py3.10.egg-info/PKG-INFO
[2.018s] -- Up-to-date: /home/rahul/ros2_ws/install/robotic_arm_interfaces/local/lib/python3.10/dist-packages/robotic_arm_interfaces
[2.018s] -- Up-to-date: /home/rahul/ros2_ws/install/robotic_arm_interfaces/local/lib/python3.10/dist-packages/robotic_arm_interfaces/_robotic_arm_interfaces_s.ep.rosidl_typesupport_c.c
[2.019s] -- Up-to-date: /home/rahul/ros2_ws/install/robotic_arm_interfaces/local/lib/python3.10/dist-packages/robotic_arm_interfaces/msg
[2.019s] -- Up-to-date: /home/rahul/ros2_ws/install/robotic_arm_interfaces/local/lib/python3.10/dist-packages/robotic_arm_interfaces/msg/_position_robotic_arm_s.c
[2.019s] -- Up-to-date: /home/rahul/ros2_ws/install/robotic_arm_interfaces/local/lib/python3.10/dist-packages/robotic_arm_interfaces/msg/_position_robotic_arm.py
[2.019s] -- Up-to-date: /home/rahul/ros2_ws/install/robotic_arm_interfaces/local/lib/python3.10/dist-packages/robotic_arm_interfaces/msg/__init__.py
[2.019s] -- Up-to-date: /home/rahul/ros2_ws/install/robotic_arm_interfaces/local/lib/python3.10/dist-packages/robotic_arm_interfaces/librobotic_arm_interfaces__rosidl_generator_py.so
[2.019s] -- Up-to-date: /home/rahul/ros2_ws/install/robotic_arm_interfaces/local/lib/python3.10/dist-packages/robotic_arm_interfaces/_robotic_arm_interfaces_s.ep.rosidl_typesupport_fastrtps_c.c
[2.020s] -- Up-to-date: /home/rahul/ros2_ws/install/robotic_arm_interfaces/local/lib/python3.10/dist-packages/robotic_arm_interfaces/robotic_arm_interfaces_s__rosidl_typesupport_fastrtps_c.cpython-310-x86_64-linux-gnu.so
[2.020s] -- Up-to-date: /home/rahul/ros2_ws/install/robotic_arm_interfaces/local/lib/python3.10/dist-packages/robotic_arm_interfaces/_robotic_arm_interfaces_s.ep.rosidl_typesupport_introspection_c.c
[2.020s] -- Up-to-date: /home/rahul/ros2_ws/install/robotic_arm_interfaces/local/lib/python3.10/dist-packages/robotic_arm_interfaces/robotic_arm_interfaces_s__rosidl_typesupport_c.cpython-310-x86_64-linux-gnu.so
[2.020s] -- Up-to-date: /home/rahul/ros2_ws/install/robotic_arm_interfaces/local/lib/python3.10/dist-packages/robotic_arm_interfaces/__init__.py
[2.020s] -- Up-to-date: /home/rahul/ros2_ws/install/robotic_arm_interfaces/local/lib/python3.10/dist-packages/robotic_arm_interfaces/robotic_arm_interfaces_s__rosidl_typesupport_introspection_c.cpython-310-x86_64-linux-gnu.so
[2.469s] Listing '/home/rahul/ros2_ws/install/robotic_arm_interfaces/local/lib/python3.10/dist-packages/robotic_arm_interfaces'...
[2.470s] Listing '/home/rahul/ros2_ws/install/robotic_arm_interfaces/local/lib/python3.10/dist-packages/robotic_arm_interfaces/msg'...
[2.506s] -- Up-to-date: /home/rahul/ros2_ws/install/robotic_arm_interfaces/local/lib/python3.10/dist-packages/robotic_arm_interfaces/robotic_arm_interfaces_s__rosidl_typesupport_fastrtps_c.cpython-310-x86_64-linux-gnu.so
[2.522s] -- Up-to-date: /home/rahul/ros2_ws/install/robotic_arm_interfaces/local/lib/python3.10/dist-packages/robotic_arm_interfaces/robotic_arm_interfaces_s__rosidl_typesupport_introspection_c.cpython-310-x86_64-linux-gnu.so
[2.539s] -- Up-to-date: /home/rahul/ros2_ws/install/robotic_arm_interfaces/local/lib/python3.10/dist-packages/robotic_arm_interfaces/robotic_arm_interfaces_s__rosidl_typesupport_c.cpython-310-x86_64-linux-gnu.so
[2.552s] -- Up-to-date: /home/rahul/ros2_ws/install/robotic_arm_interfaces/lib/librobotic_arm_interfaces__rosidl_generator_py.so
[2.553s] -- Up-to-date: /home/rahul/ros2_ws/install/robotic_arm_interfaces/share/robotic_arm_interfaces/msg/PositionRoboticArm.idl
[2.554s] -- Up-to-date: /home/rahul/ros2_ws/install/robotic_arm_interfaces/share/robotic_arm_interfaces/msg/PositionRoboticArm.msg
[2.554s] -- Up-to-date: /home/rahul/ros2_ws/install/robotic_arm_interfaces/share/ament_index/resource_index/package_run_dependencies/robotic_arm_interfaces
[2.555s] -- Up-to-date: /home/rahul/ros2_ws/install/robotic_arm_interfaces/share/ament_index/resource_index/parent_prefix_path/robotic_arm_interfaces
[2.555s] -- Up-to-date: /home/rahul/ros2_ws/install/robotic_arm_interfaces/share/robotic_arm_interfaces/environment/ament_prefix_path.sh
[2.556s] -- Up-to-date: /home/rahul/ros2_ws/install/robotic_arm_interfaces/share/robotic_arm_interfaces/environment/ament_prefix_path.dsv
[2.556s] -- Up-to-date: /home/rahul/ros2_ws/install/robotic_arm_interfaces/share/robotic_arm_interfaces/environment/path.sh
[2.556s] -- Up-to-date: /home/rahul/ros2_ws/install/robotic_arm_interfaces/share/robotic_arm_interfaces/environment/path.dsv
[2.556s] -- Up-to-date: /home/rahul/ros2_ws/install/robotic_arm_interfaces/share/robotic_arm_interfaces/local_setup.bash
[2.556s] -- Up-to-date: /home/rahul/ros2_ws/install/robotic_arm_interfaces/share/robotic_arm_interfaces/local_setup.sh
[2.556s] -- Up-to-date: /home/rahul/ros2_ws/install/robotic_arm_interfaces/share/robotic_arm_interfaces/local_setup.zsh
[2.556s] -- Up-to-date: /home/rahul/ros2_ws/install/robotic_arm_interfaces/share/robotic_arm_interfaces/local_setup.dsv
[2.557s] -- Installing: /home/rahul/ros2_ws/install/robotic_arm_interfaces/share/robotic_arm_interfaces/package.dsv
[2.567s] -- Up-to-date: /home/rahul/ros2_ws/install/robotic_arm_interfaces/share/ament_index/resource_index/packages/robotic_arm_interfaces
[2.573s] -- Up-to-date: /home/rahul/ros2_ws/install/robotic_arm_interfaces/share/robotic_arm_interfaces/cmake/export_robotic_arm_interfaces__rosidl_generator_cExport.cmake
[2.573s] -- Up-to-date: /home/rahul/ros2_ws/install/robotic_arm_interfaces/share/robotic_arm_interfaces/cmake/export_robotic_arm_interfaces__rosidl_generator_cExport-noconfig.cmake
[2.588s] -- Up-to-date: /home/rahul/ros2_ws/install/robotic_arm_interfaces/share/robotic_arm_interfaces/cmake/export_robotic_arm_interfaces__rosidl_typesupport_fastrtps_cExport.cmake
[2.588s] -- Up-to-date: /home/rahul/ros2_ws/install/robotic_arm_interfaces/share/robotic_arm_interfaces/cmake/export_robotic_arm_interfaces__rosidl_typesupport_fastrtps_cExport-noconfig.cmake
[2.589s] -- Up-to-date: /home/rahul/ros2_ws/install/robotic_arm_interfaces/share/robotic_arm_interfaces/cmake/robotic_arm_interfaces__rosidl_typesupport_introspection_cExport.cmake
[2.589s] -- Up-to-date: /home/rahul/ros2_ws/install/robotic_arm_interfaces/share/robotic_arm_interfaces/cmake/robotic_arm_interfaces__rosidl_typesupport_introspection_cExport-noconfig.cmake
[2.590s] -- Up-to-date: /home/rahul/ros2_ws/install/robotic_arm_interfaces/share/robotic_arm_interfaces/cmake/robotic_arm_interfaces__rosidl_typesupport_cExport.cmake
[2.590s] -- Up-to-date: /home/rahul/ros2_ws/install/robotic_arm_interfaces/share/robotic_arm_interfaces/cmake/robotic_arm_interfaces__rosidl_typesupport_cExport-noconfig.cmake
[2.591s] -- Up-to-date: /home/rahul/ros2_ws/install/robotic_arm_interfaces/share/robotic_arm_interfaces/cmake/export_robotic_arm_interfaces__rosidl_generator_cppExport.cmake
[2.592s] -- Up-to-date: /home/rahul/ros2_ws/install/robotic_arm_interfaces/share/robotic_arm_interfaces/cmake/export_robotic_arm_interfaces__rosidl_typesupport_fastrtps_cppExport.cmake
[2.593s] -- Up-to-date: /home/rahul/ros2_ws/install/robotic_arm_interfaces/share/robotic_arm_interfaces/cmake/export_robotic_arm_interfaces__rosidl_typesupport_fastrtps_cppExport-noconfig.cmake
[2.595s] -- Up-to-date: /home/rahul/ros2_ws/install/robotic_arm_interfaces/share/robotic_arm_interfaces/cmake/robotic_arm_interfaces__rosidl_typesupport_introspection_cppExport.cmake
[2.597s] -- Up-to-date: /home/rahul/ros2_ws/install/robotic_arm_interfaces/share/robotic_arm_interfaces/cmake/robotic_arm_interfaces__rosidl_typesupport_introspection_cppExport-noconfig.cmake
[2.599s] -- Up-to-date: /home/rahul/ros2_ws/install/robotic_arm_interfaces/share/robotic_arm_interfaces/cmake/robotic_arm_interfaces__rosidl_typesupport_cppExport.cmake
[2.600s] -- Up-to-date: /home/rahul/ros2_ws/install/robotic_arm_interfaces/share/robotic_arm_interfaces/cmake/robotic_arm_interfaces__rosidl_typesupport_cppExport-noconfig.cmake
[2.600s] -- Up-to-date: /home/rahul/ros2_ws/install/robotic_arm_interfaces/share/robotic_arm_interfaces/cmake/export_robotic_arm_interfaces__rosidl_generator_pyExport.cmake
[2.600s] -- Up-to-date: /home/rahul/ros2_ws/install/robotic_arm_interfaces/share/robotic_arm_interfaces/cmake/export_robotic_arm_interfaces__rosidl_generator_pyExport-noconfig.cmake
[2.600s] -- Up-to-date: /home/rahul/ros2_ws/install/robotic_arm_interfaces/share/robotic_arm_interfaces/cmake/rosidl_cmake-extras.cmake
[2.600s] -- Up-to-date: /home/rahul/ros2_ws/install/robotic_arm_interfaces/share/robotic_arm_interfaces/cmake/ament_cmake_export_include_directories-extras.cmake
[2.601s] -- Up-to-date: /home/rahul/ros2_ws/install/robotic_arm_interfaces/share/robotic_arm_interfaces/cmake/ament_cmake_export_libraries-extras.cmake
[2.602s] -- Up-to-date: /home/rahul/ros2_ws/install/robotic_arm_interfaces/share/robotic_arm_interfaces/cmake/ament_cmake_export_targets-extras.cmake
[2.604s] -- Up-to-date: /home/rahul/ros2_ws/install/robotic_arm_interfaces/share/robotic_arm_interfaces/cmake/rosidl_cmake_export_typesupport_targets-extras.cmake
[2.604s] -- Up-to-date: /home/rahul/ros2_ws/install/robotic_arm_interfaces/share/robotic_arm_interfaces/cmake/ament_cmake_export_dependencies-extras.cmake
[2.604s] -- Up-to-date: /home/rahul/ros2_ws/install/robotic_arm_interfaces/share/robotic_arm_interfaces/cmake/rosidl_cmake_export_typesupport_libraries-extras.cmake
[2.604s] -- Up-to-date: /home/rahul/ros2_ws/install/robotic_arm_interfaces/share/robotic_arm_interfaces/cmake/robotic_arm_interfacesConfig.cmake
[2.605s] -- Up-to-date: /home/rahul/ros2_ws/install/robotic_arm_interfaces/share/robotic_arm_interfaces/cmake/robotic_arm_interfacesConfig-version.cmake
[2.605s] -- Up-to-date: /home/rahul/ros2_ws/install/robotic_arm_interfaces/share/robotic_arm_interfaces/package.xml
[2.611s] Invoked command in '/home/rahul/ros2_ws/build/robotic_arm_interfaces' returned '0': CMAKE_PREFIX_PATH=${CMAKE_PREFIX_PATH}:/home/rahul/ros2_ws/install/ps4_servo_control:/opt/ros/humble /usr/bin/cmake --install /home/rahul/ros2_ws/build/robotic_arm_interfaces
